[ 2017-05-31T08:36:19+08:00 ] 127.0.0.1 /index.php?g=&m=AdminPost&a=add_post
INFO: [ app_begin ] --START--
INFO: Run Behavior\ReadHtmlCacheBehavior [ RunTime:0.001000s ]
INFO: Run Behavior\CheckLangBehavior [ RunTime:0.002000s ]
INFO: Run Common\Behavior\UrldecodeGetBehavior [ RunTime:0.001000s ]
INFO: [ app_begin ] --END-- [ RunTime:0.004000s ]
INFO: [ admin_begin ] --START--
INFO: Run Common\Behavior\AdminDefaultLangBehavior [ RunTime:0.002000s ]
INFO: [ admin_begin ] --END-- [ RunTime:0.002000s ]
SQL: SHOW COLUMNS FROM `ys_users` [ RunTime:0.0010s ]
SQL: SELECT * FROM `ys_users` WHERE `id` = 1 LIMIT 1   [ RunTime:0.0000s ]
SQL: SHOW COLUMNS FROM `ys_posts` [ RunTime:0.0010s ]
SQL: SHOW COLUMNS FROM `ys_terms` [ RunTime:0.0010s ]
SQL: SHOW COLUMNS FROM `ys_term_relationships` [ RunTime:0.0010s ]
SQL: INSERT INTO `ys_posts` (`post_title`,`post_keywords`,`post_source`,`post_excerpt`,`post_date`,`post_status`,`istop`,`recommended`,`post_content`,`post_modified`,`post_author`,`smeta`) VALUES ('sdfsd','sdf','fsd','fsdfs','2017-05-31 08:36:12','1','0','0','<p>dfsfs</p>','2017-05-31 08:36:19','1','{\"thumb\":\"\",\"template\":\"\"}') [ RunTime:0.0010s ]
SQL: INSERT INTO `ys_term_relationships` (`term_id`,`object_id`) VALUES ('1','5') [ RunTime:0.0000s ]

[ 2017-05-31T09:00:19+08:00 ] 127.0.0.1 /index.php?g=portal&m=AdminPost&a=copy&ids=5
INFO: [ app_begin ] --START--
INFO: Run Behavior\ReadHtmlCacheBehavior [ RunTime:0.001000s ]
INFO: Run Behavior\CheckLangBehavior [ RunTime:0.001000s ]
INFO: Run Common\Behavior\UrldecodeGetBehavior [ RunTime:0.001000s ]
INFO: [ app_begin ] --END-- [ RunTime:0.003000s ]
INFO: [ admin_begin ] --START--
INFO: Run Common\Behavior\AdminDefaultLangBehavior [ RunTime:0.002001s ]
INFO: [ admin_begin ] --END-- [ RunTime:0.002001s ]
SQL: SHOW COLUMNS FROM `ys_users` [ RunTime:0.0010s ]
SQL: SELECT * FROM `ys_users` WHERE `id` = 1 LIMIT 1   [ RunTime:0.0010s ]
SQL: SHOW COLUMNS FROM `ys_posts` [ RunTime:0.0020s ]
SQL: SHOW COLUMNS FROM `ys_terms` [ RunTime:0.0030s ]
SQL: SHOW COLUMNS FROM `ys_term_relationships` [ RunTime:0.0010s ]
SQL: SHOW COLUMNS FROM `ys_terms` [ RunTime:0.0010s ]
SQL: SELECT COUNT(*) AS tp_count FROM `ys_terms` WHERE `term_id` = 1 LIMIT 1   [ RunTime:0.0000s ]
SQL: SELECT `post_keywords`,`post_source`,`post_content`,`post_title`,`post_excerpt`,`smeta` FROM `ys_posts` WHERE `id` = 5 LIMIT 1   [ RunTime:0.0000s ]
SQL: INSERT INTO `ys_posts` (`post_keywords`,`post_source`,`post_content`,`post_title`,`post_excerpt`,`smeta`,`post_author`,`post_date`,`post_modified`) VALUES ('sdf','fsd','<p>dfsfs</p>','sdfsd','fsdfs','{\"thumb\":\"\",\"template\":\"\"}','1','2017-05-31 09:00:19','2017-05-31 09:00:19') [ RunTime:0.0010s ]
SQL: INSERT INTO `ys_term_relationships` (`object_id`,`term_id`) VALUES ('6','1') [ RunTime:0.0000s ]

[ 2017-05-31T09:00:20+08:00 ] 127.0.0.1 /index.php?g=portal&m=AdminPost&a=copy&ids=5
INFO: [ app_begin ] --START--
INFO: Run Behavior\ReadHtmlCacheBehavior [ RunTime:0.001000s ]
INFO: Run Behavior\CheckLangBehavior [ RunTime:0.001000s ]
INFO: Run Common\Behavior\UrldecodeGetBehavior [ RunTime:0.000000s ]
INFO: [ app_begin ] --END-- [ RunTime:0.004000s ]
INFO: [ admin_begin ] --START--
INFO: Run Common\Behavior\AdminDefaultLangBehavior [ RunTime:0.003001s ]
INFO: [ admin_begin ] --END-- [ RunTime:0.003001s ]
SQL: SHOW COLUMNS FROM `ys_users` [ RunTime:0.0000s ]
SQL: SELECT * FROM `ys_users` WHERE `id` = 1 LIMIT 1   [ RunTime:0.0010s ]
SQL: SHOW COLUMNS FROM `ys_posts` [ RunTime:0.0010s ]
SQL: SHOW COLUMNS FROM `ys_terms` [ RunTime:0.0010s ]
SQL: SHOW COLUMNS FROM `ys_term_relationships` [ RunTime:0.0020s ]
SQL: SHOW COLUMNS FROM `ys_terms` [ RunTime:0.0010s ]
SQL: SELECT COUNT(*) AS tp_count FROM `ys_terms` WHERE `term_id` = 1 LIMIT 1   [ RunTime:0.0000s ]
SQL: SELECT `post_keywords`,`post_source`,`post_content`,`post_title`,`post_excerpt`,`smeta` FROM `ys_posts` WHERE `id` = 5 LIMIT 1   [ RunTime:0.0010s ]
SQL: INSERT INTO `ys_posts` (`post_keywords`,`post_source`,`post_content`,`post_title`,`post_excerpt`,`smeta`,`post_author`,`post_date`,`post_modified`) VALUES ('sdf','fsd','<p>dfsfs</p>','sdfsd','fsdfs','{\"thumb\":\"\",\"template\":\"\"}','1','2017-05-31 09:00:20','2017-05-31 09:00:20') [ RunTime:0.0010s ]
SQL: INSERT INTO `ys_term_relationships` (`object_id`,`term_id`) VALUES ('7','1') [ RunTime:0.0000s ]

[ 2017-05-31T09:00:22+08:00 ] 127.0.0.1 /index.php?g=portal&m=AdminPost&a=copy&ids=5
INFO: [ app_begin ] --START--
INFO: Run Behavior\ReadHtmlCacheBehavior [ RunTime:0.003000s ]
INFO: Run Behavior\CheckLangBehavior [ RunTime:0.004000s ]
INFO: Run Common\Behavior\UrldecodeGetBehavior [ RunTime:0.001000s ]
INFO: [ app_begin ] --END-- [ RunTime:0.011000s ]
INFO: [ admin_begin ] --START--
INFO: Run Common\Behavior\AdminDefaultLangBehavior [ RunTime:0.002000s ]
INFO: [ admin_begin ] --END-- [ RunTime:0.003000s ]
SQL: SHOW COLUMNS FROM `ys_users` [ RunTime:0.0010s ]
SQL: SELECT * FROM `ys_users` WHERE `id` = 1 LIMIT 1   [ RunTime:0.0000s ]
SQL: SHOW COLUMNS FROM `ys_posts` [ RunTime:0.0010s ]
SQL: SHOW COLUMNS FROM `ys_terms` [ RunTime:0.0020s ]
SQL: SHOW COLUMNS FROM `ys_term_relationships` [ RunTime:0.0020s ]
SQL: SHOW COLUMNS FROM `ys_terms` [ RunTime:0.0000s ]
SQL: SELECT COUNT(*) AS tp_count FROM `ys_terms` WHERE `term_id` = 2 LIMIT 1   [ RunTime:0.0010s ]
SQL: SELECT `post_keywords`,`post_source`,`post_content`,`post_title`,`post_excerpt`,`smeta` FROM `ys_posts` WHERE `id` = 5 LIMIT 1   [ RunTime:0.0010s ]
SQL: INSERT INTO `ys_posts` (`post_keywords`,`post_source`,`post_content`,`post_title`,`post_excerpt`,`smeta`,`post_author`,`post_date`,`post_modified`) VALUES ('sdf','fsd','<p>dfsfs</p>','sdfsd','fsdfs','{\"thumb\":\"\",\"template\":\"\"}','1','2017-05-31 09:00:22','2017-05-31 09:00:22') [ RunTime:0.0010s ]
SQL: INSERT INTO `ys_term_relationships` (`object_id`,`term_id`) VALUES ('8','2') [ RunTime:0.0000s ]

[ 2017-05-31T09:00:23+08:00 ] 127.0.0.1 /index.php?g=portal&m=AdminPost&a=copy&ids=5
INFO: [ app_begin ] --START--
INFO: Run Behavior\ReadHtmlCacheBehavior [ RunTime:0.001000s ]
INFO: Run Behavior\CheckLangBehavior [ RunTime:0.002000s ]
INFO: Run Common\Behavior\UrldecodeGetBehavior [ RunTime:0.000000s ]
INFO: [ app_begin ] --END-- [ RunTime:0.004000s ]
INFO: [ admin_begin ] --START--
INFO: Run Common\Behavior\AdminDefaultLangBehavior [ RunTime:0.001000s ]
INFO: [ admin_begin ] --END-- [ RunTime:0.001000s ]
SQL: SHOW COLUMNS FROM `ys_users` [ RunTime:0.0000s ]
SQL: SELECT * FROM `ys_users` WHERE `id` = 1 LIMIT 1   [ RunTime:0.0010s ]
SQL: SHOW COLUMNS FROM `ys_posts` [ RunTime:0.0010s ]
SQL: SHOW COLUMNS FROM `ys_terms` [ RunTime:0.0000s ]
SQL: SHOW COLUMNS FROM `ys_term_relationships` [ RunTime:0.0010s ]
SQL: SHOW COLUMNS FROM `ys_terms` [ RunTime:0.0010s ]
SQL: SELECT COUNT(*) AS tp_count FROM `ys_terms` WHERE `term_id` = 1 LIMIT 1   [ RunTime:0.0010s ]
SQL: SELECT `post_keywords`,`post_source`,`post_content`,`post_title`,`post_excerpt`,`smeta` FROM `ys_posts` WHERE `id` = 5 LIMIT 1   [ RunTime:0.0010s ]
SQL: INSERT INTO `ys_posts` (`post_keywords`,`post_source`,`post_content`,`post_title`,`post_excerpt`,`smeta`,`post_author`,`post_date`,`post_modified`) VALUES ('sdf','fsd','<p>dfsfs</p>','sdfsd','fsdfs','{\"thumb\":\"\",\"template\":\"\"}','1','2017-05-31 09:00:23','2017-05-31 09:00:23') [ RunTime:0.0000s ]
SQL: INSERT INTO `ys_term_relationships` (`object_id`,`term_id`) VALUES ('9','1') [ RunTime:0.0000s ]

[ 2017-05-31T09:00:35+08:00 ] 127.0.0.1 /index.php?g=&m=AdminPost&a=delete
INFO: [ app_begin ] --START--
INFO: Run Behavior\ReadHtmlCacheBehavior [ RunTime:0.001001s ]
INFO: Run Behavior\CheckLangBehavior [ RunTime:0.002000s ]
INFO: Run Common\Behavior\UrldecodeGetBehavior [ RunTime:0.001000s ]
INFO: [ app_begin ] --END-- [ RunTime:0.005001s ]
INFO: [ admin_begin ] --START--
INFO: Run Common\Behavior\AdminDefaultLangBehavior [ RunTime:0.002000s ]
INFO: [ admin_begin ] --END-- [ RunTime:0.002000s ]
SQL: SHOW COLUMNS FROM `ys_users` [ RunTime:0.0020s ]
SQL: SELECT * FROM `ys_users` WHERE `id` = 1 LIMIT 1   [ RunTime:0.0010s ]
SQL: SHOW COLUMNS FROM `ys_posts` [ RunTime:0.0020s ]
SQL: SHOW COLUMNS FROM `ys_terms` [ RunTime:0.0020s ]
SQL: SHOW COLUMNS FROM `ys_term_relationships` [ RunTime:0.0030s ]
SQL: UPDATE `ys_posts` SET `post_status`='3' WHERE `id` IN ('9','8','7','6','5') [ RunTime:0.0010s ]

[ 2017-05-31T09:05:53+08:00 ] 127.0.0.1 /public/js/order/orderDel.js
ERR: 无法加载控制器:Public

[ 2017-05-31T09:07:19+08:00 ] 127.0.0.1 /public/js/order/orderDel.js
ERR: 无法加载控制器:Public

[ 2017-05-31T09:09:19+08:00 ] 127.0.0.1 /public/js/order/orderDel.js
ERR: 无法加载控制器:Public

[ 2017-05-31T09:11:52+08:00 ] 127.0.0.1 /public/js/order/orderDel.js
ERR: 无法加载控制器:Public

[ 2017-05-31T09:16:22+08:00 ] 127.0.0.1 /public/js/order/orderDel.js
ERR: 无法加载控制器:Public

[ 2017-05-31T09:16:48+08:00 ] 127.0.0.1 /public/js/order/orderDel.js
ERR: 无法加载控制器:Public

[ 2017-05-31T09:29:53+08:00 ] 127.0.0.1 /public/js/order/orderDel.js
ERR: 无法加载控制器:Public

[ 2017-05-31T09:44:08+08:00 ] 127.0.0.1 /public/js/order/orderDel.js
ERR: 无法加载控制器:Public

[ 2017-05-31T09:47:03+08:00 ] 127.0.0.1 /public/js/order/orderDel.js
ERR: 无法加载控制器:Public

[ 2017-05-31T09:47:14+08:00 ] 127.0.0.1 /public/js/order/orderDel.js
ERR: 无法加载控制器:Public

[ 2017-05-31T10:18:36+08:00 ] 127.0.0.1 /public/js/order/orderDel.js
ERR: 无法加载控制器:Public

[ 2017-05-31T10:18:57+08:00 ] 127.0.0.1 /public/js/order/orderDel.js
ERR: 无法加载控制器:Public

[ 2017-05-31T10:19:54+08:00 ] 127.0.0.1 /public/js/order/orderDel.js
ERR: 无法加载控制器:Public

[ 2017-05-31T10:20:06+08:00 ] 127.0.0.1 /public/js/order/orderDel.js
ERR: 无法加载控制器:Public

[ 2017-05-31T10:31:31+08:00 ] 127.0.0.1 /public/js/order/orderDel.js
ERR: 无法加载控制器:Public

[ 2017-05-31T10:31:36+08:00 ] 127.0.0.1 /public/js/order/orderDel.js
ERR: 无法加载控制器:Public

[ 2017-05-31T10:32:29+08:00 ] 127.0.0.1 /public/js/order/orderDel.js
ERR: 无法加载控制器:Public

[ 2017-05-31T10:32:40+08:00 ] 127.0.0.1 /public/js/order/orderDel.js
ERR: 无法加载控制器:Public

[ 2017-05-31T10:32:47+08:00 ] 127.0.0.1 /public/js/order/orderDel.js
ERR: 无法加载控制器:Public

[ 2017-05-31T10:32:52+08:00 ] 127.0.0.1 /public/js/order/orderDel.js
ERR: 无法加载控制器:Public

[ 2017-05-31T10:34:25+08:00 ] 127.0.0.1 /public/js/order/orderDel.js
ERR: 无法加载控制器:Public

[ 2017-05-31T11:02:04+08:00 ] 127.0.0.1 /public/js/order/orderDel.js
ERR: 无法加载控制器:Public

[ 2017-05-31T11:06:09+08:00 ] 127.0.0.1 /public/js/order/orderDel.js
ERR: 无法加载控制器:Public

[ 2017-05-31T11:07:00+08:00 ] 127.0.0.1 /public/js/order/orderDel.js
ERR: 无法加载控制器:Public

[ 2017-05-31T13:13:59+08:00 ] 127.0.0.1 /%E5%88%A0%E9%99%A4%E6%88%90%E5%8A%9F
ERR: 无法加载控制器:删除成功

[ 2017-05-31T13:14:36+08:00 ] 127.0.0.1 /index.php?g=&m=AdminPost&a=add_post
INFO: [ app_begin ] --START--
INFO: Run Behavior\ReadHtmlCacheBehavior [ RunTime:0.001000s ]
INFO: Run Behavior\CheckLangBehavior [ RunTime:0.002000s ]
INFO: Run Common\Behavior\UrldecodeGetBehavior [ RunTime:0.001000s ]
INFO: [ app_begin ] --END-- [ RunTime:0.005000s ]
INFO: [ admin_begin ] --START--
INFO: Run Common\Behavior\AdminDefaultLangBehavior [ RunTime:0.001000s ]
INFO: [ admin_begin ] --END-- [ RunTime:0.002000s ]
SQL: SHOW COLUMNS FROM `ys_users` [ RunTime:0.0010s ]
SQL: SELECT * FROM `ys_users` WHERE `id` = 1 LIMIT 1   [ RunTime:0.0010s ]
SQL: SHOW COLUMNS FROM `ys_posts` [ RunTime:0.0010s ]
SQL: SHOW COLUMNS FROM `ys_terms` [ RunTime:0.0010s ]
SQL: SHOW COLUMNS FROM `ys_term_relationships` [ RunTime:0.0010s ]
NOTIC: [8] Undefined index: post_content D:\yuesao\application\Portal\Controller\AdminPostController.class.php 第 62 行.
SQL: INSERT INTO `ys_posts` (`post_title`,`post_keywords`,`post_source`,`post_excerpt`,`post_date`,`post_status`,`istop`,`recommended`,`post_modified`,`post_author`,`smeta`,`post_content`) VALUES ('dsfs','dfsd','fsdf','ssf','2017-05-31 13:14:33','1','0','0','2017-05-31 13:14:36','1','{\"thumb\":\"\",\"template\":\"\"}','') [ RunTime:0.0010s ]
SQL: INSERT INTO `ys_term_relationships` (`term_id`,`object_id`) VALUES ('2','10') [ RunTime:0.0010s ]

[ 2017-05-31T13:14:43+08:00 ] 127.0.0.1 /index.php?g=&m=AdminPost&a=add_post
INFO: [ app_begin ] --START--
INFO: Run Behavior\ReadHtmlCacheBehavior [ RunTime:0.001000s ]
INFO: Run Behavior\CheckLangBehavior [ RunTime:0.002000s ]
INFO: Run Common\Behavior\UrldecodeGetBehavior [ RunTime:0.000000s ]
INFO: [ app_begin ] --END-- [ RunTime:0.005000s ]
INFO: [ admin_begin ] --START--
INFO: Run Common\Behavior\AdminDefaultLangBehavior [ RunTime:0.004000s ]
INFO: [ admin_begin ] --END-- [ RunTime:0.005000s ]
SQL: SHOW COLUMNS FROM `ys_users` [ RunTime:0.0000s ]
SQL: SELECT * FROM `ys_users` WHERE `id` = 1 LIMIT 1   [ RunTime:0.0010s ]
SQL: SHOW COLUMNS FROM `ys_posts` [ RunTime:0.0000s ]
SQL: SHOW COLUMNS FROM `ys_terms` [ RunTime:0.0010s ]
SQL: SHOW COLUMNS FROM `ys_term_relationships` [ RunTime:0.0010s ]
SQL: INSERT INTO `ys_posts` (`post_title`,`post_keywords`,`post_source`,`post_excerpt`,`post_date`,`post_status`,`istop`,`recommended`,`post_content`,`post_modified`,`post_author`,`smeta`) VALUES ('sdfs','sdfs','ds','fsdfs','2017-05-31 13:14:38','1','0','0','<p>fsf</p>','2017-05-31 13:14:43','1','{\"thumb\":\"\",\"template\":\"\"}') [ RunTime:0.0000s ]
SQL: INSERT INTO `ys_term_relationships` (`term_id`,`object_id`) VALUES ('1','11') [ RunTime:0.0000s ]

[ 2017-05-31T13:14:49+08:00 ] 127.0.0.1 /index.php?g=portal&m=AdminPost&a=copy&ids=11,10
INFO: [ app_begin ] --START--
INFO: Run Behavior\ReadHtmlCacheBehavior [ RunTime:0.001000s ]
INFO: Run Behavior\CheckLangBehavior [ RunTime:0.001000s ]
INFO: Run Common\Behavior\UrldecodeGetBehavior [ RunTime:0.001001s ]
INFO: [ app_begin ] --END-- [ RunTime:0.004001s ]
INFO: [ admin_begin ] --START--
INFO: Run Common\Behavior\AdminDefaultLangBehavior [ RunTime:0.003000s ]
INFO: [ admin_begin ] --END-- [ RunTime:0.003000s ]
SQL: SHOW COLUMNS FROM `ys_users` [ RunTime:0.0010s ]
SQL: SELECT * FROM `ys_users` WHERE `id` = 1 LIMIT 1   [ RunTime:0.0010s ]
SQL: SHOW COLUMNS FROM `ys_posts` [ RunTime:0.0010s ]
SQL: SHOW COLUMNS FROM `ys_terms` [ RunTime:0.0010s ]
SQL: SHOW COLUMNS FROM `ys_term_relationships` [ RunTime:0.0000s ]
SQL: SHOW COLUMNS FROM `ys_terms` [ RunTime:0.0010s ]
SQL: SELECT COUNT(*) AS tp_count FROM `ys_terms` WHERE `term_id` = 1 LIMIT 1   [ RunTime:0.0010s ]
SQL: SELECT `post_keywords`,`post_source`,`post_content`,`post_title`,`post_excerpt`,`smeta` FROM `ys_posts` WHERE `id` = 11 LIMIT 1   [ RunTime:0.0010s ]
SQL: INSERT INTO `ys_posts` (`post_keywords`,`post_source`,`post_content`,`post_title`,`post_excerpt`,`smeta`,`post_author`,`post_date`,`post_modified`) VALUES ('sdfs','ds','<p>fsf</p>','sdfs','fsdfs','{\"thumb\":\"\",\"template\":\"\"}','1','2017-05-31 13:14:49','2017-05-31 13:14:49') [ RunTime:0.0000s ]
SQL: SELECT `post_keywords`,`post_source`,`post_content`,`post_title`,`post_excerpt`,`smeta` FROM `ys_posts` WHERE `id` = 10 LIMIT 1   [ RunTime:0.0000s ]
SQL: INSERT INTO `ys_posts` (`post_keywords`,`post_source`,`post_content`,`post_title`,`post_excerpt`,`smeta`,`post_author`,`post_date`,`post_modified`) VALUES ('dfsd','fsdf','','dsfs','ssf','{\"thumb\":\"\",\"template\":\"\"}','1','2017-05-31 13:14:49','2017-05-31 13:14:49') [ RunTime:0.0000s ]
SQL: INSERT INTO `ys_term_relationships` (`object_id`,`term_id`) VALUES ('12','1'),('13','1') [ RunTime:0.0000s ]

[ 2017-05-31T13:14:50+08:00 ] 127.0.0.1 /index.php?g=portal&m=AdminPost&a=copy&ids=11,10
INFO: [ app_begin ] --START--
INFO: Run Behavior\ReadHtmlCacheBehavior [ RunTime:0.001000s ]
INFO: Run Behavior\CheckLangBehavior [ RunTime:0.003000s ]
INFO: Run Common\Behavior\UrldecodeGetBehavior [ RunTime:0.001000s ]
INFO: [ app_begin ] --END-- [ RunTime:0.005000s ]
INFO: [ admin_begin ] --START--
INFO: Run Common\Behavior\AdminDefaultLangBehavior [ RunTime:0.002001s ]
INFO: [ admin_begin ] --END-- [ RunTime:0.002001s ]
SQL: SHOW COLUMNS FROM `ys_users` [ RunTime:0.0010s ]
SQL: SELECT * FROM `ys_users` WHERE `id` = 1 LIMIT 1   [ RunTime:0.0000s ]
SQL: SHOW COLUMNS FROM `ys_posts` [ RunTime:0.0010s ]
SQL: SHOW COLUMNS FROM `ys_terms` [ RunTime:0.0010s ]
SQL: SHOW COLUMNS FROM `ys_term_relationships` [ RunTime:0.0010s ]
SQL: SHOW COLUMNS FROM `ys_terms` [ RunTime:0.0010s ]
SQL: SELECT COUNT(*) AS tp_count FROM `ys_terms` WHERE `term_id` = 1 LIMIT 1   [ RunTime:0.0000s ]
SQL: SELECT `post_keywords`,`post_source`,`post_content`,`post_title`,`post_excerpt`,`smeta` FROM `ys_posts` WHERE `id` = 11 LIMIT 1   [ RunTime:0.0010s ]
SQL: INSERT INTO `ys_posts` (`post_keywords`,`post_source`,`post_content`,`post_title`,`post_excerpt`,`smeta`,`post_author`,`post_date`,`post_modified`) VALUES ('sdfs','ds','<p>fsf</p>','sdfs','fsdfs','{\"thumb\":\"\",\"template\":\"\"}','1','2017-05-31 13:14:50','2017-05-31 13:14:50') [ RunTime:0.0000s ]
SQL: SELECT `post_keywords`,`post_source`,`post_content`,`post_title`,`post_excerpt`,`smeta` FROM `ys_posts` WHERE `id` = 10 LIMIT 1   [ RunTime:0.0000s ]
SQL: INSERT INTO `ys_posts` (`post_keywords`,`post_source`,`post_content`,`post_title`,`post_excerpt`,`smeta`,`post_author`,`post_date`,`post_modified`) VALUES ('dfsd','fsdf','','dsfs','ssf','{\"thumb\":\"\",\"template\":\"\"}','1','2017-05-31 13:14:50','2017-05-31 13:14:50') [ RunTime:0.0000s ]
SQL: INSERT INTO `ys_term_relationships` (`object_id`,`term_id`) VALUES ('14','1'),('15','1') [ RunTime:0.0000s ]

[ 2017-05-31T13:15:03+08:00 ] 127.0.0.1 /index.php?g=&m=AdminPost&a=delete
INFO: [ app_begin ] --START--
INFO: Run Behavior\ReadHtmlCacheBehavior [ RunTime:0.002000s ]
INFO: Run Behavior\CheckLangBehavior [ RunTime:0.004000s ]
INFO: Run Common\Behavior\UrldecodeGetBehavior [ RunTime:0.001000s ]
INFO: [ app_begin ] --END-- [ RunTime:0.008000s ]
INFO: [ admin_begin ] --START--
INFO: Run Common\Behavior\AdminDefaultLangBehavior [ RunTime:0.003000s ]
INFO: [ admin_begin ] --END-- [ RunTime:0.003000s ]
SQL: SHOW COLUMNS FROM `ys_users` [ RunTime:0.0020s ]
SQL: SELECT * FROM `ys_users` WHERE `id` = 1 LIMIT 1   [ RunTime:0.0010s ]
SQL: SHOW COLUMNS FROM `ys_posts` [ RunTime:0.0010s ]
SQL: SHOW COLUMNS FROM `ys_terms` [ RunTime:0.0000s ]
SQL: SHOW COLUMNS FROM `ys_term_relationships` [ RunTime:0.0000s ]
SQL: UPDATE `ys_posts` SET `post_status`='3' WHERE `id` IN ('11','10') [ RunTime:0.0000s ]

[ 2017-05-31T13:16:59+08:00 ] 127.0.0.1 /%E5%88%A0%E9%99%A4%E6%88%90%E5%8A%9F
ERR: 无法加载控制器:删除成功

[ 2017-05-31T13:19:50+08:00 ] 127.0.0.1 /%E5%88%A0%E9%99%A4%E6%88%90%E5%8A%9F
ERR: 无法加载控制器:删除成功

[ 2017-05-31T13:21:18+08:00 ] 127.0.0.1 /%E5%88%A0%E9%99%A4%E6%88%90%E5%8A%9F
ERR: 无法加载控制器:删除成功

[ 2017-05-31T13:21:54+08:00 ] 127.0.0.1 /%E5%88%A0%E9%99%A4%E6%88%90%E5%8A%9F
ERR: 无法加载控制器:删除成功

[ 2017-05-31T13:45:15+08:00 ] 127.0.0.1 /index.php?g=&m=AdminPost&a=delete
INFO: [ app_begin ] --START--
INFO: Run Behavior\ReadHtmlCacheBehavior [ RunTime:0.001000s ]
INFO: Run Behavior\CheckLangBehavior [ RunTime:0.007001s ]
INFO: Run Common\Behavior\UrldecodeGetBehavior [ RunTime:0.001000s ]
INFO: [ app_begin ] --END-- [ RunTime:0.010001s ]
INFO: [ admin_begin ] --START--
INFO: Run Common\Behavior\AdminDefaultLangBehavior [ RunTime:0.003000s ]
INFO: [ admin_begin ] --END-- [ RunTime:0.003000s ]
SQL: SHOW COLUMNS FROM `ys_users` [ RunTime:0.0010s ]
SQL: SELECT * FROM `ys_users` WHERE `id` = 1 LIMIT 1   [ RunTime:0.0010s ]
SQL: SHOW COLUMNS FROM `ys_posts` [ RunTime:0.0010s ]
SQL: SHOW COLUMNS FROM `ys_terms` [ RunTime:0.0010s ]
SQL: SHOW COLUMNS FROM `ys_term_relationships` [ RunTime:0.0000s ]

[ 2017-05-31T13:45:28+08:00 ] 127.0.0.1 /index.php?g=&m=AdminPost&a=delete
INFO: [ app_begin ] --START--
INFO: Run Behavior\ReadHtmlCacheBehavior [ RunTime:0.002000s ]
INFO: Run Behavior\CheckLangBehavior [ RunTime:0.004000s ]
INFO: Run Common\Behavior\UrldecodeGetBehavior [ RunTime:0.001000s ]
INFO: [ app_begin ] --END-- [ RunTime:0.009000s ]
INFO: [ admin_begin ] --START--
INFO: Run Common\Behavior\AdminDefaultLangBehavior [ RunTime:0.004000s ]
INFO: [ admin_begin ] --END-- [ RunTime:0.005000s ]
SQL: SHOW COLUMNS FROM `ys_users` [ RunTime:0.0010s ]
SQL: SELECT * FROM `ys_users` WHERE `id` = 1 LIMIT 1   [ RunTime:0.0010s ]
SQL: SHOW COLUMNS FROM `ys_posts` [ RunTime:0.0010s ]
SQL: SHOW COLUMNS FROM `ys_terms` [ RunTime:0.0010s ]
SQL: SHOW COLUMNS FROM `ys_term_relationships` [ RunTime:0.0010s ]

[ 2017-05-31T13:52:22+08:00 ] 127.0.0.1 /%E5%88%A0%E9%99%A4%E6%88%90%E5%8A%9F
ERR: 无法加载控制器:删除成功

[ 2017-05-31T13:53:08+08:00 ] 127.0.0.1 /%E5%88%A0%E9%99%A4%E6%88%90%E5%8A%9F
ERR: 无法加载控制器:删除成功

[ 2017-05-31T13:54:41+08:00 ] 127.0.0.1 /%E5%88%A0%E9%99%A4%E6%88%90%E5%8A%9F
ERR: 无法加载控制器:删除成功

[ 2017-05-31T13:57:49+08:00 ] 127.0.0.1 /%E5%88%A0%E9%99%A4%E6%88%90%E5%8A%9F
ERR: 无法加载控制器:删除成功

[ 2017-05-31T14:02:21+08:00 ] 127.0.0.1 /%E5%88%A0%E9%99%A4%E6%88%90%E5%8A%9F
ERR: 无法加载控制器:删除成功

[ 2017-05-31T14:04:24+08:00 ] 127.0.0.1 /%E5%88%A0%E9%99%A4%E6%88%90%E5%8A%9F
ERR: 无法加载控制器:删除成功

[ 2017-05-31T14:05:53+08:00 ] 127.0.0.1 /%E5%88%A0%E9%99%A4%E6%88%90%E5%8A%9F
ERR: 无法加载控制器:删除成功

[ 2017-05-31T14:07:23+08:00 ] 127.0.0.1 /%E5%88%A0%E9%99%A4%E6%88%90%E5%8A%9F
ERR: 无法加载控制器:删除成功

[ 2017-05-31T14:08:46+08:00 ] 127.0.0.1 /%E5%88%A0%E9%99%A4%E6%88%90%E5%8A%9F
ERR: 无法加载控制器:删除成功

[ 2017-05-31T14:08:54+08:00 ] 127.0.0.1 /index.php?g=&m=AdminPost&a=delete
INFO: [ app_begin ] --START--
INFO: Run Behavior\ReadHtmlCacheBehavior [ RunTime:0.000000s ]
INFO: Run Behavior\CheckLangBehavior [ RunTime:0.002000s ]
INFO: Run Common\Behavior\UrldecodeGetBehavior [ RunTime:0.000000s ]
INFO: [ app_begin ] --END-- [ RunTime:0.004001s ]
INFO: [ admin_begin ] --START--
INFO: Run Common\Behavior\AdminDefaultLangBehavior [ RunTime:0.002000s ]
INFO: [ admin_begin ] --END-- [ RunTime:0.002000s ]
SQL: SHOW COLUMNS FROM `ys_users` [ RunTime:0.0010s ]
SQL: SELECT * FROM `ys_users` WHERE `id` = 1 LIMIT 1   [ RunTime:0.0000s ]
SQL: SHOW COLUMNS FROM `ys_posts` [ RunTime:0.0010s ]
SQL: SHOW COLUMNS FROM `ys_terms` [ RunTime:0.0010s ]
SQL: SHOW COLUMNS FROM `ys_term_relationships` [ RunTime:0.0000s ]
SQL: UPDATE `ys_posts` SET `post_status`='3' WHERE `id` IN ('14','15') [ RunTime:0.0010s ]

[ 2017-05-31T14:09:03+08:00 ] 127.0.0.1 /%E5%88%A0%E9%99%A4%E6%88%90%E5%8A%9F
ERR: 无法加载控制器:删除成功

[ 2017-05-31T14:11:02+08:00 ] 127.0.0.1 /%E5%88%A0%E9%99%A4%E6%88%90%E5%8A%9F
ERR: 无法加载控制器:删除成功

[ 2017-05-31T14:11:25+08:00 ] 127.0.0.1 /%E5%88%A0%E9%99%A4%E6%88%90%E5%8A%9F
ERR: 无法加载控制器:删除成功

[ 2017-05-31T14:23:07+08:00 ] 127.0.0.1 /%E5%88%A0%E9%99%A4%E6%88%90%E5%8A%9F
ERR: 无法加载控制器:删除成功

[ 2017-05-31T14:24:45+08:00 ] 127.0.0.1 /%E5%88%A0%E9%99%A4%E6%88%90%E5%8A%9F
ERR: 无法加载控制器:删除成功

[ 2017-05-31T14:32:28+08:00 ] 127.0.0.1 /%E5%88%A0%E9%99%A4%E6%88%90%E5%8A%9F
ERR: 无法加载控制器:删除成功

[ 2017-05-31T15:13:12+08:00 ] 127.0.0.1 /index.php?g=Portal&m=AdminPage&a=index
NOTIC: D方法实例化没找到模型类Common\Model\PostsModel

[ 2017-05-31T19:18:33+08:00 ] 127.0.0.1 /index.php?g=&m=AdminPost&a=add_post
INFO: [ app_begin ] --START--
INFO: Run Behavior\ReadHtmlCacheBehavior [ RunTime:0.000000s ]
INFO: Run Behavior\CheckLangBehavior [ RunTime:0.002001s ]
INFO: Run Common\Behavior\UrldecodeGetBehavior [ RunTime:0.001000s ]
INFO: [ app_begin ] --END-- [ RunTime:0.004001s ]
INFO: [ admin_begin ] --START--
INFO: Run Common\Behavior\AdminDefaultLangBehavior [ RunTime:0.003000s ]
INFO: [ admin_begin ] --END-- [ RunTime:0.003000s ]
SQL: SHOW COLUMNS FROM `ys_users` [ RunTime:0.0020s ]
SQL: SELECT * FROM `ys_users` WHERE `id` = 1 LIMIT 1   [ RunTime:0.0010s ]
SQL: SHOW COLUMNS FROM `ys_posts` [ RunTime:0.0010s ]
SQL: SHOW COLUMNS FROM `ys_terms` [ RunTime:0.0020s ]
SQL: SHOW COLUMNS FROM `ys_term_relationships` [ RunTime:0.0020s ]

[ 2017-05-31T19:18:38+08:00 ] 127.0.0.1 /index.php?g=&m=AdminPost&a=add_post
INFO: [ app_begin ] --START--
INFO: Run Behavior\ReadHtmlCacheBehavior [ RunTime:0.000000s ]
INFO: Run Behavior\CheckLangBehavior [ RunTime:0.002000s ]
INFO: Run Common\Behavior\UrldecodeGetBehavior [ RunTime:0.000000s ]
INFO: [ app_begin ] --END-- [ RunTime:0.004000s ]
INFO: [ admin_begin ] --START--
INFO: Run Common\Behavior\AdminDefaultLangBehavior [ RunTime:0.002000s ]
INFO: [ admin_begin ] --END-- [ RunTime:0.002000s ]
SQL: SHOW COLUMNS FROM `ys_users` [ RunTime:0.0010s ]
SQL: SELECT * FROM `ys_users` WHERE `id` = 1 LIMIT 1   [ RunTime:0.0000s ]
SQL: SHOW COLUMNS FROM `ys_posts` [ RunTime:0.0010s ]
SQL: SHOW COLUMNS FROM `ys_terms` [ RunTime:0.0010s ]
SQL: SHOW COLUMNS FROM `ys_term_relationships` [ RunTime:0.0010s ]
NOTIC: [8] Undefined index: post_content D:\yuesao\application\Portal\Controller\AdminPostController.class.php 第 62 行.
SQL: INSERT INTO `ys_posts` (`post_title`,`post_keywords`,`post_source`,`post_excerpt`,`post_date`,`post_status`,`istop`,`recommended`,`post_modified`,`post_author`,`smeta`,`post_content`) VALUES ('123','','','','2017-05-31 19:18:09','1','0','0','2017-05-31 19:18:38','1','{\"thumb\":\"\",\"template\":\"\",\"photo\":[{\"url\":\"portal\\/20170531\\/592ea67985294.jpg\",\"alt\":\"1.jpg\"},{\"url\":\"portal\\/20170531\\/592ea67993cf7.jpg\",\"alt\":\"2.jpg\"},{\"url\":\"portal\\/20170531\\/592ea679a2373.jpg\",\"alt\":\"3.jpg\"},{\"url\":\"portal\\/20170531\\/592ea679b1d76.jpg\",\"alt\":\"4.jpg\"},{\"url\":\"portal\\/20170531\\/592ea679bf069.jpg\",\"alt\":\"5.jpg\"},{\"url\":\"portal\\/20170531\\/592ea679cc35c.jpg\",\"alt\":\"6.jpg\"},{\"url\":\"portal\\/20170531\\/592ea679d9267.jpg\",\"alt\":\"7.jpg\"},{\"url\":\"portal\\/20170531\\/592ea679e6943.jpg\",\"alt\":\"8.jpg\"},{\"url\":\"portal\\/20170531\\/592ea679f2c95.jpg\",\"alt\":\"130.jpg\"}]}','') [ RunTime:0.0010s ]
SQL: INSERT INTO `ys_term_relationships` (`term_id`,`object_id`) VALUES ('2','16') [ RunTime:0.0010s ]

[ 2017-05-31T19:42:04+08:00 ] 127.0.0.1 /data/upload/%7Bimg.images%7D
ERR: 无法加载控制器:Data

[ 2017-05-31T19:45:49+08:00 ] 127.0.0.1 /data/upload/%7Bimg.images%7D
ERR: 无法加载控制器:Data

