[ 2017-06-01T10:41:37+08:00 ] 127.0.0.1 /index.php?g=Portal&m=AdminPage&a=index
NOTIC: D方法实例化没找到模型类Common\Model\PostsModel

[ 2017-06-01T17:30:00+08:00 ] 127.0.0.1 /index.php?g=&m=AdminTerm&a=listorders
INFO: [ app_begin ] --START--
INFO: Run Behavior\ReadHtmlCacheBehavior [ RunTime:0.001000s ]
INFO: Run Behavior\CheckLangBehavior [ RunTime:0.002000s ]
INFO: Run Common\Behavior\UrldecodeGetBehavior [ RunTime:0.001000s ]
INFO: [ app_begin ] --END-- [ RunTime:0.004000s ]
INFO: [ admin_begin ] --START--
INFO: Run Common\Behavior\AdminDefaultLangBehavior [ RunTime:0.002000s ]
INFO: [ admin_begin ] --END-- [ RunTime:0.002000s ]
SQL: SHOW COLUMNS FROM `ys_users` [ RunTime:0.0020s ]
SQL: SELECT * FROM `ys_users` WHERE `id` = 1 LIMIT 1   [ RunTime:0.0000s ]
SQL: SHOW COLUMNS FROM `ys_terms` [ RunTime:0.0020s ]
SQL: UPDATE `ys_terms` SET `listorder`='3' WHERE `term_id` = 1 [ RunTime:0.0010s ]
SQL: UPDATE `ys_terms` SET `listorder`='0' WHERE `term_id` = 2 [ RunTime:0.0010s ]

[ 2017-06-01T17:32:24+08:00 ] 127.0.0.1 /index.php?g=&m=AdminTerm&a=listorders
INFO: [ app_begin ] --START--
INFO: Run Behavior\ReadHtmlCacheBehavior [ RunTime:0.002000s ]
INFO: Run Behavior\CheckLangBehavior [ RunTime:0.004000s ]
INFO: Run Common\Behavior\UrldecodeGetBehavior [ RunTime:0.001000s ]
INFO: [ app_begin ] --END-- [ RunTime:0.007000s ]
INFO: [ admin_begin ] --START--
INFO: Run Common\Behavior\AdminDefaultLangBehavior [ RunTime:0.002000s ]
INFO: [ admin_begin ] --END-- [ RunTime:0.002000s ]
SQL: SHOW COLUMNS FROM `ys_users` [ RunTime:0.0010s ]
SQL: SELECT * FROM `ys_users` WHERE `id` = 1 LIMIT 1   [ RunTime:0.0000s ]
SQL: SHOW COLUMNS FROM `ys_terms` [ RunTime:0.0020s ]
SQL: UPDATE `ys_terms` SET `listorder`='0' WHERE `term_id` = 2 [ RunTime:0.0010s ]
SQL: UPDATE `ys_terms` SET `listorder`='3' WHERE `term_id` = 1 [ RunTime:0.0010s ]

[ 2017-06-01T17:32:25+08:00 ] 127.0.0.1 /index.php?g=&m=AdminTerm&a=listorders
INFO: [ app_begin ] --START--
INFO: Run Behavior\ReadHtmlCacheBehavior [ RunTime:0.001000s ]
INFO: Run Behavior\CheckLangBehavior [ RunTime:0.003000s ]
INFO: Run Common\Behavior\UrldecodeGetBehavior [ RunTime:0.001000s ]
INFO: [ app_begin ] --END-- [ RunTime:0.006000s ]
INFO: [ admin_begin ] --START--
INFO: Run Common\Behavior\AdminDefaultLangBehavior [ RunTime:0.001000s ]
INFO: [ admin_begin ] --END-- [ RunTime:0.001000s ]
SQL: SHOW COLUMNS FROM `ys_users` [ RunTime:0.0010s ]
SQL: SELECT * FROM `ys_users` WHERE `id` = 1 LIMIT 1   [ RunTime:0.0010s ]
SQL: SHOW COLUMNS FROM `ys_terms` [ RunTime:0.0010s ]
SQL: UPDATE `ys_terms` SET `listorder`='0' WHERE `term_id` = 2 [ RunTime:0.0010s ]
SQL: UPDATE `ys_terms` SET `listorder`='3' WHERE `term_id` = 1 [ RunTime:0.0000s ]

[ 2017-06-01T20:21:30+08:00 ] 127.0.0.1 /123
ERR: 无法加载控制器:123

[ 2017-06-01T20:22:24+08:00 ] 127.0.0.1 /123
ERR: 无法加载控制器:123

