[ 2017-06-12T09:36:09+08:00 ] 127.0.0.1 /index.php?g=Order&m=MemberMark&a=delMark&id=6
INFO: [ app_begin ] --START--
INFO: Run Behavior\ReadHtmlCacheBehavior [ RunTime:0.001000s ]
INFO: Run Behavior\CheckLangBehavior [ RunTime:0.002000s ]
INFO: Run Common\Behavior\UrldecodeGetBehavior [ RunTime:0.000000s ]
INFO: [ app_begin ] --END-- [ RunTime:0.003000s ]
SQL: SHOW COLUMNS FROM `ys_users` [ RunTime:0.0000s ]
SQL: SELECT `user_status` FROM `ys_users` WHERE `id` = 2 LIMIT 1   [ RunTime:0.0000s ]
SQL: SHOW COLUMNS FROM `ys_users` [ RunTime:0.0000s ]
SQL: SELECT * FROM `ys_users` WHERE `id` = 2 LIMIT 1   [ RunTime:0.0000s ]
SQL: SHOW COLUMNS FROM `ys_favorite` [ RunTime:0.0000s ]
SQL: DELETE FROM `ys_favorite` WHERE ( id=6 ) [ RunTime:0.0000s ]

[ 2017-06-12T11:31:31+08:00 ] 127.0.0.1 /index.php?g=Order&m=MemberMark&a=favorite
INFO: [ app_begin ] --START--
INFO: Run Behavior\ReadHtmlCacheBehavior [ RunTime:0.001000s ]
INFO: Run Behavior\CheckLangBehavior [ RunTime:0.003000s ]
INFO: Run Common\Behavior\UrldecodeGetBehavior [ RunTime:0.001000s ]
INFO: [ app_begin ] --END-- [ RunTime:0.006000s ]
SQL: SHOW COLUMNS FROM `ys_users` [ RunTime:0.0010s ]
SQL: SELECT `user_status` FROM `ys_users` WHERE `id` = 2 LIMIT 1   [ RunTime:0.0010s ]
SQL: SHOW COLUMNS FROM `ys_users` [ RunTime:0.0010s ]
SQL: SELECT * FROM `ys_users` WHERE `id` = 2 LIMIT 1   [ RunTime:0.0000s ]
NOTIC: [8] Undefined index: id D:\yuesao\application\Order\Controller\MemberMarkController.class.php 第 50 行.

[ 2017-06-12T11:31:32+08:00 ] 127.0.0.1 /index.php?g=Order&m=MemberMark&a=favorite
INFO: [ app_begin ] --START--
INFO: Run Behavior\ReadHtmlCacheBehavior [ RunTime:0.001000s ]
INFO: Run Behavior\CheckLangBehavior [ RunTime:0.001001s ]
INFO: Run Common\Behavior\UrldecodeGetBehavior [ RunTime:0.001000s ]
INFO: [ app_begin ] --END-- [ RunTime:0.004001s ]
SQL: SHOW COLUMNS FROM `ys_users` [ RunTime:0.0010s ]
SQL: SELECT `user_status` FROM `ys_users` WHERE `id` = 2 LIMIT 1   [ RunTime:0.0000s ]
SQL: SHOW COLUMNS FROM `ys_users` [ RunTime:0.0010s ]
SQL: SELECT * FROM `ys_users` WHERE `id` = 2 LIMIT 1   [ RunTime:0.0000s ]
NOTIC: [8] Undefined index: id D:\yuesao\application\Order\Controller\MemberMarkController.class.php 第 50 行.

[ 2017-06-12T11:31:34+08:00 ] 127.0.0.1 /index.php?g=Order&m=MemberMark&a=favorite
INFO: [ app_begin ] --START--
INFO: Run Behavior\ReadHtmlCacheBehavior [ RunTime:0.001000s ]
INFO: Run Behavior\CheckLangBehavior [ RunTime:0.003000s ]
INFO: Run Common\Behavior\UrldecodeGetBehavior [ RunTime:0.001000s ]
INFO: [ app_begin ] --END-- [ RunTime:0.007001s ]
SQL: SHOW COLUMNS FROM `ys_users` [ RunTime:0.0010s ]
SQL: SELECT `user_status` FROM `ys_users` WHERE `id` = 2 LIMIT 1   [ RunTime:0.0000s ]
SQL: SHOW COLUMNS FROM `ys_users` [ RunTime:0.0010s ]
SQL: SELECT * FROM `ys_users` WHERE `id` = 2 LIMIT 1   [ RunTime:0.0010s ]
NOTIC: [8] Undefined index: id D:\yuesao\application\Order\Controller\MemberMarkController.class.php 第 50 行.

[ 2017-06-12T11:31:39+08:00 ] 127.0.0.1 /index.php?g=Order&m=MemberMark&a=favorite
INFO: [ app_begin ] --START--
INFO: Run Behavior\ReadHtmlCacheBehavior [ RunTime:0.001000s ]
INFO: Run Behavior\CheckLangBehavior [ RunTime:0.002000s ]
INFO: Run Common\Behavior\UrldecodeGetBehavior [ RunTime:0.001000s ]
INFO: [ app_begin ] --END-- [ RunTime:0.005000s ]
SQL: SHOW COLUMNS FROM `ys_users` [ RunTime:0.0010s ]
SQL: SELECT `user_status` FROM `ys_users` WHERE `id` = 2 LIMIT 1   [ RunTime:0.0000s ]
SQL: SHOW COLUMNS FROM `ys_users` [ RunTime:0.0020s ]
SQL: SELECT * FROM `ys_users` WHERE `id` = 2 LIMIT 1   [ RunTime:0.0000s ]
NOTIC: [8] Undefined index: id D:\yuesao\application\Order\Controller\MemberMarkController.class.php 第 50 行.

[ 2017-06-12T11:32:08+08:00 ] 127.0.0.1 /index.php?g=Order&m=MemberMark&a=favorite
INFO: [ app_begin ] --START--
INFO: Run Behavior\ReadHtmlCacheBehavior [ RunTime:0.001000s ]
INFO: Run Behavior\CheckLangBehavior [ RunTime:0.004001s ]
INFO: Run Common\Behavior\UrldecodeGetBehavior [ RunTime:0.000000s ]
INFO: [ app_begin ] --END-- [ RunTime:0.007001s ]
SQL: SHOW COLUMNS FROM `ys_users` [ RunTime:0.0010s ]
SQL: SELECT `user_status` FROM `ys_users` WHERE `id` = 2 LIMIT 1   [ RunTime:0.0000s ]
SQL: SHOW COLUMNS FROM `ys_users` [ RunTime:0.0010s ]
SQL: SELECT * FROM `ys_users` WHERE `id` = 2 LIMIT 1   [ RunTime:0.0000s ]
NOTIC: [8] Undefined index: id D:\yuesao\application\Order\Controller\MemberMarkController.class.php 第 50 行.

[ 2017-06-12T11:32:10+08:00 ] 127.0.0.1 /index.php?g=Order&m=MemberMark&a=favorite
INFO: [ app_begin ] --START--
INFO: Run Behavior\ReadHtmlCacheBehavior [ RunTime:0.001000s ]
INFO: Run Behavior\CheckLangBehavior [ RunTime:0.003000s ]
INFO: Run Common\Behavior\UrldecodeGetBehavior [ RunTime:0.000000s ]
INFO: [ app_begin ] --END-- [ RunTime:0.006000s ]
SQL: SHOW COLUMNS FROM `ys_users` [ RunTime:0.0020s ]
SQL: SELECT `user_status` FROM `ys_users` WHERE `id` = 2 LIMIT 1   [ RunTime:0.0000s ]
SQL: SHOW COLUMNS FROM `ys_users` [ RunTime:0.0020s ]
SQL: SELECT * FROM `ys_users` WHERE `id` = 2 LIMIT 1   [ RunTime:0.0010s ]
NOTIC: [8] Undefined index: id D:\yuesao\application\Order\Controller\MemberMarkController.class.php 第 50 行.

[ 2017-06-12T11:33:01+08:00 ] 127.0.0.1 /index.php?g=Order&m=MemberMark&a=favorite
INFO: [ app_begin ] --START--
INFO: Run Behavior\ReadHtmlCacheBehavior [ RunTime:0.001000s ]
INFO: Run Behavior\CheckLangBehavior [ RunTime:0.004000s ]
INFO: Run Common\Behavior\UrldecodeGetBehavior [ RunTime:0.001001s ]
INFO: [ app_begin ] --END-- [ RunTime:0.006001s ]
SQL: SHOW COLUMNS FROM `ys_users` [ RunTime:0.0000s ]
SQL: SELECT `user_status` FROM `ys_users` WHERE `id` = 2 LIMIT 1   [ RunTime:0.0010s ]
SQL: SHOW COLUMNS FROM `ys_users` [ RunTime:0.0010s ]
SQL: SELECT * FROM `ys_users` WHERE `id` = 2 LIMIT 1   [ RunTime:0.0010s ]
NOTIC: [8] Undefined index: id D:\yuesao\application\Order\Controller\MemberMarkController.class.php 第 50 行.

[ 2017-06-12T11:33:29+08:00 ] 127.0.0.1 /index.php?g=Order&m=MemberMark&a=favorite
INFO: [ app_begin ] --START--
INFO: Run Behavior\ReadHtmlCacheBehavior [ RunTime:0.001000s ]
INFO: Run Behavior\CheckLangBehavior [ RunTime:0.002000s ]
INFO: Run Common\Behavior\UrldecodeGetBehavior [ RunTime:0.001000s ]
INFO: [ app_begin ] --END-- [ RunTime:0.005000s ]
SQL: SHOW COLUMNS FROM `ys_users` [ RunTime:0.0010s ]
SQL: SELECT `user_status` FROM `ys_users` WHERE `id` = 2 LIMIT 1   [ RunTime:0.0010s ]
SQL: SHOW COLUMNS FROM `ys_users` [ RunTime:0.0020s ]
SQL: SELECT * FROM `ys_users` WHERE `id` = 2 LIMIT 1   [ RunTime:0.0010s ]
NOTIC: [8] Undefined index: id D:\yuesao\application\Order\Controller\MemberMarkController.class.php 第 50 行.

[ 2017-06-12T11:35:04+08:00 ] 127.0.0.1 /index.php?g=Order&m=MemberMark&a=favorite&id=4
INFO: [ app_begin ] --START--
INFO: Run Behavior\ReadHtmlCacheBehavior [ RunTime:0.001000s ]
INFO: Run Behavior\CheckLangBehavior [ RunTime:0.002000s ]
INFO: Run Common\Behavior\UrldecodeGetBehavior [ RunTime:0.000000s ]
INFO: [ app_begin ] --END-- [ RunTime:0.003000s ]
SQL: SHOW COLUMNS FROM `ys_users` [ RunTime:0.0020s ]
SQL: SELECT `user_status` FROM `ys_users` WHERE `id` = 2 LIMIT 1   [ RunTime:0.0010s ]
SQL: SHOW COLUMNS FROM `ys_users` [ RunTime:0.0010s ]
SQL: SELECT * FROM `ys_users` WHERE `id` = 2 LIMIT 1   [ RunTime:0.0000s ]

[ 2017-06-12T11:37:12+08:00 ] 127.0.0.1 /index.php?g=Order&m=MemberMark&a=favorite&id=4
INFO: [ app_begin ] --START--
INFO: Run Behavior\ReadHtmlCacheBehavior [ RunTime:0.001000s ]
INFO: Run Behavior\CheckLangBehavior [ RunTime:0.002000s ]
INFO: Run Common\Behavior\UrldecodeGetBehavior [ RunTime:0.000000s ]
INFO: [ app_begin ] --END-- [ RunTime:0.003000s ]
SQL: SHOW COLUMNS FROM `ys_users` [ RunTime:0.0010s ]
SQL: SELECT `user_status` FROM `ys_users` WHERE `id` = 2 LIMIT 1   [ RunTime:0.0000s ]
SQL: SHOW COLUMNS FROM `ys_users` [ RunTime:0.0010s ]
SQL: SELECT * FROM `ys_users` WHERE `id` = 2 LIMIT 1   [ RunTime:0.0010s ]

[ 2017-06-12T11:40:14+08:00 ] 127.0.0.1 /index.php?g=Order&m=MemberMark&a=favorite&id=4
INFO: [ app_begin ] --START--
INFO: Run Behavior\ReadHtmlCacheBehavior [ RunTime:0.001000s ]
INFO: Run Behavior\CheckLangBehavior [ RunTime:0.001000s ]
INFO: Run Common\Behavior\UrldecodeGetBehavior [ RunTime:0.000000s ]
INFO: [ app_begin ] --END-- [ RunTime:0.003000s ]
SQL: SHOW COLUMNS FROM `ys_users` [ RunTime:0.0010s ]
SQL: SELECT `user_status` FROM `ys_users` WHERE `id` = 2 LIMIT 1   [ RunTime:0.0000s ]
SQL: SHOW COLUMNS FROM `ys_users` [ RunTime:0.0010s ]
SQL: SELECT * FROM `ys_users` WHERE `id` = 2 LIMIT 1   [ RunTime:0.0010s ]
INFO: [ app_end ] --START--
INFO: Run Behavior\ShowPageTraceBehavior [ RunTime:0.001000s ]
INFO: [ app_end ] --END-- [ RunTime:0.001000s ]

[ 2017-06-12T11:42:50+08:00 ] 127.0.0.1 /index.php?g=Order&m=MemberMark&a=favorite&id=4
INFO: [ app_begin ] --START--
INFO: Run Behavior\ReadHtmlCacheBehavior [ RunTime:0.001000s ]
INFO: Run Behavior\CheckLangBehavior [ RunTime:0.003000s ]
INFO: Run Common\Behavior\UrldecodeGetBehavior [ RunTime:0.000000s ]
INFO: [ app_begin ] --END-- [ RunTime:0.006001s ]
SQL: SHOW COLUMNS FROM `ys_users` [ RunTime:0.0010s ]
SQL: SELECT `user_status` FROM `ys_users` WHERE `id` = 2 LIMIT 1   [ RunTime:0.0000s ]
SQL: SHOW COLUMNS FROM `ys_users` [ RunTime:0.0010s ]
SQL: SELECT * FROM `ys_users` WHERE `id` = 2 LIMIT 1   [ RunTime:0.0000s ]
SQL: SHOW COLUMNS FROM `ys_favorite` [ RunTime:0.0000s ]
SQL: INSERT INTO `ys_favorite` (`user_id`,`yuesao_id`) VALUES ('2','4') [ RunTime:0.0010s ]

[ 2017-06-12T11:43:26+08:00 ] 127.0.0.1 /index.php?g=Order&m=MemberMark&a=favorite&id=4
INFO: [ app_begin ] --START--
INFO: Run Behavior\ReadHtmlCacheBehavior [ RunTime:0.001000s ]
INFO: Run Behavior\CheckLangBehavior [ RunTime:0.002000s ]
INFO: Run Common\Behavior\UrldecodeGetBehavior [ RunTime:0.001000s ]
INFO: [ app_begin ] --END-- [ RunTime:0.006000s ]
SQL: SHOW COLUMNS FROM `ys_users` [ RunTime:0.0020s ]
SQL: SELECT `user_status` FROM `ys_users` WHERE `id` = 2 LIMIT 1   [ RunTime:0.0000s ]
SQL: SHOW COLUMNS FROM `ys_users` [ RunTime:0.0020s ]
SQL: SELECT * FROM `ys_users` WHERE `id` = 2 LIMIT 1   [ RunTime:0.0010s ]
SQL: SHOW COLUMNS FROM `ys_favorite` [ RunTime:0.0000s ]
SQL: INSERT INTO `ys_favorite` (`user_id`,`yuesao_id`) VALUES ('2','4') [ RunTime:0.0020s ]

[ 2017-06-12T11:44:36+08:00 ] 127.0.0.1 /index.php?g=Order&m=MemberMark&a=favorite&id=4
INFO: [ app_begin ] --START--
INFO: Run Behavior\ReadHtmlCacheBehavior [ RunTime:0.000000s ]
INFO: Run Behavior\CheckLangBehavior [ RunTime:0.002000s ]
INFO: Run Common\Behavior\UrldecodeGetBehavior [ RunTime:0.000000s ]
INFO: [ app_begin ] --END-- [ RunTime:0.004000s ]
SQL: SHOW COLUMNS FROM `ys_users` [ RunTime:0.0010s ]
SQL: SELECT `user_status` FROM `ys_users` WHERE `id` = 2 LIMIT 1   [ RunTime:0.0000s ]
SQL: SHOW COLUMNS FROM `ys_users` [ RunTime:0.0010s ]
SQL: SELECT * FROM `ys_users` WHERE `id` = 2 LIMIT 1   [ RunTime:0.0000s ]
SQL: SHOW COLUMNS FROM `ys_favorite` [ RunTime:0.0010s ]
SQL: INSERT INTO `ys_favorite` (`user_id`,`yuesao_id`) VALUES ('2','4') [ RunTime:0.0020s ]

[ 2017-06-12T11:44:48+08:00 ] 127.0.0.1 /index.php?g=Order&m=MemberMark&a=favorite&id=4
INFO: [ app_begin ] --START--
INFO: Run Behavior\ReadHtmlCacheBehavior [ RunTime:0.000000s ]
INFO: Run Behavior\CheckLangBehavior [ RunTime:0.002000s ]
INFO: Run Common\Behavior\UrldecodeGetBehavior [ RunTime:0.000000s ]
INFO: [ app_begin ] --END-- [ RunTime:0.003001s ]
SQL: SHOW COLUMNS FROM `ys_users` [ RunTime:0.0010s ]
SQL: SELECT `user_status` FROM `ys_users` WHERE `id` = 2 LIMIT 1   [ RunTime:0.0000s ]
SQL: SHOW COLUMNS FROM `ys_users` [ RunTime:0.0010s ]
SQL: SELECT * FROM `ys_users` WHERE `id` = 2 LIMIT 1   [ RunTime:0.0000s ]
SQL: SHOW COLUMNS FROM `ys_favorite` [ RunTime:0.0010s ]
SQL: INSERT INTO `ys_favorite` (`user_id`,`yuesao_id`) VALUES ('2','4') [ RunTime:0.0020s ]

[ 2017-06-12T11:44:53+08:00 ] 127.0.0.1 /index.php?g=Order&m=MemberMark&a=favorite&id=4
INFO: [ app_begin ] --START--
INFO: Run Behavior\ReadHtmlCacheBehavior [ RunTime:0.001000s ]
INFO: Run Behavior\CheckLangBehavior [ RunTime:0.002001s ]
INFO: Run Common\Behavior\UrldecodeGetBehavior [ RunTime:0.000000s ]
INFO: [ app_begin ] --END-- [ RunTime:0.003001s ]
SQL: SHOW COLUMNS FROM `ys_users` [ RunTime:0.0010s ]
SQL: SELECT `user_status` FROM `ys_users` WHERE `id` = 2 LIMIT 1   [ RunTime:0.0000s ]
SQL: SHOW COLUMNS FROM `ys_users` [ RunTime:0.0000s ]
SQL: SELECT * FROM `ys_users` WHERE `id` = 2 LIMIT 1   [ RunTime:0.0010s ]
SQL: SHOW COLUMNS FROM `ys_favorite` [ RunTime:0.0010s ]
SQL: INSERT INTO `ys_favorite` (`user_id`,`yuesao_id`) VALUES ('2','4') [ RunTime:0.0020s ]

[ 2017-06-12T11:47:37+08:00 ] 127.0.0.1 /index.php?g=Order&m=MemberMark&a=favorite&id=4
INFO: [ app_begin ] --START--
INFO: Run Behavior\ReadHtmlCacheBehavior [ RunTime:0.000000s ]
INFO: Run Behavior\CheckLangBehavior [ RunTime:0.002000s ]
INFO: Run Common\Behavior\UrldecodeGetBehavior [ RunTime:0.000000s ]
INFO: [ app_begin ] --END-- [ RunTime:0.003000s ]
SQL: SHOW COLUMNS FROM `ys_users` [ RunTime:0.0010s ]
SQL: SELECT `user_status` FROM `ys_users` WHERE `id` = 2 LIMIT 1   [ RunTime:0.0000s ]
SQL: SHOW COLUMNS FROM `ys_users` [ RunTime:0.0000s ]
SQL: SELECT * FROM `ys_users` WHERE `id` = 2 LIMIT 1   [ RunTime:0.0010s ]
SQL: SHOW COLUMNS FROM `ys_favorite` [ RunTime:0.0010s ]
SQL: INSERT INTO `ys_favorite` (`user_id`,`yuesao_id`) VALUES ('2','4') [ RunTime:0.0020s ]

[ 2017-06-12T11:47:54+08:00 ] 127.0.0.1 /index.php?g=Order&m=MemberMark&a=favorite&id=4
INFO: [ app_begin ] --START--
INFO: Run Behavior\ReadHtmlCacheBehavior [ RunTime:0.001000s ]
INFO: Run Behavior\CheckLangBehavior [ RunTime:0.001000s ]
INFO: Run Common\Behavior\UrldecodeGetBehavior [ RunTime:0.000000s ]
INFO: [ app_begin ] --END-- [ RunTime:0.004000s ]
SQL: SHOW COLUMNS FROM `ys_users` [ RunTime:0.0010s ]
SQL: SELECT `user_status` FROM `ys_users` WHERE `id` = 2 LIMIT 1   [ RunTime:0.0000s ]
SQL: SHOW COLUMNS FROM `ys_users` [ RunTime:0.0010s ]
SQL: SELECT * FROM `ys_users` WHERE `id` = 2 LIMIT 1   [ RunTime:0.0000s ]
SQL: SHOW COLUMNS FROM `ys_favorite` [ RunTime:0.0010s ]
SQL: INSERT INTO `ys_favorite` (`user_id`,`yuesao_id`) VALUES ('2','4') [ RunTime:0.0020s ]

[ 2017-06-12T11:48:52+08:00 ] 127.0.0.1 /index.php?g=Order&m=MemberMark&a=favorite&id=4
INFO: [ app_begin ] --START--
INFO: Run Behavior\ReadHtmlCacheBehavior [ RunTime:0.001000s ]
INFO: Run Behavior\CheckLangBehavior [ RunTime:0.003000s ]
INFO: Run Common\Behavior\UrldecodeGetBehavior [ RunTime:0.001000s ]
INFO: [ app_begin ] --END-- [ RunTime:0.006000s ]
SQL: SHOW COLUMNS FROM `ys_users` [ RunTime:0.0010s ]
SQL: SELECT `user_status` FROM `ys_users` WHERE `id` = 2 LIMIT 1   [ RunTime:0.0000s ]
SQL: SHOW COLUMNS FROM `ys_users` [ RunTime:0.0010s ]
SQL: SELECT * FROM `ys_users` WHERE `id` = 2 LIMIT 1   [ RunTime:0.0010s ]
SQL: SHOW COLUMNS FROM `ys_favorite` [ RunTime:0.0010s ]
SQL: INSERT INTO `ys_favorite` (`user_id`,`yuesao_id`) VALUES ('2','4') [ RunTime:0.0020s ]

[ 2017-06-12T11:48:59+08:00 ] 127.0.0.1 /index.php?g=Order&m=MemberMark&a=favorite&id=4
INFO: [ app_begin ] --START--
INFO: Run Behavior\ReadHtmlCacheBehavior [ RunTime:0.000000s ]
INFO: Run Behavior\CheckLangBehavior [ RunTime:0.002000s ]
INFO: Run Common\Behavior\UrldecodeGetBehavior [ RunTime:0.000000s ]
INFO: [ app_begin ] --END-- [ RunTime:0.004000s ]
SQL: SHOW COLUMNS FROM `ys_users` [ RunTime:0.0010s ]
SQL: SELECT `user_status` FROM `ys_users` WHERE `id` = 2 LIMIT 1   [ RunTime:0.0000s ]
SQL: SHOW COLUMNS FROM `ys_users` [ RunTime:0.0010s ]
SQL: SELECT * FROM `ys_users` WHERE `id` = 2 LIMIT 1   [ RunTime:0.0000s ]
SQL: SHOW COLUMNS FROM `ys_favorite` [ RunTime:0.0010s ]
SQL: INSERT INTO `ys_favorite` (`user_id`,`yuesao_id`) VALUES ('2','4') [ RunTime:0.0020s ]

