[ 2017-06-07T09:44:54+08:00 ] 127.0.0.1 /index.php?g=Order&m=MemberOrder&a=allOrder
ERR: 1146:Table 'yuesao.ys_user' doesn't exist
 [ SQL语句 ] : SELECT * FROM `ys_order` INNER JOIN ys_yuesao ON ys_order.yuesao_id=ys_yuesao.ys_id INNER JOIN ys_user ON ys_order.user_id=ys_user.id  WHERE ( user_id=1 AND ys_order.is_del=1 ) 

[ 2017-06-07T09:59:49+08:00 ] 127.0.0.1 /index.php?g=Order&m=MemberOrder&a=allOrder
ERR: XML标签语法错误 : condition="$vo.order_status <

[ 2017-06-07T10:02:27+08:00 ] 127.0.0.1 /index.php?g=Order&m=MemberOrder&a=allOrder
ERR: XML标签语法错误 : condition="$vo.order_status <

[ 2017-06-07T10:02:28+08:00 ] 127.0.0.1 /index.php?g=Order&m=MemberOrder&a=allOrder
ERR: XML标签语法错误 : condition="$vo.order_status <

[ 2017-06-07T10:02:30+08:00 ] 127.0.0.1 /index.php?g=Order&m=MemberOrder&a=allOrder
ERR: XML标签语法错误 : condition="$vo.order_status <

[ 2017-06-07T11:41:09+08:00 ] 127.0.0.1 /index.php?g=Order&m=MemberOrder&a=orderDetail&id=1
ERR: 1064:You have an error in your SQL syntax; check the manual that corresponds to your MySQL server version for the right syntax to use near ') ORDER BY order_create_at desc LIMIT 1' at line 1
 [ SQL语句 ] : SELECT * FROM `ys_order` INNER JOIN ys_yuesao ON ys_order.yuesao_id=ys_yuesao.ys_id  WHERE ( order_id= ) ORDER BY order_create_at desc LIMIT 1  

[ 2017-06-07T12:50:36+08:00 ] 127.0.0.1 /index.php?g=Order&m=MemberOrder&a=depositAction&id=1
ERR: 模板不存在:themes/simplebootx/Order/MemberOrder/depositAction.html

[ 2017-06-07T13:59:34+08:00 ] 127.0.0.1 /index.php?g=Order&m=MemberOrder&a=depositAction&id=1
ERR: 模板不存在:themes/simplebootx/Order/MemberOrder/depositAction.html

[ 2017-06-07T14:19:09+08:00 ] 127.0.0.1 /index.php?g=Order&m=MemberOrder&a=orderDel&id=1
ERR: 模板不存在:themes/simplebootx/Order/orderDetail.html

[ 2017-06-07T14:19:38+08:00 ] 127.0.0.1 /index.php?g=Order&m=MemberOrder&a=orderDel&id=1
ERR: 模板不存在:themes/simplebootx/Order/MemberOrder/orderDel.html

[ 2017-06-07T14:20:53+08:00 ] 127.0.0.1 /index.php?g=Order&m=MemberOrder&a=orderDel&id=1
ERR: 模板不存在:themes/simplebootx/Order/MemberOrder/orderDel.html

[ 2017-06-07T14:20:54+08:00 ] 127.0.0.1 /index.php?g=Order&m=MemberOrder&a=orderDel&id=1
ERR: 模板不存在:themes/simplebootx/Order/MemberOrder/orderDel.html

[ 2017-06-07T14:20:56+08:00 ] 127.0.0.1 /index.php?g=Order&m=MemberOrder&a=orderDel&id=1
ERR: 模板不存在:themes/simplebootx/Order/MemberOrder/orderDel.html

[ 2017-06-07T14:22:19+08:00 ] 127.0.0.1 /index.php?g=Order&m=MemberOrder&a=orderDel&id=1
ERR: 模板不存在:themes/simplebootx/Order/MemberOrder/orderDel.html

[ 2017-06-07T14:32:53+08:00 ] 127.0.0.1 /index.php?g=Order&m=MemberOrder&a=orderDel&id=1
ERR: 模板不存在:themes/simplebootx/Order/MemberOrder/orderDel.html

[ 2017-06-07T14:33:55+08:00 ] 127.0.0.1 /index.php?g=Order&m=MemberOrder&a=orderDel&id=1
ERR: 模板不存在:themes/simplebootx/Order/MemberOrder/orderDel.html

[ 2017-06-07T14:35:46+08:00 ] 127.0.0.1 /index.php?g=Order&m=MemberOrder&a=orderDel&id=1
ERR: 模板不存在:themes/simplebootx/Order/MemberOrder/orderDel.html

[ 2017-06-07T14:43:43+08:00 ] 127.0.0.1 /index.php?g=Order&m=MemberOrder&a=orderDel&id=2
ERR: 模板不存在:themes/simplebootx/Order/MemberOrder/orderDel.html

[ 2017-06-07T14:53:20+08:00 ] 127.0.0.1 /index.php?g=Order&m=MemberOrder&a=orderDel&id=1
INFO: [ app_begin ] --START--
INFO: Run Behavior\ReadHtmlCacheBehavior [ RunTime:0.000000s ]
INFO: Run Behavior\CheckLangBehavior [ RunTime:0.002000s ]
INFO: Run Common\Behavior\UrldecodeGetBehavior [ RunTime:0.001000s ]
INFO: [ app_begin ] --END-- [ RunTime:0.004000s ]
SQL: SHOW COLUMNS FROM `ys_users` [ RunTime:0.0010s ]
SQL: SELECT `user_status` FROM `ys_users` WHERE `id` = 2 LIMIT 1   [ RunTime:0.0000s ]
SQL: SHOW COLUMNS FROM `ys_users` [ RunTime:0.0010s ]
SQL: SELECT * FROM `ys_users` WHERE `id` = 2 LIMIT 1   [ RunTime:0.0010s ]
SQL: SHOW COLUMNS FROM `ys_order` [ RunTime:0.0010s ]
SQL: UPDATE `ys_order` SET `is_del`='0' WHERE ( order_id=1 ) [ RunTime:0.0020s ]

[ 2017-06-07T14:53:45+08:00 ] 127.0.0.1 /index.php?g=Order&m=MemberOrder&a=orderDel&id=1
INFO: [ app_begin ] --START--
INFO: Run Behavior\ReadHtmlCacheBehavior [ RunTime:0.001000s ]
INFO: Run Behavior\CheckLangBehavior [ RunTime:0.001000s ]
INFO: Run Common\Behavior\UrldecodeGetBehavior [ RunTime:0.001000s ]
INFO: [ app_begin ] --END-- [ RunTime:0.003000s ]
SQL: SHOW COLUMNS FROM `ys_users` [ RunTime:0.0010s ]
SQL: SELECT `user_status` FROM `ys_users` WHERE `id` = 2 LIMIT 1   [ RunTime:0.0000s ]
SQL: SHOW COLUMNS FROM `ys_users` [ RunTime:0.0010s ]
SQL: SELECT * FROM `ys_users` WHERE `id` = 2 LIMIT 1   [ RunTime:0.0000s ]
SQL: SHOW COLUMNS FROM `ys_order` [ RunTime:0.0000s ]
SQL: UPDATE `ys_order` SET `is_del`='0' WHERE ( order_id=1 ) [ RunTime:0.0020s ]

[ 2017-06-07T14:54:14+08:00 ] 127.0.0.1 /index.php?g=Order&m=MemberOrder&a=evaluateAction&
ERR: 1064:You have an error in your SQL syntax; check the manual that corresponds to your MySQL server version for the right syntax to use near ') LIMIT 1' at line 1
 [ SQL语句 ] : SELECT * FROM `ys_order` INNER JOIN ys_yuesao ON ys_order.yuesao_id=ys_yuesao.ys_id  WHERE ( order_id= ) LIMIT 1  

[ 2017-06-07T14:54:27+08:00 ] 127.0.0.1 /index.php?g=Order&m=MemberOrder&a=evaluateAction&
ERR: 1064:You have an error in your SQL syntax; check the manual that corresponds to your MySQL server version for the right syntax to use near ') LIMIT 1' at line 1
 [ SQL语句 ] : SELECT * FROM `ys_order` INNER JOIN ys_yuesao ON ys_order.yuesao_id=ys_yuesao.ys_id  WHERE ( order_id= ) LIMIT 1  

[ 2017-06-07T15:01:51+08:00 ] 127.0.0.1 /index.php?g=Order&m=MemberOrder&a=orderDel&id=1
INFO: [ app_begin ] --START--
INFO: Run Behavior\ReadHtmlCacheBehavior [ RunTime:0.001000s ]
INFO: Run Behavior\CheckLangBehavior [ RunTime:0.002000s ]
INFO: Run Common\Behavior\UrldecodeGetBehavior [ RunTime:0.000000s ]
INFO: [ app_begin ] --END-- [ RunTime:0.003000s ]
SQL: SHOW COLUMNS FROM `ys_users` [ RunTime:0.0010s ]
SQL: SELECT `user_status` FROM `ys_users` WHERE `id` = 2 LIMIT 1   [ RunTime:0.0000s ]
SQL: SHOW COLUMNS FROM `ys_users` [ RunTime:0.0010s ]
SQL: SELECT * FROM `ys_users` WHERE `id` = 2 LIMIT 1   [ RunTime:0.0000s ]
SQL: SHOW COLUMNS FROM `ys_order` [ RunTime:0.0000s ]
SQL: UPDATE `ys_order` SET `is_del`='0' WHERE ( order_id=1 ) [ RunTime:0.0020s ]

[ 2017-06-07T15:08:02+08:00 ] 127.0.0.1 /index.php?g=Order&m=MemberOrder&a=orderDel&id=1
INFO: [ app_begin ] --START--
INFO: Run Behavior\ReadHtmlCacheBehavior [ RunTime:0.001000s ]
INFO: Run Behavior\CheckLangBehavior [ RunTime:0.002000s ]
INFO: Run Common\Behavior\UrldecodeGetBehavior [ RunTime:0.000000s ]
INFO: [ app_begin ] --END-- [ RunTime:0.003000s ]
SQL: SHOW COLUMNS FROM `ys_users` [ RunTime:0.0010s ]
SQL: SELECT `user_status` FROM `ys_users` WHERE `id` = 2 LIMIT 1   [ RunTime:0.0000s ]
SQL: SHOW COLUMNS FROM `ys_users` [ RunTime:0.0010s ]
SQL: SELECT * FROM `ys_users` WHERE `id` = 2 LIMIT 1   [ RunTime:0.0000s ]
SQL: SHOW COLUMNS FROM `ys_order` [ RunTime:0.0000s ]
SQL: SELECT * FROM `ys_order` WHERE ( order_id=1 ) LIMIT 1   [ RunTime:0.0000s ]
SQL: UPDATE `ys_order` SET `order_id`='1',`user_id`='2',`yuesao_id`='1',`deposit`='1000',`balance`='-1000',`order_status`='0',`leave_message`='11111111111111111111',`address`='1222222222222222',`is_del`='1',`order_create_at`='2017-05-03',`order_time`='2017-05-16',`start_confinement`='2017-05-31',`end_confinement`='2017-06-01',`start_serve`='2017-06-02',`end_serve`='2017-07-01',`order_name`='张三',`order_mobile`='15845921232' WHERE ( order_id=1 ) [ RunTime:0.0020s ]

[ 2017-06-07T15:24:12+08:00 ] 127.0.0.1 /index.php?g=Order&m=MemberOrder&a=evaluateDetail&id=4
ERR: 1052:Column 'order_id' in where clause is ambiguous
 [ SQL语句 ] : SELECT * FROM `ys_comment` INNER JOIN ys_yuesao ON ys_comment.yuesao_id=ys_yuesao.ys_id INNER JOIN ys_order ON ys_comment.order_id=ys_order.order_id  WHERE ( order_id=4 ) LIMIT 1  

[ 2017-06-07T16:37:53+08:00 ] 127.0.0.1 /index.php?g=Order&m=MemberOrder&a=evaluatePost
INFO: [ app_begin ] --START--
INFO: Run Behavior\ReadHtmlCacheBehavior [ RunTime:0.000000s ]
INFO: Run Behavior\CheckLangBehavior [ RunTime:0.002000s ]
INFO: Run Common\Behavior\UrldecodeGetBehavior [ RunTime:0.000000s ]
INFO: [ app_begin ] --END-- [ RunTime:0.003000s ]
SQL: SHOW COLUMNS FROM `ys_users` [ RunTime:0.0010s ]
SQL: SELECT `user_status` FROM `ys_users` WHERE `id` = 2 LIMIT 1   [ RunTime:0.0000s ]
SQL: SHOW COLUMNS FROM `ys_users` [ RunTime:0.0010s ]
SQL: SELECT * FROM `ys_users` WHERE `id` = 2 LIMIT 1   [ RunTime:0.0000s ]
NOTIC: [8] Undefined index: id D:\yuesao\application\Order\Controller\MemberOrderController.class.php 第 77 行.
SQL: SHOW COLUMNS FROM `ys_order` [ RunTime:0.0000s ]
ERR: 1064:You have an error in your SQL syntax; check the manual that corresponds to your MySQL server version for the right syntax to use near ') LIMIT 1' at line 1
 [ SQL语句 ] : SELECT * FROM `ys_order` WHERE ( order_id= ) LIMIT 1  
ERR: 1064:You have an error in your SQL syntax; check the manual that corresponds to your MySQL server version for the right syntax to use near ') LIMIT 1' at line 1
 [ SQL语句 ] : SELECT * FROM `ys_order` WHERE ( order_id= ) LIMIT 1  

[ 2017-06-07T16:37:54+08:00 ] 127.0.0.1 /index.php?g=Order&m=MemberOrder&a=evaluatePost
INFO: [ app_begin ] --START--
INFO: Run Behavior\ReadHtmlCacheBehavior [ RunTime:0.000000s ]
INFO: Run Behavior\CheckLangBehavior [ RunTime:0.001000s ]
INFO: Run Common\Behavior\UrldecodeGetBehavior [ RunTime:0.001000s ]
INFO: [ app_begin ] --END-- [ RunTime:0.004000s ]
SQL: SHOW COLUMNS FROM `ys_users` [ RunTime:0.0010s ]
SQL: SELECT `user_status` FROM `ys_users` WHERE `id` = 2 LIMIT 1   [ RunTime:0.0000s ]
SQL: SHOW COLUMNS FROM `ys_users` [ RunTime:0.0010s ]
SQL: SELECT * FROM `ys_users` WHERE `id` = 2 LIMIT 1   [ RunTime:0.0000s ]
NOTIC: [8] Undefined index: id D:\yuesao\application\Order\Controller\MemberOrderController.class.php 第 77 行.
SQL: SHOW COLUMNS FROM `ys_order` [ RunTime:0.0010s ]
ERR: 1064:You have an error in your SQL syntax; check the manual that corresponds to your MySQL server version for the right syntax to use near ') LIMIT 1' at line 1
 [ SQL语句 ] : SELECT * FROM `ys_order` WHERE ( order_id= ) LIMIT 1  
ERR: 1064:You have an error in your SQL syntax; check the manual that corresponds to your MySQL server version for the right syntax to use near ') LIMIT 1' at line 1
 [ SQL语句 ] : SELECT * FROM `ys_order` WHERE ( order_id= ) LIMIT 1  

[ 2017-06-07T16:37:56+08:00 ] 127.0.0.1 /index.php?g=Order&m=MemberOrder&a=evaluatePost
INFO: [ app_begin ] --START--
INFO: Run Behavior\ReadHtmlCacheBehavior [ RunTime:0.000000s ]
INFO: Run Behavior\CheckLangBehavior [ RunTime:0.001000s ]
INFO: Run Common\Behavior\UrldecodeGetBehavior [ RunTime:0.000000s ]
INFO: [ app_begin ] --END-- [ RunTime:0.004001s ]
SQL: SHOW COLUMNS FROM `ys_users` [ RunTime:0.0010s ]
SQL: SELECT `user_status` FROM `ys_users` WHERE `id` = 2 LIMIT 1   [ RunTime:0.0000s ]
SQL: SHOW COLUMNS FROM `ys_users` [ RunTime:0.0010s ]
SQL: SELECT * FROM `ys_users` WHERE `id` = 2 LIMIT 1   [ RunTime:0.0000s ]
NOTIC: [8] Undefined index: id D:\yuesao\application\Order\Controller\MemberOrderController.class.php 第 77 行.
SQL: SHOW COLUMNS FROM `ys_order` [ RunTime:0.0010s ]
ERR: 1064:You have an error in your SQL syntax; check the manual that corresponds to your MySQL server version for the right syntax to use near ') LIMIT 1' at line 1
 [ SQL语句 ] : SELECT * FROM `ys_order` WHERE ( order_id= ) LIMIT 1  
ERR: 1064:You have an error in your SQL syntax; check the manual that corresponds to your MySQL server version for the right syntax to use near ') LIMIT 1' at line 1
 [ SQL语句 ] : SELECT * FROM `ys_order` WHERE ( order_id= ) LIMIT 1  

[ 2017-06-07T16:38:30+08:00 ] 127.0.0.1 /index.php?g=Order&m=MemberOrder&a=evaluatePost
INFO: [ app_begin ] --START--
INFO: Run Behavior\ReadHtmlCacheBehavior [ RunTime:0.001000s ]
INFO: Run Behavior\CheckLangBehavior [ RunTime:0.001000s ]
INFO: Run Common\Behavior\UrldecodeGetBehavior [ RunTime:0.001000s ]
INFO: [ app_begin ] --END-- [ RunTime:0.003000s ]
SQL: SHOW COLUMNS FROM `ys_users` [ RunTime:0.0010s ]
SQL: SELECT `user_status` FROM `ys_users` WHERE `id` = 2 LIMIT 1   [ RunTime:0.0000s ]
SQL: SHOW COLUMNS FROM `ys_users` [ RunTime:0.0010s ]
SQL: SELECT * FROM `ys_users` WHERE `id` = 2 LIMIT 1   [ RunTime:0.0000s ]
SQL: SHOW COLUMNS FROM `ys_order` [ RunTime:0.0000s ]
NOTIC: [8] Undefined index: order_id D:\yuesao\application\Order\Controller\MemberOrderController.class.php 第 77 行.
ERR: 1064:You have an error in your SQL syntax; check the manual that corresponds to your MySQL server version for the right syntax to use near ') LIMIT 1' at line 1
 [ SQL语句 ] : SELECT * FROM `ys_order` WHERE ( order_id= ) LIMIT 1  
ERR: 1064:You have an error in your SQL syntax; check the manual that corresponds to your MySQL server version for the right syntax to use near ') LIMIT 1' at line 1
 [ SQL语句 ] : SELECT * FROM `ys_order` WHERE ( order_id= ) LIMIT 1  

[ 2017-06-07T16:38:30+08:00 ] 127.0.0.1 /index.php?g=Order&m=MemberOrder&a=evaluatePost
INFO: [ app_begin ] --START--
INFO: Run Behavior\ReadHtmlCacheBehavior [ RunTime:0.001000s ]
INFO: Run Behavior\CheckLangBehavior [ RunTime:0.001001s ]
INFO: Run Common\Behavior\UrldecodeGetBehavior [ RunTime:0.001000s ]
INFO: [ app_begin ] --END-- [ RunTime:0.003001s ]
SQL: SHOW COLUMNS FROM `ys_users` [ RunTime:0.0010s ]
SQL: SELECT `user_status` FROM `ys_users` WHERE `id` = 2 LIMIT 1   [ RunTime:0.0000s ]
SQL: SHOW COLUMNS FROM `ys_users` [ RunTime:0.0010s ]
SQL: SELECT * FROM `ys_users` WHERE `id` = 2 LIMIT 1   [ RunTime:0.0000s ]
SQL: SHOW COLUMNS FROM `ys_order` [ RunTime:0.0000s ]
NOTIC: [8] Undefined index: order_id D:\yuesao\application\Order\Controller\MemberOrderController.class.php 第 77 行.
ERR: 1064:You have an error in your SQL syntax; check the manual that corresponds to your MySQL server version for the right syntax to use near ') LIMIT 1' at line 1
 [ SQL语句 ] : SELECT * FROM `ys_order` WHERE ( order_id= ) LIMIT 1  
ERR: 1064:You have an error in your SQL syntax; check the manual that corresponds to your MySQL server version for the right syntax to use near ') LIMIT 1' at line 1
 [ SQL语句 ] : SELECT * FROM `ys_order` WHERE ( order_id= ) LIMIT 1  

[ 2017-06-07T16:38:54+08:00 ] 127.0.0.1 /index.php?g=Order&m=MemberOrder&a=evaluatePost
INFO: [ app_begin ] --START--
INFO: Run Behavior\ReadHtmlCacheBehavior [ RunTime:0.001000s ]
INFO: Run Behavior\CheckLangBehavior [ RunTime:0.001000s ]
INFO: Run Common\Behavior\UrldecodeGetBehavior [ RunTime:0.001000s ]
INFO: [ app_begin ] --END-- [ RunTime:0.003000s ]
SQL: SHOW COLUMNS FROM `ys_users` [ RunTime:0.0010s ]
SQL: SELECT `user_status` FROM `ys_users` WHERE `id` = 2 LIMIT 1   [ RunTime:0.0000s ]
SQL: SHOW COLUMNS FROM `ys_users` [ RunTime:0.0010s ]
SQL: SELECT * FROM `ys_users` WHERE `id` = 2 LIMIT 1   [ RunTime:0.0000s ]
SQL: SHOW COLUMNS FROM `ys_order` [ RunTime:0.0010s ]
NOTIC: [8] Undefined index: order_id D:\yuesao\application\Order\Controller\MemberOrderController.class.php 第 77 行.
ERR: 1064:You have an error in your SQL syntax; check the manual that corresponds to your MySQL server version for the right syntax to use near ') LIMIT 1' at line 1
 [ SQL语句 ] : SELECT * FROM `ys_order` WHERE ( order_id= ) LIMIT 1  
ERR: 1064:You have an error in your SQL syntax; check the manual that corresponds to your MySQL server version for the right syntax to use near ') LIMIT 1' at line 1
 [ SQL语句 ] : SELECT * FROM `ys_order` WHERE ( order_id= ) LIMIT 1  

[ 2017-06-07T16:39:29+08:00 ] 127.0.0.1 /index.php?g=Order&m=MemberOrder&a=evaluatePost
INFO: [ app_begin ] --START--
INFO: Run Behavior\ReadHtmlCacheBehavior [ RunTime:0.001000s ]
INFO: Run Behavior\CheckLangBehavior [ RunTime:0.001000s ]
INFO: Run Common\Behavior\UrldecodeGetBehavior [ RunTime:0.001000s ]
INFO: [ app_begin ] --END-- [ RunTime:0.003000s ]
SQL: SHOW COLUMNS FROM `ys_users` [ RunTime:0.0010s ]
SQL: SELECT `user_status` FROM `ys_users` WHERE `id` = 2 LIMIT 1   [ RunTime:0.0000s ]
SQL: SHOW COLUMNS FROM `ys_users` [ RunTime:0.0010s ]
SQL: SELECT * FROM `ys_users` WHERE `id` = 2 LIMIT 1   [ RunTime:0.0000s ]
SQL: SHOW COLUMNS FROM `ys_order` [ RunTime:0.0010s ]
NOTIC: [8] Undefined index: order_id D:\yuesao\application\Order\Controller\MemberOrderController.class.php 第 77 行.
ERR: 1064:You have an error in your SQL syntax; check the manual that corresponds to your MySQL server version for the right syntax to use near ') LIMIT 1' at line 1
 [ SQL语句 ] : SELECT * FROM `ys_order` WHERE ( order_id= ) LIMIT 1  
ERR: 1064:You have an error in your SQL syntax; check the manual that corresponds to your MySQL server version for the right syntax to use near ') LIMIT 1' at line 1
 [ SQL语句 ] : SELECT * FROM `ys_order` WHERE ( order_id= ) LIMIT 1  

[ 2017-06-07T16:40:51+08:00 ] 127.0.0.1 /index.php?g=Order&m=MemberOrder&a=evaluatePost
INFO: [ app_begin ] --START--
INFO: Run Behavior\ReadHtmlCacheBehavior [ RunTime:0.000000s ]
INFO: Run Behavior\CheckLangBehavior [ RunTime:0.002000s ]
INFO: Run Common\Behavior\UrldecodeGetBehavior [ RunTime:0.000000s ]
INFO: [ app_begin ] --END-- [ RunTime:0.003000s ]
SQL: SHOW COLUMNS FROM `ys_users` [ RunTime:0.0010s ]
SQL: SELECT `user_status` FROM `ys_users` WHERE `id` = 2 LIMIT 1   [ RunTime:0.0000s ]
SQL: SHOW COLUMNS FROM `ys_users` [ RunTime:0.0010s ]
SQL: SELECT * FROM `ys_users` WHERE `id` = 2 LIMIT 1   [ RunTime:0.0000s ]
SQL: SHOW COLUMNS FROM `ys_order` [ RunTime:0.0000s ]
NOTIC: [8] Undefined index: order_id D:\yuesao\application\Order\Controller\MemberOrderController.class.php 第 77 行.
ERR: 1064:You have an error in your SQL syntax; check the manual that corresponds to your MySQL server version for the right syntax to use near ') LIMIT 1' at line 1
 [ SQL语句 ] : SELECT * FROM `ys_order` WHERE ( order_id= ) LIMIT 1  
ERR: 1064:You have an error in your SQL syntax; check the manual that corresponds to your MySQL server version for the right syntax to use near ') LIMIT 1' at line 1
 [ SQL语句 ] : SELECT * FROM `ys_order` WHERE ( order_id= ) LIMIT 1  

[ 2017-06-07T16:42:13+08:00 ] 127.0.0.1 /index.php?g=Order&m=MemberOrder&a=evaluatePost
INFO: [ app_begin ] --START--
INFO: Run Behavior\ReadHtmlCacheBehavior [ RunTime:0.000000s ]
INFO: Run Behavior\CheckLangBehavior [ RunTime:0.002001s ]
INFO: Run Common\Behavior\UrldecodeGetBehavior [ RunTime:0.001000s ]
INFO: [ app_begin ] --END-- [ RunTime:0.004001s ]
SQL: SHOW COLUMNS FROM `ys_users` [ RunTime:0.0010s ]
SQL: SELECT `user_status` FROM `ys_users` WHERE `id` = 2 LIMIT 1   [ RunTime:0.0010s ]
SQL: SHOW COLUMNS FROM `ys_users` [ RunTime:0.0010s ]
SQL: SELECT * FROM `ys_users` WHERE `id` = 2 LIMIT 1   [ RunTime:0.0010s ]

[ 2017-06-07T16:42:45+08:00 ] 127.0.0.1 /index.php?g=Order&m=MemberOrder&a=evaluatePost
INFO: [ app_begin ] --START--
INFO: Run Behavior\ReadHtmlCacheBehavior [ RunTime:0.001000s ]
INFO: Run Behavior\CheckLangBehavior [ RunTime:0.005000s ]
INFO: Run Common\Behavior\UrldecodeGetBehavior [ RunTime:0.001000s ]
INFO: [ app_begin ] --END-- [ RunTime:0.008000s ]
SQL: SHOW COLUMNS FROM `ys_users` [ RunTime:0.0010s ]
SQL: SELECT `user_status` FROM `ys_users` WHERE `id` = 2 LIMIT 1   [ RunTime:0.0000s ]
SQL: SHOW COLUMNS FROM `ys_users` [ RunTime:0.0010s ]
SQL: SELECT * FROM `ys_users` WHERE `id` = 2 LIMIT 1   [ RunTime:0.0000s ]
SQL: SHOW COLUMNS FROM `ys_order` [ RunTime:0.0000s ]
SQL: SELECT * FROM `ys_order` WHERE ( order_id=3 ) LIMIT 1   [ RunTime:0.0000s ]

[ 2017-06-07T16:43:11+08:00 ] 127.0.0.1 /index.php?g=Order&m=MemberOrder&a=evaluatePost
INFO: [ app_begin ] --START--
INFO: Run Behavior\ReadHtmlCacheBehavior [ RunTime:0.002000s ]
INFO: Run Behavior\CheckLangBehavior [ RunTime:0.006001s ]
INFO: Run Common\Behavior\UrldecodeGetBehavior [ RunTime:0.001000s ]
INFO: [ app_begin ] --END-- [ RunTime:0.011001s ]
SQL: SHOW COLUMNS FROM `ys_users` [ RunTime:0.0010s ]
SQL: SELECT `user_status` FROM `ys_users` WHERE `id` = 2 LIMIT 1   [ RunTime:0.0000s ]
SQL: SHOW COLUMNS FROM `ys_users` [ RunTime:0.0010s ]
SQL: SELECT * FROM `ys_users` WHERE `id` = 2 LIMIT 1   [ RunTime:0.0010s ]
SQL: SHOW COLUMNS FROM `ys_order` [ RunTime:0.0010s ]
SQL: SELECT * FROM `ys_order` WHERE ( order_id=3 ) LIMIT 1   [ RunTime:0.0010s ]
SQL: SHOW COLUMNS FROM `ys_comment` [ RunTime:0.0010s ]
SQL: INSERT INTO `ys_comment` (`id`,`skill_score`,`attitude_score`,`user_id`,`yuesao_id`,`order_id`,`create_at`) VALUES ('3','5','5','2','1','3','2017-06-07') [ RunTime:0.0020s ]
INFO: [ app_end ] --START--
INFO: Run Behavior\ShowPageTraceBehavior [ RunTime:0.001000s ]
INFO: [ app_end ] --END-- [ RunTime:0.001000s ]

[ 2017-06-07T16:43:21+08:00 ] 127.0.0.1 /index.php?g=Order&m=MemberOrder&a=evaluatePost
INFO: [ app_begin ] --START--
INFO: Run Behavior\ReadHtmlCacheBehavior [ RunTime:0.001000s ]
INFO: Run Behavior\CheckLangBehavior [ RunTime:0.001000s ]
INFO: Run Common\Behavior\UrldecodeGetBehavior [ RunTime:0.000000s ]
INFO: [ app_begin ] --END-- [ RunTime:0.003000s ]
SQL: SHOW COLUMNS FROM `ys_users` [ RunTime:0.0010s ]
SQL: SELECT `user_status` FROM `ys_users` WHERE `id` = 2 LIMIT 1   [ RunTime:0.0000s ]
SQL: SHOW COLUMNS FROM `ys_users` [ RunTime:0.0000s ]
SQL: SELECT * FROM `ys_users` WHERE `id` = 2 LIMIT 1   [ RunTime:0.0010s ]
SQL: SHOW COLUMNS FROM `ys_order` [ RunTime:0.0010s ]
SQL: SELECT * FROM `ys_order` WHERE ( order_id=3 ) LIMIT 1   [ RunTime:0.0010s ]
SQL: SHOW COLUMNS FROM `ys_comment` [ RunTime:0.0010s ]
ERR: 1062:Duplicate entry '3' for key 'PRIMARY'
 [ SQL语句 ] : INSERT INTO `ys_comment` (`id`,`skill_score`,`attitude_score`,`user_id`,`yuesao_id`,`order_id`,`create_at`) VALUES ('3','5','5','2','1','3','2017-06-07')
ERR: 1062:Duplicate entry '3' for key 'PRIMARY'
 [ SQL语句 ] : INSERT INTO `ys_comment` (`id`,`skill_score`,`attitude_score`,`user_id`,`yuesao_id`,`order_id`,`create_at`) VALUES ('3','5','5','2','1','3','2017-06-07')

[ 2017-06-07T16:43:22+08:00 ] 127.0.0.1 /index.php?g=Order&m=MemberOrder&a=evaluatePost
INFO: [ app_begin ] --START--
INFO: Run Behavior\ReadHtmlCacheBehavior [ RunTime:0.001000s ]
INFO: Run Behavior\CheckLangBehavior [ RunTime:0.002000s ]
INFO: Run Common\Behavior\UrldecodeGetBehavior [ RunTime:0.000000s ]
INFO: [ app_begin ] --END-- [ RunTime:0.003000s ]
SQL: SHOW COLUMNS FROM `ys_users` [ RunTime:0.0010s ]
SQL: SELECT `user_status` FROM `ys_users` WHERE `id` = 2 LIMIT 1   [ RunTime:0.0000s ]
SQL: SHOW COLUMNS FROM `ys_users` [ RunTime:0.0010s ]
SQL: SELECT * FROM `ys_users` WHERE `id` = 2 LIMIT 1   [ RunTime:0.0000s ]
SQL: SHOW COLUMNS FROM `ys_order` [ RunTime:0.0010s ]
SQL: SELECT * FROM `ys_order` WHERE ( order_id=3 ) LIMIT 1   [ RunTime:0.0010s ]
SQL: SHOW COLUMNS FROM `ys_comment` [ RunTime:0.0000s ]
ERR: 1062:Duplicate entry '3' for key 'PRIMARY'
 [ SQL语句 ] : INSERT INTO `ys_comment` (`id`,`skill_score`,`attitude_score`,`user_id`,`yuesao_id`,`order_id`,`create_at`) VALUES ('3','5','5','2','1','3','2017-06-07')
ERR: 1062:Duplicate entry '3' for key 'PRIMARY'
 [ SQL语句 ] : INSERT INTO `ys_comment` (`id`,`skill_score`,`attitude_score`,`user_id`,`yuesao_id`,`order_id`,`create_at`) VALUES ('3','5','5','2','1','3','2017-06-07')

[ 2017-06-07T16:44:56+08:00 ] 127.0.0.1 /index.php?g=Order&m=MemberOrder&a=evaluatePost
INFO: [ app_begin ] --START--
INFO: Run Behavior\ReadHtmlCacheBehavior [ RunTime:0.000000s ]
INFO: Run Behavior\CheckLangBehavior [ RunTime:0.002001s ]
INFO: Run Common\Behavior\UrldecodeGetBehavior [ RunTime:0.000000s ]
INFO: [ app_begin ] --END-- [ RunTime:0.003001s ]
SQL: SHOW COLUMNS FROM `ys_users` [ RunTime:0.0010s ]
SQL: SELECT `user_status` FROM `ys_users` WHERE `id` = 2 LIMIT 1   [ RunTime:0.0000s ]
SQL: SHOW COLUMNS FROM `ys_users` [ RunTime:0.0000s ]
SQL: SELECT * FROM `ys_users` WHERE `id` = 2 LIMIT 1   [ RunTime:0.0010s ]
SQL: SHOW COLUMNS FROM `ys_order` [ RunTime:0.0010s ]
SQL: SELECT * FROM `ys_order` WHERE ( order_id=3 ) LIMIT 1   [ RunTime:0.0000s ]
SQL: SHOW COLUMNS FROM `ys_comment` [ RunTime:0.0020s ]
ERR: 1062:Duplicate entry '3' for key 'PRIMARY'
 [ SQL语句 ] : INSERT INTO `ys_comment` (`id`,`skill_score`,`attitude_score`,`user_id`,`yuesao_id`,`order_id`,`create_at`) VALUES ('3','5','4','2','1','3','2017-06-07')
ERR: 1062:Duplicate entry '3' for key 'PRIMARY'
 [ SQL语句 ] : INSERT INTO `ys_comment` (`id`,`skill_score`,`attitude_score`,`user_id`,`yuesao_id`,`order_id`,`create_at`) VALUES ('3','5','4','2','1','3','2017-06-07')

[ 2017-06-07T16:44:58+08:00 ] 127.0.0.1 /index.php?g=Order&m=MemberOrder&a=evaluatePost
INFO: [ app_begin ] --START--
INFO: Run Behavior\ReadHtmlCacheBehavior [ RunTime:0.001000s ]
INFO: Run Behavior\CheckLangBehavior [ RunTime:0.002001s ]
INFO: Run Common\Behavior\UrldecodeGetBehavior [ RunTime:0.000000s ]
INFO: [ app_begin ] --END-- [ RunTime:0.003001s ]
SQL: SHOW COLUMNS FROM `ys_users` [ RunTime:0.0010s ]
SQL: SELECT `user_status` FROM `ys_users` WHERE `id` = 2 LIMIT 1   [ RunTime:0.0000s ]
SQL: SHOW COLUMNS FROM `ys_users` [ RunTime:0.0010s ]
SQL: SELECT * FROM `ys_users` WHERE `id` = 2 LIMIT 1   [ RunTime:0.0000s ]
SQL: SHOW COLUMNS FROM `ys_order` [ RunTime:0.0000s ]
SQL: SELECT * FROM `ys_order` WHERE ( order_id=3 ) LIMIT 1   [ RunTime:0.0000s ]
SQL: SHOW COLUMNS FROM `ys_comment` [ RunTime:0.0010s ]
ERR: 1062:Duplicate entry '3' for key 'PRIMARY'
 [ SQL语句 ] : INSERT INTO `ys_comment` (`id`,`skill_score`,`attitude_score`,`user_id`,`yuesao_id`,`order_id`,`create_at`) VALUES ('3','5','4','2','1','3','2017-06-07')
ERR: 1062:Duplicate entry '3' for key 'PRIMARY'
 [ SQL语句 ] : INSERT INTO `ys_comment` (`id`,`skill_score`,`attitude_score`,`user_id`,`yuesao_id`,`order_id`,`create_at`) VALUES ('3','5','4','2','1','3','2017-06-07')

[ 2017-06-07T16:45:04+08:00 ] 127.0.0.1 /index.php?g=Order&m=MemberOrder&a=evaluatePost
INFO: [ app_begin ] --START--
INFO: Run Behavior\ReadHtmlCacheBehavior [ RunTime:0.000000s ]
INFO: Run Behavior\CheckLangBehavior [ RunTime:0.002000s ]
INFO: Run Common\Behavior\UrldecodeGetBehavior [ RunTime:0.001000s ]
INFO: [ app_begin ] --END-- [ RunTime:0.005000s ]
SQL: SHOW COLUMNS FROM `ys_users` [ RunTime:0.0010s ]
SQL: SELECT `user_status` FROM `ys_users` WHERE `id` = 2 LIMIT 1   [ RunTime:0.0010s ]
SQL: SHOW COLUMNS FROM `ys_users` [ RunTime:0.0020s ]
SQL: SELECT * FROM `ys_users` WHERE `id` = 2 LIMIT 1   [ RunTime:0.0000s ]
SQL: SHOW COLUMNS FROM `ys_order` [ RunTime:0.0000s ]
SQL: SELECT * FROM `ys_order` WHERE ( order_id=3 ) LIMIT 1   [ RunTime:0.0000s ]
SQL: SHOW COLUMNS FROM `ys_comment` [ RunTime:0.0010s ]
ERR: 1062:Duplicate entry '3' for key 'PRIMARY'
 [ SQL语句 ] : INSERT INTO `ys_comment` (`id`,`skill_score`,`attitude_score`,`user_id`,`yuesao_id`,`order_id`,`create_at`) VALUES ('3','5','4','2','1','3','2017-06-07')
ERR: 1062:Duplicate entry '3' for key 'PRIMARY'
 [ SQL语句 ] : INSERT INTO `ys_comment` (`id`,`skill_score`,`attitude_score`,`user_id`,`yuesao_id`,`order_id`,`create_at`) VALUES ('3','5','4','2','1','3','2017-06-07')

[ 2017-06-07T16:46:16+08:00 ] 127.0.0.1 /index.php?g=Order&m=MemberOrder&a=evaluatePost
INFO: [ app_begin ] --START--
INFO: Run Behavior\ReadHtmlCacheBehavior [ RunTime:0.001000s ]
INFO: Run Behavior\CheckLangBehavior [ RunTime:0.001000s ]
INFO: Run Common\Behavior\UrldecodeGetBehavior [ RunTime:0.001000s ]
INFO: [ app_begin ] --END-- [ RunTime:0.004000s ]
SQL: SHOW COLUMNS FROM `ys_users` [ RunTime:0.0010s ]
SQL: SELECT `user_status` FROM `ys_users` WHERE `id` = 2 LIMIT 1   [ RunTime:0.0010s ]
SQL: SHOW COLUMNS FROM `ys_users` [ RunTime:0.0010s ]
SQL: SELECT * FROM `ys_users` WHERE `id` = 2 LIMIT 1   [ RunTime:0.0010s ]
SQL: SHOW COLUMNS FROM `ys_order` [ RunTime:0.0010s ]
SQL: SELECT * FROM `ys_order` WHERE ( order_id=3 ) LIMIT 1   [ RunTime:0.0010s ]
SQL: SHOW COLUMNS FROM `ys_comment` [ RunTime:0.0020s ]
SQL: INSERT INTO `ys_comment` (`order_id`,`skill_score`,`attitude_score`,`user_id`,`yuesao_id`,`create_at`) VALUES ('3','5','4','2','1','2017-06-07') [ RunTime:0.0060s ]

[ 2017-06-07T16:47:08+08:00 ] 127.0.0.1 /index.php?g=Order&m=MemberOrder&a=evaluatePost
INFO: [ app_begin ] --START--
INFO: Run Behavior\ReadHtmlCacheBehavior [ RunTime:0.001000s ]
INFO: Run Behavior\CheckLangBehavior [ RunTime:0.002000s ]
INFO: Run Common\Behavior\UrldecodeGetBehavior [ RunTime:0.000000s ]
INFO: [ app_begin ] --END-- [ RunTime:0.003000s ]
SQL: SHOW COLUMNS FROM `ys_users` [ RunTime:0.0010s ]
SQL: SELECT `user_status` FROM `ys_users` WHERE `id` = 2 LIMIT 1   [ RunTime:0.0000s ]
SQL: SHOW COLUMNS FROM `ys_users` [ RunTime:0.0010s ]
SQL: SELECT * FROM `ys_users` WHERE `id` = 2 LIMIT 1   [ RunTime:0.0000s ]
SQL: SHOW COLUMNS FROM `ys_order` [ RunTime:0.0000s ]
SQL: SELECT * FROM `ys_order` WHERE ( order_id=3 ) LIMIT 1   [ RunTime:0.0000s ]
SQL: SHOW COLUMNS FROM `ys_comment` [ RunTime:0.0010s ]
SQL: INSERT INTO `ys_comment` (`order_id`,`skill_score`,`attitude_score`,`user_id`,`yuesao_id`,`create_at`) VALUES ('3','5','5','2','1','2017-06-07') [ RunTime:0.0020s ]

[ 2017-06-07T16:48:24+08:00 ] 127.0.0.1 /index.php?g=Order&m=MemberOrder&a=evaluatePost
INFO: [ app_begin ] --START--
INFO: Run Behavior\ReadHtmlCacheBehavior [ RunTime:0.001000s ]
INFO: Run Behavior\CheckLangBehavior [ RunTime:0.002001s ]
INFO: Run Common\Behavior\UrldecodeGetBehavior [ RunTime:0.001000s ]
INFO: [ app_begin ] --END-- [ RunTime:0.004001s ]
SQL: SHOW COLUMNS FROM `ys_users` [ RunTime:0.0010s ]
SQL: SELECT `user_status` FROM `ys_users` WHERE `id` = 2 LIMIT 1   [ RunTime:0.0000s ]
SQL: SHOW COLUMNS FROM `ys_users` [ RunTime:0.0010s ]
SQL: SELECT * FROM `ys_users` WHERE `id` = 2 LIMIT 1   [ RunTime:0.0000s ]
SQL: SHOW COLUMNS FROM `ys_order` [ RunTime:0.0000s ]
SQL: SELECT * FROM `ys_order` WHERE ( order_id=3 ) LIMIT 1   [ RunTime:0.0000s ]
SQL: SHOW COLUMNS FROM `ys_comment` [ RunTime:0.0010s ]
SQL: INSERT INTO `ys_comment` (`order_id`,`comprehensive_score`,`skill_score`,`attitude_score`,`user_id`,`yuesao_id`,`create_at`) VALUES ('3','5','5','5','2','1','2017-06-07') [ RunTime:0.0020s ]

[ 2017-06-07T16:50:13+08:00 ] 127.0.0.1 /index.php?g=Order&m=MemberOrder&a=evaluatePost
INFO: [ app_begin ] --START--
INFO: Run Behavior\ReadHtmlCacheBehavior [ RunTime:0.001000s ]
INFO: Run Behavior\CheckLangBehavior [ RunTime:0.002000s ]
INFO: Run Common\Behavior\UrldecodeGetBehavior [ RunTime:0.000000s ]
INFO: [ app_begin ] --END-- [ RunTime:0.004000s ]
SQL: SHOW COLUMNS FROM `ys_users` [ RunTime:0.0010s ]
SQL: SELECT `user_status` FROM `ys_users` WHERE `id` = 2 LIMIT 1   [ RunTime:0.0000s ]
SQL: SHOW COLUMNS FROM `ys_users` [ RunTime:0.0010s ]
SQL: SELECT * FROM `ys_users` WHERE `id` = 2 LIMIT 1   [ RunTime:0.0000s ]
SQL: SHOW COLUMNS FROM `ys_order` [ RunTime:0.0000s ]
SQL: SELECT * FROM `ys_order` WHERE ( order_id=3 ) LIMIT 1   [ RunTime:0.0000s ]
SQL: SHOW COLUMNS FROM `ys_comment` [ RunTime:0.0010s ]
SQL: INSERT INTO `ys_comment` (`order_id`,`comprehensive_score`,`skill_score`,`attitude_score`,`user_id`,`yuesao_id`,`create_at`) VALUES ('3','0','0','0','2','1','2017-06-07') [ RunTime:0.0010s ]

[ 2017-06-07T16:53:25+08:00 ] 127.0.0.1 /index.php?g=Order&m=MemberOrder&a=evaluatePost
INFO: [ app_begin ] --START--
INFO: Run Behavior\ReadHtmlCacheBehavior [ RunTime:0.000000s ]
INFO: Run Behavior\CheckLangBehavior [ RunTime:0.002000s ]
INFO: Run Common\Behavior\UrldecodeGetBehavior [ RunTime:0.000000s ]
INFO: [ app_begin ] --END-- [ RunTime:0.004000s ]
SQL: SHOW COLUMNS FROM `ys_users` [ RunTime:0.0010s ]
SQL: SELECT `user_status` FROM `ys_users` WHERE `id` = 2 LIMIT 1   [ RunTime:0.0000s ]
SQL: SHOW COLUMNS FROM `ys_users` [ RunTime:0.0010s ]
SQL: SELECT * FROM `ys_users` WHERE `id` = 2 LIMIT 1   [ RunTime:0.0000s ]
SQL: SHOW COLUMNS FROM `ys_order` [ RunTime:0.0000s ]
SQL: SELECT * FROM `ys_order` WHERE ( order_id=3 ) LIMIT 1   [ RunTime:0.0000s ]
SQL: SHOW COLUMNS FROM `ys_comment` [ RunTime:0.0000s ]
SQL: INSERT INTO `ys_comment` (`order_id`,`comprehensive_score`,`skill_score`,`attitude_score`,`content`,`user_id`,`yuesao_id`,`create_at`) VALUES ('3','4','5','4','666666666','2','1','2017-06-07') [ RunTime:0.0010s ]

[ 2017-06-07T16:55:08+08:00 ] 127.0.0.1 /index.php?g=Order&m=MemberOrder&a=evaluatePost
INFO: [ app_begin ] --START--
INFO: Run Behavior\ReadHtmlCacheBehavior [ RunTime:0.001000s ]
INFO: Run Behavior\CheckLangBehavior [ RunTime:0.002000s ]
INFO: Run Common\Behavior\UrldecodeGetBehavior [ RunTime:0.001000s ]
INFO: [ app_begin ] --END-- [ RunTime:0.005000s ]
SQL: SHOW COLUMNS FROM `ys_users` [ RunTime:0.0010s ]
SQL: SELECT `user_status` FROM `ys_users` WHERE `id` = 2 LIMIT 1   [ RunTime:0.0000s ]
SQL: SHOW COLUMNS FROM `ys_users` [ RunTime:0.0010s ]
SQL: SELECT * FROM `ys_users` WHERE `id` = 2 LIMIT 1   [ RunTime:0.0000s ]
SQL: SHOW COLUMNS FROM `ys_order` [ RunTime:0.0000s ]
SQL: SELECT * FROM `ys_order` WHERE ( order_id=3 ) LIMIT 1   [ RunTime:0.0000s ]
SQL: SHOW COLUMNS FROM `ys_comment` [ RunTime:0.0010s ]
SQL: INSERT INTO `ys_comment` (`order_id`,`comprehensive_score`,`skill_score`,`attitude_score`,`content`,`user_id`,`yuesao_id`,`create_at`) VALUES ('3','3','5','4','666666666','2','1','2017-06-07') [ RunTime:0.0020s ]

[ 2017-06-07T18:37:12+08:00 ] 127.0.0.1 /index.php?g=Order&m=MemberOrder&a=evaluatePost
INFO: [ app_begin ] --START--
INFO: Run Behavior\ReadHtmlCacheBehavior [ RunTime:0.000000s ]
INFO: Run Behavior\CheckLangBehavior [ RunTime:0.002000s ]
INFO: Run Common\Behavior\UrldecodeGetBehavior [ RunTime:0.001000s ]
INFO: [ app_begin ] --END-- [ RunTime:0.004000s ]
SQL: SHOW COLUMNS FROM `ys_users` [ RunTime:0.0000s ]
SQL: SELECT `user_status` FROM `ys_users` WHERE `id` = 2 LIMIT 1   [ RunTime:0.0010s ]
SQL: SHOW COLUMNS FROM `ys_users` [ RunTime:0.0000s ]
SQL: SELECT * FROM `ys_users` WHERE `id` = 2 LIMIT 1   [ RunTime:0.0010s ]
SQL: SHOW COLUMNS FROM `ys_order` [ RunTime:0.0010s ]
SQL: SELECT * FROM `ys_order` WHERE ( order_id=3 ) LIMIT 1   [ RunTime:0.0010s ]
SQL: SHOW COLUMNS FROM `ys_comment` [ RunTime:0.0010s ]
SQL: INSERT INTO `ys_comment` (`order_id`,`comprehensive_score`,`skill_score`,`attitude_score`,`content`,`user_id`,`yuesao_id`,`create_at`) VALUES ('3','0','0','0','','2','1','2017-06-07') [ RunTime:0.0010s ]

[ 2017-06-07T18:38:37+08:00 ] 127.0.0.1 /index.php?g=Order&m=MemberOrder&a=evaluatePost
INFO: [ app_begin ] --START--
INFO: Run Behavior\ReadHtmlCacheBehavior [ RunTime:0.001000s ]
INFO: Run Behavior\CheckLangBehavior [ RunTime:0.002000s ]
INFO: Run Common\Behavior\UrldecodeGetBehavior [ RunTime:0.000000s ]
INFO: [ app_begin ] --END-- [ RunTime:0.003000s ]
SQL: SHOW COLUMNS FROM `ys_users` [ RunTime:0.0010s ]
SQL: SELECT `user_status` FROM `ys_users` WHERE `id` = 2 LIMIT 1   [ RunTime:0.0000s ]
SQL: SHOW COLUMNS FROM `ys_users` [ RunTime:0.0010s ]
SQL: SELECT * FROM `ys_users` WHERE `id` = 2 LIMIT 1   [ RunTime:0.0000s ]
SQL: SHOW COLUMNS FROM `ys_order` [ RunTime:0.0000s ]
SQL: SELECT * FROM `ys_order` WHERE ( order_id=3 ) LIMIT 1   [ RunTime:0.0000s ]
SQL: SHOW COLUMNS FROM `ys_comment` [ RunTime:0.0000s ]
SQL: INSERT INTO `ys_comment` (`order_id`,`comprehensive_score`,`skill_score`,`attitude_score`,`content`,`user_id`,`yuesao_id`,`create_at`) VALUES ('3','4','5','4','6666666666','2','1','2017-06-07') [ RunTime:0.0030s ]
SQL: UPDATE `ys_order` SET `order_id`='3',`user_id`='2',`yuesao_id`='1',`deposit`='1000',`balance`='8000',`order_status`='3',`leave_message`='1111111111',`address`='2222222222222',`is_del`='1',`order_create_at`='2017-05-03',`order_time`='2017-05-23',`start_confinement`='2017-05-01',`end_confinement`='2017-05-02',`start_serve`='2017-06-01',`end_serve`='2017-06-28',`order_name`='小东',`order_mobile`='15987620015' WHERE ( order_id=3 ) [ RunTime:0.0020s ]

[ 2017-06-07T18:39:43+08:00 ] 127.0.0.1 /index.php?g=Order&m=MemberOrder&a=evaluatePost
INFO: [ app_begin ] --START--
INFO: Run Behavior\ReadHtmlCacheBehavior [ RunTime:0.001001s ]
INFO: Run Behavior\CheckLangBehavior [ RunTime:0.002000s ]
INFO: Run Common\Behavior\UrldecodeGetBehavior [ RunTime:0.001000s ]
INFO: [ app_begin ] --END-- [ RunTime:0.004001s ]
SQL: SHOW COLUMNS FROM `ys_users` [ RunTime:0.0010s ]
SQL: SELECT `user_status` FROM `ys_users` WHERE `id` = 2 LIMIT 1   [ RunTime:0.0000s ]
SQL: SHOW COLUMNS FROM `ys_users` [ RunTime:0.0010s ]
SQL: SELECT * FROM `ys_users` WHERE `id` = 2 LIMIT 1   [ RunTime:0.0010s ]
SQL: SHOW COLUMNS FROM `ys_order` [ RunTime:0.0010s ]
SQL: SELECT * FROM `ys_order` WHERE ( order_id=3 ) LIMIT 1   [ RunTime:0.0000s ]
SQL: SHOW COLUMNS FROM `ys_comment` [ RunTime:0.0010s ]
SQL: INSERT INTO `ys_comment` (`order_id`,`comprehensive_score`,`skill_score`,`attitude_score`,`content`,`user_id`,`yuesao_id`,`create_at`) VALUES ('3','5','5','5','66666666666','2','1','2017-06-07') [ RunTime:0.0020s ]
SQL: UPDATE `ys_order` SET `order_id`='3',`user_id`='2',`yuesao_id`='1',`deposit`='1000',`balance`='8000',`order_status`='4',`leave_message`='1111111111',`address`='2222222222222',`is_del`='1',`order_create_at`='2017-05-03',`order_time`='2017-05-23',`start_confinement`='2017-05-01',`end_confinement`='2017-05-02',`start_serve`='2017-06-01',`end_serve`='2017-06-28',`order_name`='小东',`order_mobile`='15987620015' WHERE ( order_id=3 ) [ RunTime:0.0020s ]

