[ 2017-06-12T09:34:24+08:00 ] 127.0.0.1 /index.php?g=user&m=index&a=is_login
INFO: [ app_begin ] --START--
INFO: Run Behavior\ReadHtmlCacheBehavior [ RunTime:0.001000s ]
INFO: Run Behavior\CheckLangBehavior [ RunTime:0.002000s ]
INFO: Run Common\Behavior\UrldecodeGetBehavior [ RunTime:0.000000s ]
INFO: [ app_begin ] --END-- [ RunTime:0.006000s ]
NOTIC: [8] Undefined index: url D:\yuesao\application\Common\Controller\AppframeController.class.php 第 22 行.

[ 2017-06-12T09:34:38+08:00 ] 127.0.0.1 /index.php?g=user&m=login&a=dologin
INFO: [ app_begin ] --START--
INFO: Run Behavior\ReadHtmlCacheBehavior [ RunTime:0.000000s ]
INFO: Run Behavior\CheckLangBehavior [ RunTime:0.001000s ]
INFO: Run Common\Behavior\UrldecodeGetBehavior [ RunTime:0.000000s ]
INFO: [ app_begin ] --END-- [ RunTime:0.003000s ]
SQL: SHOW COLUMNS FROM `ys_users` [ RunTime:0.0030s ]
NOTIC: [8] Undefined index: auto D:\yuesao\simplewind\Core\Library\Think\Model.class.php 第 1128 行.
SQL: SELECT * FROM `ys_users` WHERE `user_status` = 1 AND `user_login` = 'abc' LIMIT 1   [ RunTime:0.0010s ]
SQL: UPDATE `ys_users` SET `last_login_time`='2017-06-12 09:34:38',`last_login_ip`='127.0.0.1' WHERE ( id=2 ) [ RunTime:0.0020s ]

[ 2017-06-12T12:54:14+08:00 ] 127.0.0.1 /index.php?g=user&m=index&a=is_login
INFO: [ app_begin ] --START--
INFO: Run Behavior\ReadHtmlCacheBehavior [ RunTime:0.001000s ]
INFO: Run Behavior\CheckLangBehavior [ RunTime:0.001000s ]
INFO: Run Common\Behavior\UrldecodeGetBehavior [ RunTime:0.000000s ]
INFO: [ app_begin ] --END-- [ RunTime:0.003000s ]
NOTIC: [8] Undefined index: url D:\yuesao\application\Common\Controller\AppframeController.class.php 第 22 行.

[ 2017-06-12T12:54:16+08:00 ] 127.0.0.1 /index.php?g=user&m=index&a=is_login
INFO: [ app_begin ] --START--
INFO: Run Behavior\ReadHtmlCacheBehavior [ RunTime:0.001000s ]
INFO: Run Behavior\CheckLangBehavior [ RunTime:0.002000s ]
INFO: Run Common\Behavior\UrldecodeGetBehavior [ RunTime:0.001000s ]
INFO: [ app_begin ] --END-- [ RunTime:0.006000s ]
NOTIC: [8] Undefined index: url D:\yuesao\application\Common\Controller\AppframeController.class.php 第 22 行.

[ 2017-06-12T12:54:36+08:00 ] 127.0.0.1 /index.php?g=user&m=index&a=is_login
INFO: [ app_begin ] --START--
INFO: Run Behavior\ReadHtmlCacheBehavior [ RunTime:0.001000s ]
INFO: Run Behavior\CheckLangBehavior [ RunTime:0.001000s ]
INFO: Run Common\Behavior\UrldecodeGetBehavior [ RunTime:0.000000s ]
INFO: [ app_begin ] --END-- [ RunTime:0.003000s ]
NOTIC: [8] Undefined index: url D:\yuesao\application\Common\Controller\AppframeController.class.php 第 22 行.

[ 2017-06-12T12:54:55+08:00 ] 127.0.0.1 /index.php?g=user&m=index&a=is_login
INFO: [ app_begin ] --START--
INFO: Run Behavior\ReadHtmlCacheBehavior [ RunTime:0.001000s ]
INFO: Run Behavior\CheckLangBehavior [ RunTime:0.001000s ]
INFO: Run Common\Behavior\UrldecodeGetBehavior [ RunTime:0.001000s ]
INFO: [ app_begin ] --END-- [ RunTime:0.004000s ]
NOTIC: [8] Undefined index: url D:\yuesao\application\Common\Controller\AppframeController.class.php 第 22 行.

[ 2017-06-12T12:55:07+08:00 ] 127.0.0.1 /index.php?g=user&m=index&a=is_login
INFO: [ app_begin ] --START--
INFO: Run Behavior\ReadHtmlCacheBehavior [ RunTime:0.001000s ]
INFO: Run Behavior\CheckLangBehavior [ RunTime:0.002000s ]
INFO: Run Common\Behavior\UrldecodeGetBehavior [ RunTime:0.000000s ]
INFO: [ app_begin ] --END-- [ RunTime:0.003000s ]
NOTIC: [8] Undefined index: url D:\yuesao\application\Common\Controller\AppframeController.class.php 第 22 行.

[ 2017-06-12T12:55:10+08:00 ] 127.0.0.1 /index.php?g=user&m=index&a=is_login
INFO: [ app_begin ] --START--
INFO: Run Behavior\ReadHtmlCacheBehavior [ RunTime:0.001000s ]
INFO: Run Behavior\CheckLangBehavior [ RunTime:0.002000s ]
INFO: Run Common\Behavior\UrldecodeGetBehavior [ RunTime:0.000000s ]
INFO: [ app_begin ] --END-- [ RunTime:0.003000s ]
NOTIC: [8] Undefined index: url D:\yuesao\application\Common\Controller\AppframeController.class.php 第 22 行.

[ 2017-06-12T13:47:34+08:00 ] 127.0.0.1 /index.php?g=user&m=index&a=is_login
INFO: [ app_begin ] --START--
INFO: Run Behavior\ReadHtmlCacheBehavior [ RunTime:0.001000s ]
INFO: Run Behavior\CheckLangBehavior [ RunTime:0.002000s ]
INFO: Run Common\Behavior\UrldecodeGetBehavior [ RunTime:0.000000s ]
INFO: [ app_begin ] --END-- [ RunTime:0.004000s ]
NOTIC: [8] Undefined index: url D:\yuesao\application\Common\Controller\AppframeController.class.php 第 22 行.

[ 2017-06-12T13:47:48+08:00 ] 127.0.0.1 /index.php?g=user&m=index&a=is_login
INFO: [ app_begin ] --START--
INFO: Run Behavior\ReadHtmlCacheBehavior [ RunTime:0.001001s ]
INFO: Run Behavior\CheckLangBehavior [ RunTime:0.003000s ]
INFO: Run Common\Behavior\UrldecodeGetBehavior [ RunTime:0.001000s ]
INFO: [ app_begin ] --END-- [ RunTime:0.005001s ]
NOTIC: [8] Undefined index: url D:\yuesao\application\Common\Controller\AppframeController.class.php 第 22 行.

[ 2017-06-12T13:48:24+08:00 ] 127.0.0.1 /index.php?g=user&m=index&a=is_login
INFO: [ app_begin ] --START--
INFO: Run Behavior\ReadHtmlCacheBehavior [ RunTime:0.000000s ]
INFO: Run Behavior\CheckLangBehavior [ RunTime:0.002000s ]
INFO: Run Common\Behavior\UrldecodeGetBehavior [ RunTime:0.001000s ]
INFO: [ app_begin ] --END-- [ RunTime:0.004000s ]
NOTIC: [8] Undefined index: url D:\yuesao\application\Common\Controller\AppframeController.class.php 第 22 行.

[ 2017-06-12T13:48:26+08:00 ] 127.0.0.1 /index.php?g=user&m=index&a=is_login
INFO: [ app_begin ] --START--
INFO: Run Behavior\ReadHtmlCacheBehavior [ RunTime:0.000000s ]
INFO: Run Behavior\CheckLangBehavior [ RunTime:0.001000s ]
INFO: Run Common\Behavior\UrldecodeGetBehavior [ RunTime:0.000000s ]
INFO: [ app_begin ] --END-- [ RunTime:0.004001s ]
NOTIC: [8] Undefined index: url D:\yuesao\application\Common\Controller\AppframeController.class.php 第 22 行.

[ 2017-06-12T13:49:36+08:00 ] 127.0.0.1 /index.php?g=user&m=index&a=is_login
INFO: [ app_begin ] --START--
INFO: Run Behavior\ReadHtmlCacheBehavior [ RunTime:0.000000s ]
INFO: Run Behavior\CheckLangBehavior [ RunTime:0.001000s ]
INFO: Run Common\Behavior\UrldecodeGetBehavior [ RunTime:0.000000s ]
INFO: [ app_begin ] --END-- [ RunTime:0.002000s ]
NOTIC: [8] Undefined index: url D:\yuesao\application\Common\Controller\AppframeController.class.php 第 22 行.

[ 2017-06-12T13:49:37+08:00 ] 127.0.0.1 /index.php?g=user&m=index&a=is_login
INFO: [ app_begin ] --START--
INFO: Run Behavior\ReadHtmlCacheBehavior [ RunTime:0.001000s ]
INFO: Run Behavior\CheckLangBehavior [ RunTime:0.001000s ]
INFO: Run Common\Behavior\UrldecodeGetBehavior [ RunTime:0.001001s ]
INFO: [ app_begin ] --END-- [ RunTime:0.003001s ]
NOTIC: [8] Undefined index: url D:\yuesao\application\Common\Controller\AppframeController.class.php 第 22 行.

[ 2017-06-12T13:50:00+08:00 ] 127.0.0.1 /index.php?g=user&m=index&a=is_login
INFO: [ app_begin ] --START--
INFO: Run Behavior\ReadHtmlCacheBehavior [ RunTime:0.000000s ]
INFO: Run Behavior\CheckLangBehavior [ RunTime:0.001000s ]
INFO: Run Common\Behavior\UrldecodeGetBehavior [ RunTime:0.000000s ]
INFO: [ app_begin ] --END-- [ RunTime:0.003000s ]
NOTIC: [8] Undefined index: url D:\yuesao\application\Common\Controller\AppframeController.class.php 第 22 行.

[ 2017-06-12T13:50:01+08:00 ] 127.0.0.1 /index.php?g=user&m=index&a=is_login
INFO: [ app_begin ] --START--
INFO: Run Behavior\ReadHtmlCacheBehavior [ RunTime:0.000000s ]
INFO: Run Behavior\CheckLangBehavior [ RunTime:0.001000s ]
INFO: Run Common\Behavior\UrldecodeGetBehavior [ RunTime:0.001000s ]
INFO: [ app_begin ] --END-- [ RunTime:0.005001s ]
NOTIC: [8] Undefined index: url D:\yuesao\application\Common\Controller\AppframeController.class.php 第 22 行.

[ 2017-06-12T13:50:41+08:00 ] 127.0.0.1 /index.php?g=user&m=index&a=is_login
INFO: [ app_begin ] --START--
INFO: Run Behavior\ReadHtmlCacheBehavior [ RunTime:0.001000s ]
INFO: Run Behavior\CheckLangBehavior [ RunTime:0.001001s ]
INFO: Run Common\Behavior\UrldecodeGetBehavior [ RunTime:0.000000s ]
INFO: [ app_begin ] --END-- [ RunTime:0.002001s ]
NOTIC: [8] Undefined index: url D:\yuesao\application\Common\Controller\AppframeController.class.php 第 22 行.

[ 2017-06-12T13:50:42+08:00 ] 127.0.0.1 /index.php?g=user&m=index&a=is_login
INFO: [ app_begin ] --START--
INFO: Run Behavior\ReadHtmlCacheBehavior [ RunTime:0.001000s ]
INFO: Run Behavior\CheckLangBehavior [ RunTime:0.003000s ]
INFO: Run Common\Behavior\UrldecodeGetBehavior [ RunTime:0.000000s ]
INFO: [ app_begin ] --END-- [ RunTime:0.007001s ]
NOTIC: [8] Undefined index: url D:\yuesao\application\Common\Controller\AppframeController.class.php 第 22 行.

[ 2017-06-12T13:50:42+08:00 ] 127.0.0.1 /index.php?g=user&m=index&a=is_login
INFO: [ app_begin ] --START--
INFO: Run Behavior\ReadHtmlCacheBehavior [ RunTime:0.001000s ]
INFO: Run Behavior\CheckLangBehavior [ RunTime:0.002000s ]
INFO: Run Common\Behavior\UrldecodeGetBehavior [ RunTime:0.000000s ]
INFO: [ app_begin ] --END-- [ RunTime:0.004000s ]
NOTIC: [8] Undefined index: url D:\yuesao\application\Common\Controller\AppframeController.class.php 第 22 行.

[ 2017-06-12T13:52:49+08:00 ] 127.0.0.1 /index.php?g=user&m=index&a=is_login
INFO: [ app_begin ] --START--
INFO: Run Behavior\ReadHtmlCacheBehavior [ RunTime:0.001000s ]
INFO: Run Behavior\CheckLangBehavior [ RunTime:0.002000s ]
INFO: Run Common\Behavior\UrldecodeGetBehavior [ RunTime:0.000000s ]
INFO: [ app_begin ] --END-- [ RunTime:0.004000s ]
NOTIC: [8] Undefined index: url D:\yuesao\application\Common\Controller\AppframeController.class.php 第 22 行.

[ 2017-06-12T13:52:50+08:00 ] 127.0.0.1 /index.php?g=user&m=index&a=is_login
INFO: [ app_begin ] --START--
INFO: Run Behavior\ReadHtmlCacheBehavior [ RunTime:0.000000s ]
INFO: Run Behavior\CheckLangBehavior [ RunTime:0.002000s ]
INFO: Run Common\Behavior\UrldecodeGetBehavior [ RunTime:0.001000s ]
INFO: [ app_begin ] --END-- [ RunTime:0.005000s ]
NOTIC: [8] Undefined index: url D:\yuesao\application\Common\Controller\AppframeController.class.php 第 22 行.

[ 2017-06-12T13:56:13+08:00 ] 127.0.0.1 /index.php?g=user&m=index&a=is_login
INFO: [ app_begin ] --START--
INFO: Run Behavior\ReadHtmlCacheBehavior [ RunTime:0.001000s ]
INFO: Run Behavior\CheckLangBehavior [ RunTime:0.001000s ]
INFO: Run Common\Behavior\UrldecodeGetBehavior [ RunTime:0.001000s ]
INFO: [ app_begin ] --END-- [ RunTime:0.005000s ]
NOTIC: [8] Undefined index: url D:\yuesao\application\Common\Controller\AppframeController.class.php 第 22 行.

[ 2017-06-12T13:56:14+08:00 ] 127.0.0.1 /index.php?g=user&m=index&a=is_login
INFO: [ app_begin ] --START--
INFO: Run Behavior\ReadHtmlCacheBehavior [ RunTime:0.000000s ]
INFO: Run Behavior\CheckLangBehavior [ RunTime:0.001000s ]
INFO: Run Common\Behavior\UrldecodeGetBehavior [ RunTime:0.000000s ]
INFO: [ app_begin ] --END-- [ RunTime:0.003000s ]
NOTIC: [8] Undefined index: url D:\yuesao\application\Common\Controller\AppframeController.class.php 第 22 行.

[ 2017-06-12T13:56:23+08:00 ] 127.0.0.1 /index.php?g=user&m=index&a=is_login
INFO: [ app_begin ] --START--
INFO: Run Behavior\ReadHtmlCacheBehavior [ RunTime:0.001000s ]
INFO: Run Behavior\CheckLangBehavior [ RunTime:0.001000s ]
INFO: Run Common\Behavior\UrldecodeGetBehavior [ RunTime:0.001000s ]
INFO: [ app_begin ] --END-- [ RunTime:0.003000s ]
NOTIC: [8] Undefined index: url D:\yuesao\application\Common\Controller\AppframeController.class.php 第 22 行.

[ 2017-06-12T13:56:24+08:00 ] 127.0.0.1 /index.php?g=user&m=index&a=is_login
INFO: [ app_begin ] --START--
INFO: Run Behavior\ReadHtmlCacheBehavior [ RunTime:0.002000s ]
INFO: Run Behavior\CheckLangBehavior [ RunTime:0.003000s ]
INFO: Run Common\Behavior\UrldecodeGetBehavior [ RunTime:0.002000s ]
INFO: [ app_begin ] --END-- [ RunTime:0.008000s ]
NOTIC: [8] Undefined index: url D:\yuesao\application\Common\Controller\AppframeController.class.php 第 22 行.

[ 2017-06-12T13:58:28+08:00 ] 127.0.0.1 /index.php?g=user&m=index&a=is_login
INFO: [ app_begin ] --START--
INFO: Run Behavior\ReadHtmlCacheBehavior [ RunTime:0.000000s ]
INFO: Run Behavior\CheckLangBehavior [ RunTime:0.002000s ]
INFO: Run Common\Behavior\UrldecodeGetBehavior [ RunTime:0.000000s ]
INFO: [ app_begin ] --END-- [ RunTime:0.003000s ]
NOTIC: [8] Undefined index: url D:\yuesao\application\Common\Controller\AppframeController.class.php 第 22 行.

[ 2017-06-12T13:58:29+08:00 ] 127.0.0.1 /index.php?g=user&m=index&a=is_login
INFO: [ app_begin ] --START--
INFO: Run Behavior\ReadHtmlCacheBehavior [ RunTime:0.001000s ]
INFO: Run Behavior\CheckLangBehavior [ RunTime:0.003001s ]
INFO: Run Common\Behavior\UrldecodeGetBehavior [ RunTime:0.001000s ]
INFO: [ app_begin ] --END-- [ RunTime:0.005001s ]
NOTIC: [8] Undefined index: url D:\yuesao\application\Common\Controller\AppframeController.class.php 第 22 行.

[ 2017-06-12T13:59:01+08:00 ] 127.0.0.1 /index.php?g=user&m=index&a=is_login
INFO: [ app_begin ] --START--
INFO: Run Behavior\ReadHtmlCacheBehavior [ RunTime:0.000000s ]
INFO: Run Behavior\CheckLangBehavior [ RunTime:0.002001s ]
INFO: Run Common\Behavior\UrldecodeGetBehavior [ RunTime:0.000000s ]
INFO: [ app_begin ] --END-- [ RunTime:0.003001s ]
NOTIC: [8] Undefined index: url D:\yuesao\application\Common\Controller\AppframeController.class.php 第 22 行.

[ 2017-06-12T13:59:02+08:00 ] 127.0.0.1 /index.php?g=user&m=index&a=is_login
INFO: [ app_begin ] --START--
INFO: Run Behavior\ReadHtmlCacheBehavior [ RunTime:0.000000s ]
INFO: Run Behavior\CheckLangBehavior [ RunTime:0.002000s ]
INFO: Run Common\Behavior\UrldecodeGetBehavior [ RunTime:0.000000s ]
INFO: [ app_begin ] --END-- [ RunTime:0.005000s ]
NOTIC: [8] Undefined index: url D:\yuesao\application\Common\Controller\AppframeController.class.php 第 22 行.

[ 2017-06-12T13:59:28+08:00 ] 127.0.0.1 /index.php?g=user&m=index&a=is_login
INFO: [ app_begin ] --START--
INFO: Run Behavior\ReadHtmlCacheBehavior [ RunTime:0.001000s ]
INFO: Run Behavior\CheckLangBehavior [ RunTime:0.001000s ]
INFO: Run Common\Behavior\UrldecodeGetBehavior [ RunTime:0.001000s ]
INFO: [ app_begin ] --END-- [ RunTime:0.003000s ]
NOTIC: [8] Undefined index: url D:\yuesao\application\Common\Controller\AppframeController.class.php 第 22 行.

[ 2017-06-12T14:00:08+08:00 ] 127.0.0.1 /index.php?g=user&m=index&a=is_login
INFO: [ app_begin ] --START--
INFO: Run Behavior\ReadHtmlCacheBehavior [ RunTime:0.001000s ]
INFO: Run Behavior\CheckLangBehavior [ RunTime:0.001000s ]
INFO: Run Common\Behavior\UrldecodeGetBehavior [ RunTime:0.000000s ]
INFO: [ app_begin ] --END-- [ RunTime:0.004000s ]
NOTIC: [8] Undefined index: url D:\yuesao\application\Common\Controller\AppframeController.class.php 第 22 行.

[ 2017-06-12T14:00:18+08:00 ] 127.0.0.1 /index.php?g=user&m=index&a=is_login
INFO: [ app_begin ] --START--
INFO: Run Behavior\ReadHtmlCacheBehavior [ RunTime:0.001000s ]
INFO: Run Behavior\CheckLangBehavior [ RunTime:0.001000s ]
INFO: Run Common\Behavior\UrldecodeGetBehavior [ RunTime:0.000000s ]
INFO: [ app_begin ] --END-- [ RunTime:0.002000s ]
NOTIC: [8] Undefined index: url D:\yuesao\application\Common\Controller\AppframeController.class.php 第 22 行.

[ 2017-06-12T14:00:19+08:00 ] 127.0.0.1 /index.php?g=user&m=index&a=is_login
INFO: [ app_begin ] --START--
INFO: Run Behavior\ReadHtmlCacheBehavior [ RunTime:0.001000s ]
INFO: Run Behavior\CheckLangBehavior [ RunTime:0.001000s ]
INFO: Run Common\Behavior\UrldecodeGetBehavior [ RunTime:0.000000s ]
INFO: [ app_begin ] --END-- [ RunTime:0.003000s ]
NOTIC: [8] Undefined index: url D:\yuesao\application\Common\Controller\AppframeController.class.php 第 22 行.

[ 2017-06-12T14:09:49+08:00 ] 127.0.0.1 /index.php?g=user&m=index&a=is_login
INFO: [ app_begin ] --START--
INFO: Run Behavior\ReadHtmlCacheBehavior [ RunTime:0.001000s ]
INFO: Run Behavior\CheckLangBehavior [ RunTime:0.001000s ]
INFO: Run Common\Behavior\UrldecodeGetBehavior [ RunTime:0.001000s ]
INFO: [ app_begin ] --END-- [ RunTime:0.003000s ]
NOTIC: [8] Undefined index: url D:\yuesao\application\Common\Controller\AppframeController.class.php 第 22 行.

[ 2017-06-12T14:09:50+08:00 ] 127.0.0.1 /index.php?g=user&m=index&a=is_login
INFO: [ app_begin ] --START--
INFO: Run Behavior\ReadHtmlCacheBehavior [ RunTime:0.001000s ]
INFO: Run Behavior\CheckLangBehavior [ RunTime:0.002000s ]
INFO: Run Common\Behavior\UrldecodeGetBehavior [ RunTime:0.001000s ]
INFO: [ app_begin ] --END-- [ RunTime:0.004000s ]
NOTIC: [8] Undefined index: url D:\yuesao\application\Common\Controller\AppframeController.class.php 第 22 行.

[ 2017-06-12T14:10:22+08:00 ] 127.0.0.1 /index.php?g=user&m=index&a=is_login
INFO: [ app_begin ] --START--
INFO: Run Behavior\ReadHtmlCacheBehavior [ RunTime:0.000000s ]
INFO: Run Behavior\CheckLangBehavior [ RunTime:0.001000s ]
INFO: Run Common\Behavior\UrldecodeGetBehavior [ RunTime:0.000000s ]
INFO: [ app_begin ] --END-- [ RunTime:0.003000s ]
NOTIC: [8] Undefined index: url D:\yuesao\application\Common\Controller\AppframeController.class.php 第 22 行.

[ 2017-06-12T14:10:23+08:00 ] 127.0.0.1 /index.php?g=user&m=index&a=is_login
INFO: [ app_begin ] --START--
INFO: Run Behavior\ReadHtmlCacheBehavior [ RunTime:0.002000s ]
INFO: Run Behavior\CheckLangBehavior [ RunTime:0.003001s ]
INFO: Run Common\Behavior\UrldecodeGetBehavior [ RunTime:0.001000s ]
INFO: [ app_begin ] --END-- [ RunTime:0.009001s ]
NOTIC: [8] Undefined index: url D:\yuesao\application\Common\Controller\AppframeController.class.php 第 22 行.

[ 2017-06-12T14:10:23+08:00 ] 127.0.0.1 /index.php?g=user&m=index&a=is_login
INFO: [ app_begin ] --START--
INFO: Run Behavior\ReadHtmlCacheBehavior [ RunTime:0.001000s ]
INFO: Run Behavior\CheckLangBehavior [ RunTime:0.003000s ]
INFO: Run Common\Behavior\UrldecodeGetBehavior [ RunTime:0.001000s ]
INFO: [ app_begin ] --END-- [ RunTime:0.007000s ]
NOTIC: [8] Undefined index: url D:\yuesao\application\Common\Controller\AppframeController.class.php 第 22 行.

[ 2017-06-12T14:10:33+08:00 ] 127.0.0.1 /index.php?g=user&m=index&a=is_login
INFO: [ app_begin ] --START--
INFO: Run Behavior\ReadHtmlCacheBehavior [ RunTime:0.000000s ]
INFO: Run Behavior\CheckLangBehavior [ RunTime:0.002000s ]
INFO: Run Common\Behavior\UrldecodeGetBehavior [ RunTime:0.000000s ]
INFO: [ app_begin ] --END-- [ RunTime:0.005000s ]
NOTIC: [8] Undefined index: url D:\yuesao\application\Common\Controller\AppframeController.class.php 第 22 行.

[ 2017-06-12T14:11:12+08:00 ] 127.0.0.1 /index.php?g=user&m=index&a=is_login
INFO: [ app_begin ] --START--
INFO: Run Behavior\ReadHtmlCacheBehavior [ RunTime:0.000000s ]
INFO: Run Behavior\CheckLangBehavior [ RunTime:0.001000s ]
INFO: Run Common\Behavior\UrldecodeGetBehavior [ RunTime:0.000000s ]
INFO: [ app_begin ] --END-- [ RunTime:0.004000s ]
NOTIC: [8] Undefined index: url D:\yuesao\application\Common\Controller\AppframeController.class.php 第 22 行.

[ 2017-06-12T14:11:20+08:00 ] 127.0.0.1 /index.php?g=user&m=index&a=is_login
INFO: [ app_begin ] --START--
INFO: Run Behavior\ReadHtmlCacheBehavior [ RunTime:0.000000s ]
INFO: Run Behavior\CheckLangBehavior [ RunTime:0.001000s ]
INFO: Run Common\Behavior\UrldecodeGetBehavior [ RunTime:0.001000s ]
INFO: [ app_begin ] --END-- [ RunTime:0.003000s ]
NOTIC: [8] Undefined index: url D:\yuesao\application\Common\Controller\AppframeController.class.php 第 22 行.

[ 2017-06-12T14:12:16+08:00 ] 127.0.0.1 /index.php?g=user&m=index&a=is_login
INFO: [ app_begin ] --START--
INFO: Run Behavior\ReadHtmlCacheBehavior [ RunTime:0.000000s ]
INFO: Run Behavior\CheckLangBehavior [ RunTime:0.002000s ]
INFO: Run Common\Behavior\UrldecodeGetBehavior [ RunTime:0.002000s ]
INFO: [ app_begin ] --END-- [ RunTime:0.005000s ]
NOTIC: [8] Undefined index: url D:\yuesao\application\Common\Controller\AppframeController.class.php 第 22 行.

[ 2017-06-12T14:12:16+08:00 ] 127.0.0.1 /index.php?g=user&m=index&a=is_login
INFO: [ app_begin ] --START--
INFO: Run Behavior\ReadHtmlCacheBehavior [ RunTime:0.002000s ]
INFO: Run Behavior\CheckLangBehavior [ RunTime:0.003000s ]
INFO: Run Common\Behavior\UrldecodeGetBehavior [ RunTime:0.001000s ]
INFO: [ app_begin ] --END-- [ RunTime:0.007000s ]
NOTIC: [8] Undefined index: url D:\yuesao\application\Common\Controller\AppframeController.class.php 第 22 行.

[ 2017-06-12T14:21:56+08:00 ] 127.0.0.1 /index.php?g=user&m=index&a=is_login
INFO: [ app_begin ] --START--
INFO: Run Behavior\ReadHtmlCacheBehavior [ RunTime:0.000000s ]
INFO: Run Behavior\CheckLangBehavior [ RunTime:0.001000s ]
INFO: Run Common\Behavior\UrldecodeGetBehavior [ RunTime:0.000000s ]
INFO: [ app_begin ] --END-- [ RunTime:0.003000s ]
NOTIC: [8] Undefined index: url D:\yuesao\application\Common\Controller\AppframeController.class.php 第 22 行.

[ 2017-06-12T14:27:34+08:00 ] 127.0.0.1 /index.php?g=user&m=index&a=is_login
INFO: [ app_begin ] --START--
INFO: Run Behavior\ReadHtmlCacheBehavior [ RunTime:0.001000s ]
INFO: Run Behavior\CheckLangBehavior [ RunTime:0.001000s ]
INFO: Run Common\Behavior\UrldecodeGetBehavior [ RunTime:0.001000s ]
INFO: [ app_begin ] --END-- [ RunTime:0.003000s ]
NOTIC: [8] Undefined index: url D:\yuesao\application\Common\Controller\AppframeController.class.php 第 22 行.

[ 2017-06-12T14:27:35+08:00 ] 127.0.0.1 /index.php?g=user&m=index&a=is_login
INFO: [ app_begin ] --START--
INFO: Run Behavior\ReadHtmlCacheBehavior [ RunTime:0.002000s ]
INFO: Run Behavior\CheckLangBehavior [ RunTime:0.002000s ]
INFO: Run Common\Behavior\UrldecodeGetBehavior [ RunTime:0.000000s ]
INFO: [ app_begin ] --END-- [ RunTime:0.005000s ]
NOTIC: [8] Undefined index: url D:\yuesao\application\Common\Controller\AppframeController.class.php 第 22 行.

[ 2017-06-12T14:35:54+08:00 ] 127.0.0.1 /index.php?g=user&m=index&a=is_login
INFO: [ app_begin ] --START--
INFO: Run Behavior\ReadHtmlCacheBehavior [ RunTime:0.001000s ]
INFO: Run Behavior\CheckLangBehavior [ RunTime:0.001000s ]
INFO: Run Common\Behavior\UrldecodeGetBehavior [ RunTime:0.001000s ]
INFO: [ app_begin ] --END-- [ RunTime:0.003000s ]
NOTIC: [8] Undefined index: url D:\yuesao\application\Common\Controller\AppframeController.class.php 第 22 行.

[ 2017-06-12T14:35:58+08:00 ] 127.0.0.1 /index.php?g=user&m=index&a=is_login
INFO: [ app_begin ] --START--
INFO: Run Behavior\ReadHtmlCacheBehavior [ RunTime:0.000000s ]
INFO: Run Behavior\CheckLangBehavior [ RunTime:0.001000s ]
INFO: Run Common\Behavior\UrldecodeGetBehavior [ RunTime:0.000000s ]
INFO: [ app_begin ] --END-- [ RunTime:0.003000s ]
NOTIC: [8] Undefined index: url D:\yuesao\application\Common\Controller\AppframeController.class.php 第 22 行.

[ 2017-06-12T14:36:03+08:00 ] 127.0.0.1 /index.php?g=user&m=index&a=is_login
INFO: [ app_begin ] --START--
INFO: Run Behavior\ReadHtmlCacheBehavior [ RunTime:0.001000s ]
INFO: Run Behavior\CheckLangBehavior [ RunTime:0.002000s ]
INFO: Run Common\Behavior\UrldecodeGetBehavior [ RunTime:0.001000s ]
INFO: [ app_begin ] --END-- [ RunTime:0.004000s ]
NOTIC: [8] Undefined index: url D:\yuesao\application\Common\Controller\AppframeController.class.php 第 22 行.

[ 2017-06-12T14:36:04+08:00 ] 127.0.0.1 /index.php?g=user&m=index&a=is_login
INFO: [ app_begin ] --START--
INFO: Run Behavior\ReadHtmlCacheBehavior [ RunTime:0.000000s ]
INFO: Run Behavior\CheckLangBehavior [ RunTime:0.001001s ]
INFO: Run Common\Behavior\UrldecodeGetBehavior [ RunTime:0.001000s ]
INFO: [ app_begin ] --END-- [ RunTime:0.004001s ]
NOTIC: [8] Undefined index: url D:\yuesao\application\Common\Controller\AppframeController.class.php 第 22 行.

[ 2017-06-12T14:36:04+08:00 ] 127.0.0.1 /index.php?g=user&m=index&a=is_login
INFO: [ app_begin ] --START--
INFO: Run Behavior\ReadHtmlCacheBehavior [ RunTime:0.001000s ]
INFO: Run Behavior\CheckLangBehavior [ RunTime:0.001000s ]
INFO: Run Common\Behavior\UrldecodeGetBehavior [ RunTime:0.001000s ]
INFO: [ app_begin ] --END-- [ RunTime:0.004001s ]
NOTIC: [8] Undefined index: url D:\yuesao\application\Common\Controller\AppframeController.class.php 第 22 行.

[ 2017-06-12T14:44:09+08:00 ] 127.0.0.1 /index.php?g=user&m=index&a=is_login
INFO: [ app_begin ] --START--
INFO: Run Behavior\ReadHtmlCacheBehavior [ RunTime:0.001000s ]
INFO: Run Behavior\CheckLangBehavior [ RunTime:0.001000s ]
INFO: Run Common\Behavior\UrldecodeGetBehavior [ RunTime:0.001000s ]
INFO: [ app_begin ] --END-- [ RunTime:0.003000s ]
NOTIC: [8] Undefined index: url D:\yuesao\application\Common\Controller\AppframeController.class.php 第 22 行.

[ 2017-06-12T14:44:10+08:00 ] 127.0.0.1 /index.php?g=user&m=index&a=is_login
INFO: [ app_begin ] --START--
INFO: Run Behavior\ReadHtmlCacheBehavior [ RunTime:0.001000s ]
INFO: Run Behavior\CheckLangBehavior [ RunTime:0.003000s ]
INFO: Run Common\Behavior\UrldecodeGetBehavior [ RunTime:0.001000s ]
INFO: [ app_begin ] --END-- [ RunTime:0.005000s ]
NOTIC: [8] Undefined index: url D:\yuesao\application\Common\Controller\AppframeController.class.php 第 22 行.

[ 2017-06-12T14:47:11+08:00 ] 127.0.0.1 /index.php?g=user&m=index&a=is_login
INFO: [ app_begin ] --START--
INFO: Run Behavior\ReadHtmlCacheBehavior [ RunTime:0.001000s ]
INFO: Run Behavior\CheckLangBehavior [ RunTime:0.002000s ]
INFO: Run Common\Behavior\UrldecodeGetBehavior [ RunTime:0.001000s ]
INFO: [ app_begin ] --END-- [ RunTime:0.004000s ]
NOTIC: [8] Undefined index: url D:\yuesao\application\Common\Controller\AppframeController.class.php 第 22 行.

[ 2017-06-12T14:47:54+08:00 ] 127.0.0.1 /index.php?g=user&m=index&a=is_login
INFO: [ app_begin ] --START--
INFO: Run Behavior\ReadHtmlCacheBehavior [ RunTime:0.000000s ]
INFO: Run Behavior\CheckLangBehavior [ RunTime:0.001000s ]
INFO: Run Common\Behavior\UrldecodeGetBehavior [ RunTime:0.000000s ]
INFO: [ app_begin ] --END-- [ RunTime:0.002000s ]
NOTIC: [8] Undefined index: url D:\yuesao\application\Common\Controller\AppframeController.class.php 第 22 行.

[ 2017-06-12T14:47:55+08:00 ] 127.0.0.1 /index.php?g=user&m=index&a=is_login
INFO: [ app_begin ] --START--
INFO: Run Behavior\ReadHtmlCacheBehavior [ RunTime:0.001001s ]
INFO: Run Behavior\CheckLangBehavior [ RunTime:0.003000s ]
INFO: Run Common\Behavior\UrldecodeGetBehavior [ RunTime:0.001000s ]
INFO: [ app_begin ] --END-- [ RunTime:0.006001s ]
NOTIC: [8] Undefined index: url D:\yuesao\application\Common\Controller\AppframeController.class.php 第 22 行.

[ 2017-06-12T14:51:48+08:00 ] 127.0.0.1 /index.php?g=user&m=index&a=is_login
INFO: [ app_begin ] --START--
INFO: Run Behavior\ReadHtmlCacheBehavior [ RunTime:0.004001s ]
INFO: Run Behavior\CheckLangBehavior [ RunTime:0.003000s ]
INFO: Run Common\Behavior\UrldecodeGetBehavior [ RunTime:0.001000s ]
INFO: [ app_begin ] --END-- [ RunTime:0.012001s ]
NOTIC: [8] Undefined index: url D:\yuesao\application\Common\Controller\AppframeController.class.php 第 22 行.

[ 2017-06-12T14:51:49+08:00 ] 127.0.0.1 /index.php?g=user&m=index&a=is_login
INFO: [ app_begin ] --START--
INFO: Run Behavior\ReadHtmlCacheBehavior [ RunTime:0.002001s ]
INFO: Run Behavior\CheckLangBehavior [ RunTime:0.002000s ]
INFO: Run Common\Behavior\UrldecodeGetBehavior [ RunTime:0.000000s ]
INFO: [ app_begin ] --END-- [ RunTime:0.006001s ]
NOTIC: [8] Undefined index: url D:\yuesao\application\Common\Controller\AppframeController.class.php 第 22 行.

[ 2017-06-12T14:51:56+08:00 ] 127.0.0.1 /index.php?g=user&m=login&a=dypassword&mobile=14564356789
INFO: [ app_begin ] --START--
INFO: Run Behavior\ReadHtmlCacheBehavior [ RunTime:0.001000s ]
INFO: Run Behavior\CheckLangBehavior [ RunTime:0.002000s ]
INFO: Run Common\Behavior\UrldecodeGetBehavior [ RunTime:0.001001s ]
INFO: [ app_begin ] --END-- [ RunTime:0.005001s ]

[ 2017-06-12T15:01:02+08:00 ] 127.0.0.1 /index.php?g=user&m=index&a=is_login
INFO: [ app_begin ] --START--
INFO: Run Behavior\ReadHtmlCacheBehavior [ RunTime:0.003000s ]
INFO: Run Behavior\CheckLangBehavior [ RunTime:0.002000s ]
INFO: Run Common\Behavior\UrldecodeGetBehavior [ RunTime:0.001000s ]
INFO: [ app_begin ] --END-- [ RunTime:0.007001s ]
NOTIC: [8] Undefined index: url D:\yuesao\application\Common\Controller\AppframeController.class.php 第 22 行.

[ 2017-06-12T15:01:10+08:00 ] 127.0.0.1 /index.php?g=user&m=login&a=dypassword&mobile=13435675346
INFO: [ app_begin ] --START--
INFO: Run Behavior\ReadHtmlCacheBehavior [ RunTime:0.001001s ]
INFO: Run Behavior\CheckLangBehavior [ RunTime:0.001000s ]
INFO: Run Common\Behavior\UrldecodeGetBehavior [ RunTime:0.000000s ]
INFO: [ app_begin ] --END-- [ RunTime:0.003001s ]
SQL: SHOW COLUMNS FROM `ys_users` [ RunTime:0.0020s ]
SQL: SELECT * FROM `ys_users` WHERE ( mobile=13435675346 ) LIMIT 1   [ RunTime:0.0000s ]

[ 2017-06-12T15:01:56+08:00 ] 127.0.0.1 /index.php?g=user&m=index&a=is_login
INFO: [ app_begin ] --START--
INFO: Run Behavior\ReadHtmlCacheBehavior [ RunTime:0.001000s ]
INFO: Run Behavior\CheckLangBehavior [ RunTime:0.003000s ]
INFO: Run Common\Behavior\UrldecodeGetBehavior [ RunTime:0.001000s ]
INFO: [ app_begin ] --END-- [ RunTime:0.006000s ]
NOTIC: [8] Undefined index: url D:\yuesao\application\Common\Controller\AppframeController.class.php 第 22 行.

[ 2017-06-12T15:01:57+08:00 ] 127.0.0.1 /index.php?g=user&m=index&a=is_login
INFO: [ app_begin ] --START--
INFO: Run Behavior\ReadHtmlCacheBehavior [ RunTime:0.001000s ]
INFO: Run Behavior\CheckLangBehavior [ RunTime:0.002000s ]
INFO: Run Common\Behavior\UrldecodeGetBehavior [ RunTime:0.001000s ]
INFO: [ app_begin ] --END-- [ RunTime:0.005000s ]
NOTIC: [8] Undefined index: url D:\yuesao\application\Common\Controller\AppframeController.class.php 第 22 行.

[ 2017-06-12T15:02:02+08:00 ] 127.0.0.1 /index.php?g=user&m=login&a=dypassword&mobile=123123123123
INFO: [ app_begin ] --START--
INFO: Run Behavior\ReadHtmlCacheBehavior [ RunTime:0.001000s ]
INFO: Run Behavior\CheckLangBehavior [ RunTime:0.003001s ]
INFO: Run Common\Behavior\UrldecodeGetBehavior [ RunTime:0.001000s ]
INFO: [ app_begin ] --END-- [ RunTime:0.007001s ]
SQL: SHOW COLUMNS FROM `ys_users` [ RunTime:0.0020s ]
SQL: SELECT * FROM `ys_users` WHERE ( mobile=123123123123 ) LIMIT 1   [ RunTime:0.0000s ]

[ 2017-06-12T15:02:04+08:00 ] 127.0.0.1 /index.php?g=user&m=index&a=is_login
INFO: [ app_begin ] --START--
INFO: Run Behavior\ReadHtmlCacheBehavior [ RunTime:0.001000s ]
INFO: Run Behavior\CheckLangBehavior [ RunTime:0.002000s ]
INFO: Run Common\Behavior\UrldecodeGetBehavior [ RunTime:0.001000s ]
INFO: [ app_begin ] --END-- [ RunTime:0.005000s ]
NOTIC: [8] Undefined index: url D:\yuesao\application\Common\Controller\AppframeController.class.php 第 22 行.

[ 2017-06-12T15:02:15+08:00 ] 127.0.0.1 /index.php?g=user&m=index&a=is_login
INFO: [ app_begin ] --START--
INFO: Run Behavior\ReadHtmlCacheBehavior [ RunTime:0.001000s ]
INFO: Run Behavior\CheckLangBehavior [ RunTime:0.002000s ]
INFO: Run Common\Behavior\UrldecodeGetBehavior [ RunTime:0.000000s ]
INFO: [ app_begin ] --END-- [ RunTime:0.003000s ]
NOTIC: [8] Undefined index: url D:\yuesao\application\Common\Controller\AppframeController.class.php 第 22 行.

[ 2017-06-12T15:02:43+08:00 ] 127.0.0.1 /index.php?g=user&m=index&a=is_login
INFO: [ app_begin ] --START--
INFO: Run Behavior\ReadHtmlCacheBehavior [ RunTime:0.004000s ]
INFO: Run Behavior\CheckLangBehavior [ RunTime:0.003000s ]
INFO: Run Common\Behavior\UrldecodeGetBehavior [ RunTime:0.001000s ]
INFO: [ app_begin ] --END-- [ RunTime:0.009000s ]
NOTIC: [8] Undefined index: url D:\yuesao\application\Common\Controller\AppframeController.class.php 第 22 行.

[ 2017-06-12T15:02:48+08:00 ] 127.0.0.1 /index.php?g=user&m=login&a=dypassword&mobile=15715848363
INFO: [ app_begin ] --START--
INFO: Run Behavior\ReadHtmlCacheBehavior [ RunTime:0.001000s ]
INFO: Run Behavior\CheckLangBehavior [ RunTime:0.001000s ]
INFO: Run Common\Behavior\UrldecodeGetBehavior [ RunTime:0.001000s ]
INFO: [ app_begin ] --END-- [ RunTime:0.004000s ]
SQL: SHOW COLUMNS FROM `ys_users` [ RunTime:0.0010s ]
SQL: SELECT * FROM `ys_users` WHERE ( mobile=15715848363 ) LIMIT 1   [ RunTime:0.0010s ]
INFO: [ app_end ] --START--
INFO: Run Behavior\ShowPageTraceBehavior [ RunTime:0.002000s ]
INFO: [ app_end ] --END-- [ RunTime:0.002000s ]

[ 2017-06-12T15:03:06+08:00 ] 127.0.0.1 /index.php?g=user&m=login&a=dypassword
ERR: 1064:You have an error in your SQL syntax; check the manual that corresponds to your MySQL server version for the right syntax to use near ') LIMIT 1' at line 1
 [ SQL语句 ] : SELECT * FROM `ys_users` WHERE ( mobile= ) LIMIT 1  

[ 2017-06-12T15:09:24+08:00 ] 127.0.0.1 /index.php?g=user&m=index&a=is_login
INFO: [ app_begin ] --START--
INFO: Run Behavior\ReadHtmlCacheBehavior [ RunTime:0.001000s ]
INFO: Run Behavior\CheckLangBehavior [ RunTime:0.001000s ]
INFO: Run Common\Behavior\UrldecodeGetBehavior [ RunTime:0.000000s ]
INFO: [ app_begin ] --END-- [ RunTime:0.003000s ]
NOTIC: [8] Undefined index: url D:\yuesao\application\Common\Controller\AppframeController.class.php 第 22 行.

[ 2017-06-12T15:09:29+08:00 ] 127.0.0.1 /index.php?g=user&m=login&a=dypassword&mobile=
INFO: [ app_begin ] --START--
INFO: Run Behavior\ReadHtmlCacheBehavior [ RunTime:0.000000s ]
INFO: Run Behavior\CheckLangBehavior [ RunTime:0.002000s ]
INFO: Run Common\Behavior\UrldecodeGetBehavior [ RunTime:0.000000s ]
INFO: [ app_begin ] --END-- [ RunTime:0.003000s ]
SQL: SHOW COLUMNS FROM `ys_users` [ RunTime:0.0010s ]
ERR: 1064:You have an error in your SQL syntax; check the manual that corresponds to your MySQL server version for the right syntax to use near ') LIMIT 1' at line 1
 [ SQL语句 ] : SELECT * FROM `ys_users` WHERE ( mobile= ) LIMIT 1  
ERR: 1064:You have an error in your SQL syntax; check the manual that corresponds to your MySQL server version for the right syntax to use near ') LIMIT 1' at line 1
 [ SQL语句 ] : SELECT * FROM `ys_users` WHERE ( mobile= ) LIMIT 1  

[ 2017-06-12T15:09:30+08:00 ] 127.0.0.1 /index.php?g=user&m=login&a=dypassword&mobile=
INFO: [ app_begin ] --START--
INFO: Run Behavior\ReadHtmlCacheBehavior [ RunTime:0.000000s ]
INFO: Run Behavior\CheckLangBehavior [ RunTime:0.001000s ]
INFO: Run Common\Behavior\UrldecodeGetBehavior [ RunTime:0.000000s ]
INFO: [ app_begin ] --END-- [ RunTime:0.003000s ]
SQL: SHOW COLUMNS FROM `ys_users` [ RunTime:0.0000s ]
ERR: 1064:You have an error in your SQL syntax; check the manual that corresponds to your MySQL server version for the right syntax to use near ') LIMIT 1' at line 1
 [ SQL语句 ] : SELECT * FROM `ys_users` WHERE ( mobile= ) LIMIT 1  
ERR: 1064:You have an error in your SQL syntax; check the manual that corresponds to your MySQL server version for the right syntax to use near ') LIMIT 1' at line 1
 [ SQL语句 ] : SELECT * FROM `ys_users` WHERE ( mobile= ) LIMIT 1  

[ 2017-06-12T15:09:36+08:00 ] 127.0.0.1 /index.php?g=user&m=login&a=dypassword&mobile=
INFO: [ app_begin ] --START--
INFO: Run Behavior\ReadHtmlCacheBehavior [ RunTime:0.000000s ]
INFO: Run Behavior\CheckLangBehavior [ RunTime:0.002001s ]
INFO: Run Common\Behavior\UrldecodeGetBehavior [ RunTime:0.001000s ]
INFO: [ app_begin ] --END-- [ RunTime:0.005001s ]
SQL: SHOW COLUMNS FROM `ys_users` [ RunTime:0.0020s ]
ERR: 1064:You have an error in your SQL syntax; check the manual that corresponds to your MySQL server version for the right syntax to use near ') LIMIT 1' at line 1
 [ SQL语句 ] : SELECT * FROM `ys_users` WHERE ( mobile= ) LIMIT 1  
ERR: 1064:You have an error in your SQL syntax; check the manual that corresponds to your MySQL server version for the right syntax to use near ') LIMIT 1' at line 1
 [ SQL语句 ] : SELECT * FROM `ys_users` WHERE ( mobile= ) LIMIT 1  

[ 2017-06-12T15:09:44+08:00 ] 127.0.0.1 /index.php?g=user&m=login&a=dypassword&mobile=12345678
INFO: [ app_begin ] --START--
INFO: Run Behavior\ReadHtmlCacheBehavior [ RunTime:0.001000s ]
INFO: Run Behavior\CheckLangBehavior [ RunTime:0.002000s ]
INFO: Run Common\Behavior\UrldecodeGetBehavior [ RunTime:0.001000s ]
INFO: [ app_begin ] --END-- [ RunTime:0.005000s ]
SQL: SHOW COLUMNS FROM `ys_users` [ RunTime:0.0010s ]
SQL: SELECT * FROM `ys_users` WHERE ( mobile=12345678 ) LIMIT 1   [ RunTime:0.0000s ]

[ 2017-06-12T15:09:46+08:00 ] 127.0.0.1 /index.php?g=user&m=index&a=is_login
INFO: [ app_begin ] --START--
INFO: Run Behavior\ReadHtmlCacheBehavior [ RunTime:0.001000s ]
INFO: Run Behavior\CheckLangBehavior [ RunTime:0.005000s ]
INFO: Run Common\Behavior\UrldecodeGetBehavior [ RunTime:0.000000s ]
INFO: [ app_begin ] --END-- [ RunTime:0.008001s ]
NOTIC: [8] Undefined index: url D:\yuesao\application\Common\Controller\AppframeController.class.php 第 22 行.

[ 2017-06-12T15:09:49+08:00 ] 127.0.0.1 /index.php?g=user&m=index&a=is_login
INFO: [ app_begin ] --START--
INFO: Run Behavior\ReadHtmlCacheBehavior [ RunTime:0.002000s ]
INFO: Run Behavior\CheckLangBehavior [ RunTime:0.002000s ]
INFO: Run Common\Behavior\UrldecodeGetBehavior [ RunTime:0.001000s ]
INFO: [ app_begin ] --END-- [ RunTime:0.008000s ]
NOTIC: [8] Undefined index: url D:\yuesao\application\Common\Controller\AppframeController.class.php 第 22 行.

[ 2017-06-12T15:09:57+08:00 ] 127.0.0.1 /index.php?g=user&m=login&a=dypassword&mobile=15715848363
INFO: [ app_begin ] --START--
INFO: Run Behavior\ReadHtmlCacheBehavior [ RunTime:0.001000s ]
INFO: Run Behavior\CheckLangBehavior [ RunTime:0.003001s ]
INFO: Run Common\Behavior\UrldecodeGetBehavior [ RunTime:0.001000s ]
INFO: [ app_begin ] --END-- [ RunTime:0.006001s ]
SQL: SHOW COLUMNS FROM `ys_users` [ RunTime:0.0010s ]
SQL: SELECT * FROM `ys_users` WHERE ( mobile=15715848363 ) LIMIT 1   [ RunTime:0.0000s ]
INFO: [ app_end ] --START--
INFO: Run Behavior\ShowPageTraceBehavior [ RunTime:0.002000s ]
INFO: [ app_end ] --END-- [ RunTime:0.002000s ]

[ 2017-06-12T15:24:48+08:00 ] 127.0.0.1 /index.php?g=user&m=index&a=is_login
INFO: [ app_begin ] --START--
INFO: Run Behavior\ReadHtmlCacheBehavior [ RunTime:0.001000s ]
INFO: Run Behavior\CheckLangBehavior [ RunTime:0.003000s ]
INFO: Run Common\Behavior\UrldecodeGetBehavior [ RunTime:0.002000s ]
INFO: [ app_begin ] --END-- [ RunTime:0.008001s ]
NOTIC: [8] Undefined index: url D:\yuesao\application\Common\Controller\AppframeController.class.php 第 22 行.

[ 2017-06-12T15:36:23+08:00 ] 127.0.0.1 /index.php?g=user&m=index&a=is_login
INFO: [ app_begin ] --START--
INFO: Run Behavior\ReadHtmlCacheBehavior [ RunTime:0.001000s ]
INFO: Run Behavior\CheckLangBehavior [ RunTime:0.002000s ]
INFO: Run Common\Behavior\UrldecodeGetBehavior [ RunTime:0.000000s ]
INFO: [ app_begin ] --END-- [ RunTime:0.004000s ]
NOTIC: [8] Undefined index: url D:\yuesao\application\Common\Controller\AppframeController.class.php 第 22 行.

[ 2017-06-12T15:36:24+08:00 ] 127.0.0.1 /index.php?g=user&m=login&a=dypassword&mobile=
INFO: [ app_begin ] --START--
INFO: Run Behavior\ReadHtmlCacheBehavior [ RunTime:0.000000s ]
INFO: Run Behavior\CheckLangBehavior [ RunTime:0.002000s ]
INFO: Run Common\Behavior\UrldecodeGetBehavior [ RunTime:0.000000s ]
INFO: [ app_begin ] --END-- [ RunTime:0.003000s ]
SQL: SHOW COLUMNS FROM `ys_users` [ RunTime:0.0010s ]
ERR: 1064:You have an error in your SQL syntax; check the manual that corresponds to your MySQL server version for the right syntax to use near ') LIMIT 1' at line 1
 [ SQL语句 ] : SELECT * FROM `ys_users` WHERE ( mobile= ) LIMIT 1  
ERR: 1064:You have an error in your SQL syntax; check the manual that corresponds to your MySQL server version for the right syntax to use near ') LIMIT 1' at line 1
 [ SQL语句 ] : SELECT * FROM `ys_users` WHERE ( mobile= ) LIMIT 1  

[ 2017-06-12T15:36:25+08:00 ] 127.0.0.1 /index.php?g=user&m=login&a=dypassword&mobile=
INFO: [ app_begin ] --START--
INFO: Run Behavior\ReadHtmlCacheBehavior [ RunTime:0.001000s ]
INFO: Run Behavior\CheckLangBehavior [ RunTime:0.002000s ]
INFO: Run Common\Behavior\UrldecodeGetBehavior [ RunTime:0.000000s ]
INFO: [ app_begin ] --END-- [ RunTime:0.003000s ]
SQL: SHOW COLUMNS FROM `ys_users` [ RunTime:0.0010s ]
ERR: 1064:You have an error in your SQL syntax; check the manual that corresponds to your MySQL server version for the right syntax to use near ') LIMIT 1' at line 1
 [ SQL语句 ] : SELECT * FROM `ys_users` WHERE ( mobile= ) LIMIT 1  
ERR: 1064:You have an error in your SQL syntax; check the manual that corresponds to your MySQL server version for the right syntax to use near ') LIMIT 1' at line 1
 [ SQL语句 ] : SELECT * FROM `ys_users` WHERE ( mobile= ) LIMIT 1  

[ 2017-06-12T15:36:39+08:00 ] 127.0.0.1 /index.php?g=user&m=login&a=dypassword&mobile=15715848363
INFO: [ app_begin ] --START--
INFO: Run Behavior\ReadHtmlCacheBehavior [ RunTime:0.003000s ]
INFO: Run Behavior\CheckLangBehavior [ RunTime:0.005000s ]
INFO: Run Common\Behavior\UrldecodeGetBehavior [ RunTime:0.002000s ]
INFO: [ app_begin ] --END-- [ RunTime:0.012000s ]
SQL: SHOW COLUMNS FROM `ys_users` [ RunTime:0.0010s ]
SQL: SELECT * FROM `ys_users` WHERE ( mobile=15715848363 ) LIMIT 1   [ RunTime:0.0010s ]
INFO: [ app_end ] --START--
INFO: Run Behavior\ShowPageTraceBehavior [ RunTime:0.002000s ]
INFO: [ app_end ] --END-- [ RunTime:0.002000s ]

[ 2017-06-12T15:46:19+08:00 ] 127.0.0.1 /index.php?g=user&m=index&a=is_login
INFO: [ app_begin ] --START--
INFO: Run Behavior\ReadHtmlCacheBehavior [ RunTime:0.001000s ]
INFO: Run Behavior\CheckLangBehavior [ RunTime:0.003000s ]
INFO: Run Common\Behavior\UrldecodeGetBehavior [ RunTime:0.000000s ]
INFO: [ app_begin ] --END-- [ RunTime:0.006000s ]
NOTIC: [8] Undefined index: url D:\yuesao\application\Common\Controller\AppframeController.class.php 第 22 行.

[ 2017-06-12T15:46:25+08:00 ] 127.0.0.1 /index.php?g=user&m=login&a=dypassword&mobile=15715848363
INFO: [ app_begin ] --START--
INFO: Run Behavior\ReadHtmlCacheBehavior [ RunTime:0.001000s ]
INFO: Run Behavior\CheckLangBehavior [ RunTime:0.003001s ]
INFO: Run Common\Behavior\UrldecodeGetBehavior [ RunTime:0.002000s ]
INFO: [ app_begin ] --END-- [ RunTime:0.007001s ]
SQL: SHOW COLUMNS FROM `ys_users` [ RunTime:0.0020s ]
SQL: SELECT * FROM `ys_users` WHERE ( mobile=15715848363 ) LIMIT 1   [ RunTime:0.0020s ]
INFO: [ app_end ] --START--
INFO: Run Behavior\ShowPageTraceBehavior [ RunTime:0.002000s ]
INFO: [ app_end ] --END-- [ RunTime:0.002000s ]

[ 2017-06-12T15:46:59+08:00 ] 127.0.0.1 /index.php?g=user&m=index&a=is_login
INFO: [ app_begin ] --START--
INFO: Run Behavior\ReadHtmlCacheBehavior [ RunTime:0.001000s ]
INFO: Run Behavior\CheckLangBehavior [ RunTime:0.005000s ]
INFO: Run Common\Behavior\UrldecodeGetBehavior [ RunTime:0.001000s ]
INFO: [ app_begin ] --END-- [ RunTime:0.008000s ]
NOTIC: [8] Undefined index: url D:\yuesao\application\Common\Controller\AppframeController.class.php 第 22 行.

[ 2017-06-12T15:50:15+08:00 ] 127.0.0.1 /index.php?g=user&m=index&a=is_login
INFO: [ app_begin ] --START--
INFO: Run Behavior\ReadHtmlCacheBehavior [ RunTime:0.002000s ]
INFO: Run Behavior\CheckLangBehavior [ RunTime:0.006000s ]
INFO: Run Common\Behavior\UrldecodeGetBehavior [ RunTime:0.001000s ]
INFO: [ app_begin ] --END-- [ RunTime:0.012001s ]
NOTIC: [8] Undefined index: url D:\yuesao\application\Common\Controller\AppframeController.class.php 第 22 行.

[ 2017-06-12T15:50:49+08:00 ] 127.0.0.1 /index.php?g=user&m=index&a=is_login
INFO: [ app_begin ] --START--
INFO: Run Behavior\ReadHtmlCacheBehavior [ RunTime:0.001000s ]
INFO: Run Behavior\CheckLangBehavior [ RunTime:0.003001s ]
INFO: Run Common\Behavior\UrldecodeGetBehavior [ RunTime:0.006000s ]
INFO: [ app_begin ] --END-- [ RunTime:0.012001s ]
NOTIC: [8] Undefined index: url D:\yuesao\application\Common\Controller\AppframeController.class.php 第 22 行.

[ 2017-06-12T17:16:45+08:00 ] 127.0.0.1 /index.php?g=user&m=index&a=is_login
INFO: [ app_begin ] --START--
INFO: Run Behavior\ReadHtmlCacheBehavior [ RunTime:0.001000s ]
INFO: Run Behavior\CheckLangBehavior [ RunTime:0.001000s ]
INFO: Run Common\Behavior\UrldecodeGetBehavior [ RunTime:0.000000s ]
INFO: [ app_begin ] --END-- [ RunTime:0.002000s ]
NOTIC: [8] Undefined index: url D:\yuesao\application\Common\Controller\AppframeController.class.php 第 22 行.

[ 2017-06-12T17:19:44+08:00 ] 127.0.0.1 /index.php?g=user&m=index&a=is_login
INFO: [ app_begin ] --START--
INFO: Run Behavior\ReadHtmlCacheBehavior [ RunTime:0.001000s ]
INFO: Run Behavior\CheckLangBehavior [ RunTime:0.003001s ]
INFO: Run Common\Behavior\UrldecodeGetBehavior [ RunTime:0.001000s ]
INFO: [ app_begin ] --END-- [ RunTime:0.007001s ]
NOTIC: [8] Undefined index: url D:\yuesao\application\Common\Controller\AppframeController.class.php 第 22 行.

[ 2017-06-12T17:19:45+08:00 ] 127.0.0.1 /index.php?g=user&m=index&a=is_login
INFO: [ app_begin ] --START--
INFO: Run Behavior\ReadHtmlCacheBehavior [ RunTime:0.001000s ]
INFO: Run Behavior\CheckLangBehavior [ RunTime:0.002000s ]
INFO: Run Common\Behavior\UrldecodeGetBehavior [ RunTime:0.001000s ]
INFO: [ app_begin ] --END-- [ RunTime:0.006000s ]
NOTIC: [8] Undefined index: url D:\yuesao\application\Common\Controller\AppframeController.class.php 第 22 行.

[ 2017-06-12T17:19:46+08:00 ] 127.0.0.1 /index.php?g=user&m=index&a=is_login
INFO: [ app_begin ] --START--
INFO: Run Behavior\ReadHtmlCacheBehavior [ RunTime:0.001000s ]
INFO: Run Behavior\CheckLangBehavior [ RunTime:0.004000s ]
INFO: Run Common\Behavior\UrldecodeGetBehavior [ RunTime:0.001000s ]
INFO: [ app_begin ] --END-- [ RunTime:0.008000s ]
NOTIC: [8] Undefined index: url D:\yuesao\application\Common\Controller\AppframeController.class.php 第 22 行.

[ 2017-06-12T17:21:03+08:00 ] 127.0.0.1 /index.php?g=user&m=index&a=is_login
INFO: [ app_begin ] --START--
INFO: Run Behavior\ReadHtmlCacheBehavior [ RunTime:0.003000s ]
INFO: Run Behavior\CheckLangBehavior [ RunTime:0.005001s ]
INFO: Run Common\Behavior\UrldecodeGetBehavior [ RunTime:0.001000s ]
INFO: [ app_begin ] --END-- [ RunTime:0.011001s ]
NOTIC: [8] Undefined index: url D:\yuesao\application\Common\Controller\AppframeController.class.php 第 22 行.

[ 2017-06-12T17:22:06+08:00 ] 127.0.0.1 /index.php?g=user&m=index&a=is_login
INFO: [ app_begin ] --START--
INFO: Run Behavior\ReadHtmlCacheBehavior [ RunTime:0.002000s ]
INFO: Run Behavior\CheckLangBehavior [ RunTime:0.004000s ]
INFO: Run Common\Behavior\UrldecodeGetBehavior [ RunTime:0.001000s ]
INFO: [ app_begin ] --END-- [ RunTime:0.008000s ]
NOTIC: [8] Undefined index: url D:\yuesao\application\Common\Controller\AppframeController.class.php 第 22 行.

[ 2017-06-12T17:22:48+08:00 ] 127.0.0.1 /index.php?g=user&m=index&a=is_login
INFO: [ app_begin ] --START--
INFO: Run Behavior\ReadHtmlCacheBehavior [ RunTime:0.001000s ]
INFO: Run Behavior\CheckLangBehavior [ RunTime:0.001001s ]
INFO: Run Common\Behavior\UrldecodeGetBehavior [ RunTime:0.001000s ]
INFO: [ app_begin ] --END-- [ RunTime:0.004001s ]
NOTIC: [8] Undefined index: url D:\yuesao\application\Common\Controller\AppframeController.class.php 第 22 行.

[ 2017-06-12T17:22:59+08:00 ] 127.0.0.1 /index.php?g=user&m=index&a=is_login
INFO: [ app_begin ] --START--
INFO: Run Behavior\ReadHtmlCacheBehavior [ RunTime:0.002000s ]
INFO: Run Behavior\CheckLangBehavior [ RunTime:0.005001s ]
INFO: Run Common\Behavior\UrldecodeGetBehavior [ RunTime:0.002000s ]
INFO: [ app_begin ] --END-- [ RunTime:0.010001s ]
NOTIC: [8] Undefined index: url D:\yuesao\application\Common\Controller\AppframeController.class.php 第 22 行.

[ 2017-06-12T17:24:18+08:00 ] 127.0.0.1 /index.php?g=user&m=index&a=is_login
INFO: [ app_begin ] --START--
INFO: Run Behavior\ReadHtmlCacheBehavior [ RunTime:0.001000s ]
INFO: Run Behavior\CheckLangBehavior [ RunTime:0.006001s ]
INFO: Run Common\Behavior\UrldecodeGetBehavior [ RunTime:0.001000s ]
INFO: [ app_begin ] --END-- [ RunTime:0.010001s ]
NOTIC: [8] Undefined index: url D:\yuesao\application\Common\Controller\AppframeController.class.php 第 22 行.

[ 2017-06-12T17:24:48+08:00 ] 127.0.0.1 /index.php?g=user&m=index&a=is_login
INFO: [ app_begin ] --START--
INFO: Run Behavior\ReadHtmlCacheBehavior [ RunTime:0.001000s ]
INFO: Run Behavior\CheckLangBehavior [ RunTime:0.002000s ]
INFO: Run Common\Behavior\UrldecodeGetBehavior [ RunTime:0.001000s ]
INFO: [ app_begin ] --END-- [ RunTime:0.005000s ]
NOTIC: [8] Undefined index: url D:\yuesao\application\Common\Controller\AppframeController.class.php 第 22 行.

[ 2017-06-12T17:25:27+08:00 ] 127.0.0.1 /index.php?g=user&m=index&a=is_login
INFO: [ app_begin ] --START--
INFO: Run Behavior\ReadHtmlCacheBehavior [ RunTime:0.001000s ]
INFO: Run Behavior\CheckLangBehavior [ RunTime:0.004001s ]
INFO: Run Common\Behavior\UrldecodeGetBehavior [ RunTime:0.000000s ]
INFO: [ app_begin ] --END-- [ RunTime:0.007001s ]
NOTIC: [8] Undefined index: url D:\yuesao\application\Common\Controller\AppframeController.class.php 第 22 行.

[ 2017-06-12T17:26:09+08:00 ] 127.0.0.1 /index.php?g=user&m=index&a=is_login
INFO: [ app_begin ] --START--
INFO: Run Behavior\ReadHtmlCacheBehavior [ RunTime:0.002001s ]
INFO: Run Behavior\CheckLangBehavior [ RunTime:0.001000s ]
INFO: Run Common\Behavior\UrldecodeGetBehavior [ RunTime:0.001000s ]
INFO: [ app_begin ] --END-- [ RunTime:0.005001s ]
NOTIC: [8] Undefined index: url D:\yuesao\application\Common\Controller\AppframeController.class.php 第 22 行.

[ 2017-06-12T17:26:10+08:00 ] 127.0.0.1 /index.php?g=user&m=index&a=is_login
INFO: [ app_begin ] --START--
INFO: Run Behavior\ReadHtmlCacheBehavior [ RunTime:0.001000s ]
INFO: Run Behavior\CheckLangBehavior [ RunTime:0.005000s ]
INFO: Run Common\Behavior\UrldecodeGetBehavior [ RunTime:0.001000s ]
INFO: [ app_begin ] --END-- [ RunTime:0.008000s ]
NOTIC: [8] Undefined index: url D:\yuesao\application\Common\Controller\AppframeController.class.php 第 22 行.

[ 2017-06-12T17:26:48+08:00 ] 127.0.0.1 /index.php?g=user&m=index&a=is_login
INFO: [ app_begin ] --START--
INFO: Run Behavior\ReadHtmlCacheBehavior [ RunTime:0.001000s ]
INFO: Run Behavior\CheckLangBehavior [ RunTime:0.002000s ]
INFO: Run Common\Behavior\UrldecodeGetBehavior [ RunTime:0.001000s ]
INFO: [ app_begin ] --END-- [ RunTime:0.004000s ]
NOTIC: [8] Undefined index: url D:\yuesao\application\Common\Controller\AppframeController.class.php 第 22 行.

[ 2017-06-12T17:26:48+08:00 ] 127.0.0.1 /index.php?g=user&m=index&a=is_login
INFO: [ app_begin ] --START--
INFO: Run Behavior\ReadHtmlCacheBehavior [ RunTime:0.001000s ]
INFO: Run Behavior\CheckLangBehavior [ RunTime:0.002000s ]
INFO: Run Common\Behavior\UrldecodeGetBehavior [ RunTime:0.000000s ]
INFO: [ app_begin ] --END-- [ RunTime:0.003000s ]
NOTIC: [8] Undefined index: url D:\yuesao\application\Common\Controller\AppframeController.class.php 第 22 行.

[ 2017-06-12T17:27:57+08:00 ] 127.0.0.1 /index.php?g=user&m=index&a=is_login
INFO: [ app_begin ] --START--
INFO: Run Behavior\ReadHtmlCacheBehavior [ RunTime:0.002000s ]
INFO: Run Behavior\CheckLangBehavior [ RunTime:0.002001s ]
INFO: Run Common\Behavior\UrldecodeGetBehavior [ RunTime:0.001000s ]
INFO: [ app_begin ] --END-- [ RunTime:0.008001s ]
NOTIC: [8] Undefined index: url D:\yuesao\application\Common\Controller\AppframeController.class.php 第 22 行.

[ 2017-06-12T17:27:58+08:00 ] 127.0.0.1 /index.php?g=user&m=index&a=is_login
INFO: [ app_begin ] --START--
INFO: Run Behavior\ReadHtmlCacheBehavior [ RunTime:0.001000s ]
INFO: Run Behavior\CheckLangBehavior [ RunTime:0.003000s ]
INFO: Run Common\Behavior\UrldecodeGetBehavior [ RunTime:0.001000s ]
INFO: [ app_begin ] --END-- [ RunTime:0.008000s ]
NOTIC: [8] Undefined index: url D:\yuesao\application\Common\Controller\AppframeController.class.php 第 22 行.

[ 2017-06-12T17:28:00+08:00 ] 127.0.0.1 /index.php?g=user&m=login&a=dypassword&mobile=15715848363
INFO: [ app_begin ] --START--
INFO: Run Behavior\ReadHtmlCacheBehavior [ RunTime:0.001000s ]
INFO: Run Behavior\CheckLangBehavior [ RunTime:0.001000s ]
INFO: Run Common\Behavior\UrldecodeGetBehavior [ RunTime:0.001000s ]
INFO: [ app_begin ] --END-- [ RunTime:0.003000s ]
SQL: SHOW COLUMNS FROM `ys_users` [ RunTime:0.0020s ]
SQL: SELECT * FROM `ys_users` WHERE ( mobile=15715848363 ) LIMIT 1   [ RunTime:0.0000s ]
INFO: [ app_end ] --START--
INFO: Run Behavior\ShowPageTraceBehavior [ RunTime:0.001000s ]
INFO: [ app_end ] --END-- [ RunTime:0.002000s ]

[ 2017-06-12T17:30:33+08:00 ] 127.0.0.1 /index.php?g=user&m=index&a=is_login
INFO: [ app_begin ] --START--
INFO: Run Behavior\ReadHtmlCacheBehavior [ RunTime:0.002000s ]
INFO: Run Behavior\CheckLangBehavior [ RunTime:0.004000s ]
INFO: Run Common\Behavior\UrldecodeGetBehavior [ RunTime:0.001001s ]
INFO: [ app_begin ] --END-- [ RunTime:0.009001s ]
NOTIC: [8] Undefined index: url D:\yuesao\application\Common\Controller\AppframeController.class.php 第 22 行.

[ 2017-06-12T17:31:07+08:00 ] 127.0.0.1 /index.php?g=user&m=login&a=dypassword&mobile=1548975
INFO: [ app_begin ] --START--
INFO: Run Behavior\ReadHtmlCacheBehavior [ RunTime:0.001000s ]
INFO: Run Behavior\CheckLangBehavior [ RunTime:0.002000s ]
INFO: Run Common\Behavior\UrldecodeGetBehavior [ RunTime:0.000000s ]
INFO: [ app_begin ] --END-- [ RunTime:0.004000s ]
SQL: SHOW COLUMNS FROM `ys_users` [ RunTime:0.0010s ]
SQL: SELECT * FROM `ys_users` WHERE ( mobile=1548975 ) LIMIT 1   [ RunTime:0.0010s ]

[ 2017-06-12T17:31:22+08:00 ] 127.0.0.1 /index.php?g=user&m=index&a=is_login
INFO: [ app_begin ] --START--
INFO: Run Behavior\ReadHtmlCacheBehavior [ RunTime:0.001001s ]
INFO: Run Behavior\CheckLangBehavior [ RunTime:0.003000s ]
INFO: Run Common\Behavior\UrldecodeGetBehavior [ RunTime:0.001000s ]
INFO: [ app_begin ] --END-- [ RunTime:0.006001s ]
NOTIC: [8] Undefined index: url D:\yuesao\application\Common\Controller\AppframeController.class.php 第 22 行.

[ 2017-06-12T17:31:28+08:00 ] 127.0.0.1 /index.php?g=user&m=index&a=is_login
INFO: [ app_begin ] --START--
INFO: Run Behavior\ReadHtmlCacheBehavior [ RunTime:0.000000s ]
INFO: Run Behavior\CheckLangBehavior [ RunTime:0.002000s ]
INFO: Run Common\Behavior\UrldecodeGetBehavior [ RunTime:0.000000s ]
INFO: [ app_begin ] --END-- [ RunTime:0.003000s ]
NOTIC: [8] Undefined index: url D:\yuesao\application\Common\Controller\AppframeController.class.php 第 22 行.

[ 2017-06-12T17:31:32+08:00 ] 127.0.0.1 /index.php?g=user&m=login&a=dypassword&mobile=15715848363
INFO: [ app_begin ] --START--
INFO: Run Behavior\ReadHtmlCacheBehavior [ RunTime:0.001000s ]
INFO: Run Behavior\CheckLangBehavior [ RunTime:0.001000s ]
INFO: Run Common\Behavior\UrldecodeGetBehavior [ RunTime:0.000000s ]
INFO: [ app_begin ] --END-- [ RunTime:0.003000s ]
SQL: SHOW COLUMNS FROM `ys_users` [ RunTime:0.0010s ]
SQL: SELECT * FROM `ys_users` WHERE ( mobile=15715848363 ) LIMIT 1   [ RunTime:0.0000s ]
INFO: [ app_end ] --START--
INFO: Run Behavior\ShowPageTraceBehavior [ RunTime:0.002000s ]
INFO: [ app_end ] --END-- [ RunTime:0.002000s ]

[ 2017-06-12T17:32:11+08:00 ] 127.0.0.1 /index.php?g=user&m=index&a=is_login
INFO: [ app_begin ] --START--
INFO: Run Behavior\ReadHtmlCacheBehavior [ RunTime:0.001000s ]
INFO: Run Behavior\CheckLangBehavior [ RunTime:0.001000s ]
INFO: Run Common\Behavior\UrldecodeGetBehavior [ RunTime:0.000000s ]
INFO: [ app_begin ] --END-- [ RunTime:0.003000s ]
NOTIC: [8] Undefined index: url D:\yuesao\application\Common\Controller\AppframeController.class.php 第 22 行.

[ 2017-06-12T17:32:11+08:00 ] 127.0.0.1 /index.php?g=user&m=index&a=is_login
INFO: [ app_begin ] --START--
INFO: Run Behavior\ReadHtmlCacheBehavior [ RunTime:0.000000s ]
INFO: Run Behavior\CheckLangBehavior [ RunTime:0.001000s ]
INFO: Run Common\Behavior\UrldecodeGetBehavior [ RunTime:0.000000s ]
INFO: [ app_begin ] --END-- [ RunTime:0.003000s ]
NOTIC: [8] Undefined index: url D:\yuesao\application\Common\Controller\AppframeController.class.php 第 22 行.

[ 2017-06-12T17:32:18+08:00 ] 127.0.0.1 /index.php?g=user&m=index&a=is_login
INFO: [ app_begin ] --START--
INFO: Run Behavior\ReadHtmlCacheBehavior [ RunTime:0.001000s ]
INFO: Run Behavior\CheckLangBehavior [ RunTime:0.002000s ]
INFO: Run Common\Behavior\UrldecodeGetBehavior [ RunTime:0.001000s ]
INFO: [ app_begin ] --END-- [ RunTime:0.004000s ]
NOTIC: [8] Undefined index: url D:\yuesao\application\Common\Controller\AppframeController.class.php 第 22 行.

[ 2017-06-12T17:32:33+08:00 ] 127.0.0.1 /index.php?g=user&m=index&a=is_login
INFO: [ app_begin ] --START--
INFO: Run Behavior\ReadHtmlCacheBehavior [ RunTime:0.001000s ]
INFO: Run Behavior\CheckLangBehavior [ RunTime:0.001000s ]
INFO: Run Common\Behavior\UrldecodeGetBehavior [ RunTime:0.000000s ]
INFO: [ app_begin ] --END-- [ RunTime:0.003000s ]
NOTIC: [8] Undefined index: url D:\yuesao\application\Common\Controller\AppframeController.class.php 第 22 行.

[ 2017-06-12T17:32:36+08:00 ] 127.0.0.1 /index.php?g=user&m=index&a=is_login
INFO: [ app_begin ] --START--
INFO: Run Behavior\ReadHtmlCacheBehavior [ RunTime:0.001000s ]
INFO: Run Behavior\CheckLangBehavior [ RunTime:0.001001s ]
INFO: Run Common\Behavior\UrldecodeGetBehavior [ RunTime:0.000000s ]
INFO: [ app_begin ] --END-- [ RunTime:0.003001s ]
NOTIC: [8] Undefined index: url D:\yuesao\application\Common\Controller\AppframeController.class.php 第 22 行.

[ 2017-06-12T17:32:38+08:00 ] 127.0.0.1 /index.php?g=user&m=index&a=is_login
INFO: [ app_begin ] --START--
INFO: Run Behavior\ReadHtmlCacheBehavior [ RunTime:0.001001s ]
INFO: Run Behavior\CheckLangBehavior [ RunTime:0.003000s ]
INFO: Run Common\Behavior\UrldecodeGetBehavior [ RunTime:0.001000s ]
INFO: [ app_begin ] --END-- [ RunTime:0.006001s ]
NOTIC: [8] Undefined index: url D:\yuesao\application\Common\Controller\AppframeController.class.php 第 22 行.

[ 2017-06-12T17:32:40+08:00 ] 127.0.0.1 /index.php?g=user&m=index&a=is_login
INFO: [ app_begin ] --START--
INFO: Run Behavior\ReadHtmlCacheBehavior [ RunTime:0.002001s ]
INFO: Run Behavior\CheckLangBehavior [ RunTime:0.003000s ]
INFO: Run Common\Behavior\UrldecodeGetBehavior [ RunTime:0.001000s ]
INFO: [ app_begin ] --END-- [ RunTime:0.007001s ]
NOTIC: [8] Undefined index: url D:\yuesao\application\Common\Controller\AppframeController.class.php 第 22 行.

[ 2017-06-12T17:52:16+08:00 ] 127.0.0.1 /index.php?g=user&m=index&a=is_login
INFO: [ app_begin ] --START--
INFO: Run Behavior\ReadHtmlCacheBehavior [ RunTime:0.001000s ]
INFO: Run Behavior\CheckLangBehavior [ RunTime:0.001000s ]
INFO: Run Common\Behavior\UrldecodeGetBehavior [ RunTime:0.001001s ]
INFO: [ app_begin ] --END-- [ RunTime:0.004001s ]
NOTIC: [8] Undefined index: url D:\yuesao\application\Common\Controller\AppframeController.class.php 第 22 行.

[ 2017-06-12T17:52:19+08:00 ] 127.0.0.1 /index.php?g=user&m=index&a=is_login
INFO: [ app_begin ] --START--
INFO: Run Behavior\ReadHtmlCacheBehavior [ RunTime:0.002001s ]
INFO: Run Behavior\CheckLangBehavior [ RunTime:0.003000s ]
INFO: Run Common\Behavior\UrldecodeGetBehavior [ RunTime:0.001000s ]
INFO: [ app_begin ] --END-- [ RunTime:0.008001s ]
NOTIC: [8] Undefined index: url D:\yuesao\application\Common\Controller\AppframeController.class.php 第 22 行.

[ 2017-06-12T17:52:19+08:00 ] 127.0.0.1 /index.php?g=user&m=index&a=is_login
INFO: [ app_begin ] --START--
INFO: Run Behavior\ReadHtmlCacheBehavior [ RunTime:0.000000s ]
INFO: Run Behavior\CheckLangBehavior [ RunTime:0.001000s ]
INFO: Run Common\Behavior\UrldecodeGetBehavior [ RunTime:0.001000s ]
INFO: [ app_begin ] --END-- [ RunTime:0.003000s ]
NOTIC: [8] Undefined index: url D:\yuesao\application\Common\Controller\AppframeController.class.php 第 22 行.

[ 2017-06-12T17:52:20+08:00 ] 127.0.0.1 /index.php?g=user&m=index&a=is_login
INFO: [ app_begin ] --START--
INFO: Run Behavior\ReadHtmlCacheBehavior [ RunTime:0.001000s ]
INFO: Run Behavior\CheckLangBehavior [ RunTime:0.001000s ]
INFO: Run Common\Behavior\UrldecodeGetBehavior [ RunTime:0.001000s ]
INFO: [ app_begin ] --END-- [ RunTime:0.003000s ]
NOTIC: [8] Undefined index: url D:\yuesao\application\Common\Controller\AppframeController.class.php 第 22 行.

[ 2017-06-12T17:52:22+08:00 ] 127.0.0.1 /index.php?g=user&m=login&a=dypassword&mobile=
INFO: [ app_begin ] --START--
INFO: Run Behavior\ReadHtmlCacheBehavior [ RunTime:0.001000s ]
INFO: Run Behavior\CheckLangBehavior [ RunTime:0.001000s ]
INFO: Run Common\Behavior\UrldecodeGetBehavior [ RunTime:0.001000s ]
INFO: [ app_begin ] --END-- [ RunTime:0.004000s ]
SQL: SHOW COLUMNS FROM `ys_users` [ RunTime:0.0010s ]
ERR: 1064:You have an error in your SQL syntax; check the manual that corresponds to your MySQL server version for the right syntax to use near ') LIMIT 1' at line 1
 [ SQL语句 ] : SELECT * FROM `ys_users` WHERE ( mobile= ) LIMIT 1  
ERR: 1064:You have an error in your SQL syntax; check the manual that corresponds to your MySQL server version for the right syntax to use near ') LIMIT 1' at line 1
 [ SQL语句 ] : SELECT * FROM `ys_users` WHERE ( mobile= ) LIMIT 1  

[ 2017-06-12T17:52:24+08:00 ] 127.0.0.1 /index.php?g=user&m=login&a=dypassword&mobile=
INFO: [ app_begin ] --START--
INFO: Run Behavior\ReadHtmlCacheBehavior [ RunTime:0.001000s ]
INFO: Run Behavior\CheckLangBehavior [ RunTime:0.001000s ]
INFO: Run Common\Behavior\UrldecodeGetBehavior [ RunTime:0.000000s ]
INFO: [ app_begin ] --END-- [ RunTime:0.003000s ]
SQL: SHOW COLUMNS FROM `ys_users` [ RunTime:0.0010s ]
ERR: 1064:You have an error in your SQL syntax; check the manual that corresponds to your MySQL server version for the right syntax to use near ') LIMIT 1' at line 1
 [ SQL语句 ] : SELECT * FROM `ys_users` WHERE ( mobile= ) LIMIT 1  
ERR: 1064:You have an error in your SQL syntax; check the manual that corresponds to your MySQL server version for the right syntax to use near ') LIMIT 1' at line 1
 [ SQL语句 ] : SELECT * FROM `ys_users` WHERE ( mobile= ) LIMIT 1  

[ 2017-06-12T17:52:46+08:00 ] 127.0.0.1 /index.php?g=user&m=login&a=dypassword&mobile=
INFO: [ app_begin ] --START--
INFO: Run Behavior\ReadHtmlCacheBehavior [ RunTime:0.001000s ]
INFO: Run Behavior\CheckLangBehavior [ RunTime:0.001000s ]
INFO: Run Common\Behavior\UrldecodeGetBehavior [ RunTime:0.000000s ]
INFO: [ app_begin ] --END-- [ RunTime:0.004000s ]
SQL: SHOW COLUMNS FROM `ys_users` [ RunTime:0.0000s ]
ERR: 1064:You have an error in your SQL syntax; check the manual that corresponds to your MySQL server version for the right syntax to use near ') LIMIT 1' at line 1
 [ SQL语句 ] : SELECT * FROM `ys_users` WHERE ( mobile= ) LIMIT 1  
ERR: 1064:You have an error in your SQL syntax; check the manual that corresponds to your MySQL server version for the right syntax to use near ') LIMIT 1' at line 1
 [ SQL语句 ] : SELECT * FROM `ys_users` WHERE ( mobile= ) LIMIT 1  

[ 2017-06-12T17:53:03+08:00 ] 127.0.0.1 /index.php?g=user&m=index&a=is_login
INFO: [ app_begin ] --START--
INFO: Run Behavior\ReadHtmlCacheBehavior [ RunTime:0.001000s ]
INFO: Run Behavior\CheckLangBehavior [ RunTime:0.002000s ]
INFO: Run Common\Behavior\UrldecodeGetBehavior [ RunTime:0.000000s ]
INFO: [ app_begin ] --END-- [ RunTime:0.005001s ]
NOTIC: [8] Undefined index: url D:\yuesao\application\Common\Controller\AppframeController.class.php 第 22 行.

[ 2017-06-12T17:53:05+08:00 ] 127.0.0.1 /index.php?g=user&m=login&a=dypassword&mobile=
INFO: [ app_begin ] --START--
INFO: Run Behavior\ReadHtmlCacheBehavior [ RunTime:0.002000s ]
INFO: Run Behavior\CheckLangBehavior [ RunTime:0.004000s ]
INFO: Run Common\Behavior\UrldecodeGetBehavior [ RunTime:0.001000s ]
INFO: [ app_begin ] --END-- [ RunTime:0.007000s ]

[ 2017-06-12T17:54:06+08:00 ] 127.0.0.1 /index.php?g=user&m=index&a=is_login
INFO: [ app_begin ] --START--
INFO: Run Behavior\ReadHtmlCacheBehavior [ RunTime:0.003000s ]
INFO: Run Behavior\CheckLangBehavior [ RunTime:0.003000s ]
INFO: Run Common\Behavior\UrldecodeGetBehavior [ RunTime:0.001000s ]
INFO: [ app_begin ] --END-- [ RunTime:0.008000s ]
NOTIC: [8] Undefined index: url D:\yuesao\application\Common\Controller\AppframeController.class.php 第 22 行.

[ 2017-06-12T17:54:07+08:00 ] 127.0.0.1 /index.php?g=user&m=index&a=is_login
INFO: [ app_begin ] --START--
INFO: Run Behavior\ReadHtmlCacheBehavior [ RunTime:0.001000s ]
INFO: Run Behavior\CheckLangBehavior [ RunTime:0.001000s ]
INFO: Run Common\Behavior\UrldecodeGetBehavior [ RunTime:0.000000s ]
INFO: [ app_begin ] --END-- [ RunTime:0.003000s ]
NOTIC: [8] Undefined index: url D:\yuesao\application\Common\Controller\AppframeController.class.php 第 22 行.

[ 2017-06-12T17:54:08+08:00 ] 127.0.0.1 /index.php?g=user&m=login&a=dypassword&mobile=
INFO: [ app_begin ] --START--
INFO: Run Behavior\ReadHtmlCacheBehavior [ RunTime:0.000000s ]
INFO: Run Behavior\CheckLangBehavior [ RunTime:0.002000s ]
INFO: Run Common\Behavior\UrldecodeGetBehavior [ RunTime:0.000000s ]
INFO: [ app_begin ] --END-- [ RunTime:0.003000s ]
SQL: SHOW COLUMNS FROM `ys_sms_varify` [ RunTime:0.0020s ]
ERR: 1452:Cannot add or update a child row: a foreign key constraint fails (`yuesao`.`ys_sms_varify`, CONSTRAINT `use` FOREIGN KEY (`user_id`) REFERENCES `ys_users` (`id`) ON DELETE SET NULL)
 [ SQL语句 ] : INSERT INTO `ys_sms_varify` (`user_id`,`mobile`,`code`,`deadline`) VALUES ('123','','123456','2017-06-12 17-59-08')
ERR: 1452:Cannot add or update a child row: a foreign key constraint fails (`yuesao`.`ys_sms_varify`, CONSTRAINT `use` FOREIGN KEY (`user_id`) REFERENCES `ys_users` (`id`) ON DELETE SET NULL)
 [ SQL语句 ] : INSERT INTO `ys_sms_varify` (`user_id`,`mobile`,`code`,`deadline`) VALUES ('123','','123456','2017-06-12 17-59-08')

[ 2017-06-12T17:54:52+08:00 ] 127.0.0.1 /index.php?g=user&m=index&a=is_login
INFO: [ app_begin ] --START--
INFO: Run Behavior\ReadHtmlCacheBehavior [ RunTime:0.001000s ]
INFO: Run Behavior\CheckLangBehavior [ RunTime:0.001000s ]
INFO: Run Common\Behavior\UrldecodeGetBehavior [ RunTime:0.001000s ]
INFO: [ app_begin ] --END-- [ RunTime:0.003000s ]
NOTIC: [8] Undefined index: url D:\yuesao\application\Common\Controller\AppframeController.class.php 第 22 行.

[ 2017-06-12T17:54:53+08:00 ] 127.0.0.1 /index.php?g=user&m=login&a=dypassword&mobile=
INFO: [ app_begin ] --START--
INFO: Run Behavior\ReadHtmlCacheBehavior [ RunTime:0.001000s ]
INFO: Run Behavior\CheckLangBehavior [ RunTime:0.002001s ]
INFO: Run Common\Behavior\UrldecodeGetBehavior [ RunTime:0.001000s ]
INFO: [ app_begin ] --END-- [ RunTime:0.005001s ]
SQL: SHOW COLUMNS FROM `ys_sms_varify` [ RunTime:0.0010s ]
ERR: 1452:Cannot add or update a child row: a foreign key constraint fails (`yuesao`.`ys_sms_varify`, CONSTRAINT `use` FOREIGN KEY (`user_id`) REFERENCES `ys_users` (`id`) ON DELETE SET NULL)
 [ SQL语句 ] : INSERT INTO `ys_sms_varify` (`user_id`,`mobile`,`code`,`deadline`) VALUES ('123','456789','123456','2017-06-12 17-59-53')
ERR: 1452:Cannot add or update a child row: a foreign key constraint fails (`yuesao`.`ys_sms_varify`, CONSTRAINT `use` FOREIGN KEY (`user_id`) REFERENCES `ys_users` (`id`) ON DELETE SET NULL)
 [ SQL语句 ] : INSERT INTO `ys_sms_varify` (`user_id`,`mobile`,`code`,`deadline`) VALUES ('123','456789','123456','2017-06-12 17-59-53')

[ 2017-06-12T17:55:24+08:00 ] 127.0.0.1 /index.php?g=user&m=index&a=is_login
INFO: [ app_begin ] --START--
INFO: Run Behavior\ReadHtmlCacheBehavior [ RunTime:0.000000s ]
INFO: Run Behavior\CheckLangBehavior [ RunTime:0.001000s ]
INFO: Run Common\Behavior\UrldecodeGetBehavior [ RunTime:0.001000s ]
INFO: [ app_begin ] --END-- [ RunTime:0.004000s ]
NOTIC: [8] Undefined index: url D:\yuesao\application\Common\Controller\AppframeController.class.php 第 22 行.

[ 2017-06-12T17:55:25+08:00 ] 127.0.0.1 /index.php?g=user&m=login&a=dypassword&mobile=
INFO: [ app_begin ] --START--
INFO: Run Behavior\ReadHtmlCacheBehavior [ RunTime:0.000000s ]
INFO: Run Behavior\CheckLangBehavior [ RunTime:0.002000s ]
INFO: Run Common\Behavior\UrldecodeGetBehavior [ RunTime:0.001000s ]
INFO: [ app_begin ] --END-- [ RunTime:0.007000s ]
SQL: SHOW COLUMNS FROM `ys_sms_varify` [ RunTime:0.0020s ]
SQL: INSERT INTO `ys_sms_varify` (`user_id`,`mobile`,`code`,`deadline`) VALUES ('3','456789','123456','2017-06-12 18-00-25') [ RunTime:0.0020s ]
INFO: [ app_end ] --START--
INFO: Run Behavior\ShowPageTraceBehavior [ RunTime:0.000000s ]
INFO: [ app_end ] --END-- [ RunTime:0.001000s ]

[ 2017-06-12T18:01:37+08:00 ] 127.0.0.1 /index.php?g=user&m=login&a=index&redirect=aHR0cDovL3d3dy55dWVzYW8uY29tL2luZGV4LnBocD9nPU9yZGVyJm09TWVtYmVyT3JkZXImYT1hbGxPcmRlciZ0eXBlPTM%3D
ERR: 无法加载控制器:Login

[ 2017-06-12T18:01:39+08:00 ] 127.0.0.1 /index.php?g=user&m=index&a=is_login
INFO: [ app_begin ] --START--
INFO: Run Behavior\ReadHtmlCacheBehavior [ RunTime:0.001000s ]
INFO: Run Behavior\CheckLangBehavior [ RunTime:0.001000s ]
INFO: Run Common\Behavior\UrldecodeGetBehavior [ RunTime:0.001000s ]
INFO: [ app_begin ] --END-- [ RunTime:0.003000s ]
NOTIC: [8] Undefined index: url D:\yuesao\application\Common\Controller\AppframeController.class.php 第 22 行.

[ 2017-06-12T18:01:40+08:00 ] 127.0.0.1 /index.php?g=user&m=index&a=is_login
INFO: [ app_begin ] --START--
INFO: Run Behavior\ReadHtmlCacheBehavior [ RunTime:0.001000s ]
INFO: Run Behavior\CheckLangBehavior [ RunTime:0.001000s ]
INFO: Run Common\Behavior\UrldecodeGetBehavior [ RunTime:0.001000s ]
INFO: [ app_begin ] --END-- [ RunTime:0.003000s ]
NOTIC: [8] Undefined index: url D:\yuesao\application\Common\Controller\AppframeController.class.php 第 22 行.

[ 2017-06-12T18:01:44+08:00 ] 127.0.0.1 /index.php?g=user&m=login&a=dypassword&mobile=123121
INFO: [ app_begin ] --START--
INFO: Run Behavior\ReadHtmlCacheBehavior [ RunTime:0.000000s ]
INFO: Run Behavior\CheckLangBehavior [ RunTime:0.003000s ]
INFO: Run Common\Behavior\UrldecodeGetBehavior [ RunTime:0.001000s ]
INFO: [ app_begin ] --END-- [ RunTime:0.005000s ]
SQL: SHOW COLUMNS FROM `ys_users` [ RunTime:0.0030s ]
SQL: SELECT * FROM `ys_users` WHERE ( mobile=123121 ) LIMIT 1   [ RunTime:0.0010s ]

[ 2017-06-12T18:01:55+08:00 ] 127.0.0.1 /index.php?g=user&m=login&a=dypassword&mobile=15715848363
INFO: [ app_begin ] --START--
INFO: Run Behavior\ReadHtmlCacheBehavior [ RunTime:0.002000s ]
INFO: Run Behavior\CheckLangBehavior [ RunTime:0.002000s ]
INFO: Run Common\Behavior\UrldecodeGetBehavior [ RunTime:0.001000s ]
INFO: [ app_begin ] --END-- [ RunTime:0.005000s ]
SQL: SHOW COLUMNS FROM `ys_users` [ RunTime:0.0010s ]
SQL: SELECT * FROM `ys_users` WHERE ( mobile=15715848363 ) LIMIT 1   [ RunTime:0.0010s ]
SQL: SHOW COLUMNS FROM `ys_sms_varify` [ RunTime:0.0040s ]
SQL: INSERT INTO `ys_sms_varify` (`user_id`,`mobile`,`code`,`deadline`) VALUES ('1','15715848363','9171','2017-06-12 18-06-55') [ RunTime:0.0040s ]
INFO: [ app_end ] --START--
INFO: Run Behavior\ShowPageTraceBehavior [ RunTime:0.002000s ]
INFO: [ app_end ] --END-- [ RunTime:0.002000s ]

[ 2017-06-12T18:02:04+08:00 ] 127.0.0.1 /index.php?g=user&m=login&a=dypassword
INFO: [ app_begin ] --START--
INFO: Run Behavior\ReadHtmlCacheBehavior [ RunTime:0.001000s ]
INFO: Run Behavior\CheckLangBehavior [ RunTime:0.002000s ]
INFO: Run Common\Behavior\UrldecodeGetBehavior [ RunTime:0.001000s ]
INFO: [ app_begin ] --END-- [ RunTime:0.004000s ]
SQL: SHOW COLUMNS FROM `ys_sms_varify` [ RunTime:0.0030s ]
SQL: SELECT * FROM `ys_sms_varify` WHERE ( mobile=15715848363 and code=9171 ) LIMIT 1   [ RunTime:0.0010s ]

[ 2017-06-12T18:02:17+08:00 ] 127.0.0.1 /index.php?g=user&m=index&a=is_login
INFO: [ app_begin ] --START--
INFO: Run Behavior\ReadHtmlCacheBehavior [ RunTime:0.002001s ]
INFO: Run Behavior\CheckLangBehavior [ RunTime:0.003000s ]
INFO: Run Common\Behavior\UrldecodeGetBehavior [ RunTime:0.001000s ]
INFO: [ app_begin ] --END-- [ RunTime:0.007001s ]
NOTIC: [8] Undefined index: url D:\yuesao\application\Common\Controller\AppframeController.class.php 第 22 行.

[ 2017-06-12T18:02:21+08:00 ] 127.0.0.1 /index.php?g=user&m=login&a=dypassword
INFO: [ app_begin ] --START--
INFO: Run Behavior\ReadHtmlCacheBehavior [ RunTime:0.001000s ]
INFO: Run Behavior\CheckLangBehavior [ RunTime:0.002000s ]
INFO: Run Common\Behavior\UrldecodeGetBehavior [ RunTime:0.000000s ]
INFO: [ app_begin ] --END-- [ RunTime:0.005000s ]
SQL: SHOW COLUMNS FROM `ys_sms_varify` [ RunTime:0.0020s ]
SQL: SELECT * FROM `ys_sms_varify` WHERE ( mobile=15715848363 and code=1231 ) LIMIT 1   [ RunTime:0.0010s ]

[ 2017-06-12T18:02:50+08:00 ] 127.0.0.1 /index.php?g=user&m=index&a=is_login
INFO: [ app_begin ] --START--
INFO: Run Behavior\ReadHtmlCacheBehavior [ RunTime:0.001000s ]
INFO: Run Behavior\CheckLangBehavior [ RunTime:0.004000s ]
INFO: Run Common\Behavior\UrldecodeGetBehavior [ RunTime:0.000000s ]
INFO: [ app_begin ] --END-- [ RunTime:0.007000s ]
NOTIC: [8] Undefined index: url D:\yuesao\application\Common\Controller\AppframeController.class.php 第 22 行.

[ 2017-06-12T18:02:55+08:00 ] 127.0.0.1 /index.php?g=user&m=login&a=dypassword
INFO: [ app_begin ] --START--
INFO: Run Behavior\ReadHtmlCacheBehavior [ RunTime:0.001000s ]
INFO: Run Behavior\CheckLangBehavior [ RunTime:0.002000s ]
INFO: Run Common\Behavior\UrldecodeGetBehavior [ RunTime:0.001000s ]
INFO: [ app_begin ] --END-- [ RunTime:0.005000s ]
SQL: SHOW COLUMNS FROM `ys_sms_varify` [ RunTime:0.0020s ]
SQL: SELECT * FROM `ys_sms_varify` WHERE ( mobile=15715848363 and code=9171 ) LIMIT 1   [ RunTime:0.0000s ]

[ 2017-06-12T18:02:55+08:00 ] 127.0.0.1 /index.php?g=user&m=index&a=is_login
INFO: [ app_begin ] --START--
INFO: Run Behavior\ReadHtmlCacheBehavior [ RunTime:0.001000s ]
INFO: Run Behavior\CheckLangBehavior [ RunTime:0.002000s ]
INFO: Run Common\Behavior\UrldecodeGetBehavior [ RunTime:0.002000s ]
INFO: [ app_begin ] --END-- [ RunTime:0.006000s ]
NOTIC: [8] Undefined index: url D:\yuesao\application\Common\Controller\AppframeController.class.php 第 22 行.

[ 2017-06-12T18:03:13+08:00 ] 127.0.0.1 /index.php?g=user&m=login&a=dypassword
INFO: [ app_begin ] --START--
INFO: Run Behavior\ReadHtmlCacheBehavior [ RunTime:0.001000s ]
INFO: Run Behavior\CheckLangBehavior [ RunTime:0.001000s ]
INFO: Run Common\Behavior\UrldecodeGetBehavior [ RunTime:0.000000s ]
INFO: [ app_begin ] --END-- [ RunTime:0.004000s ]
SQL: SHOW COLUMNS FROM `ys_sms_varify` [ RunTime:0.0020s ]
SQL: SELECT * FROM `ys_sms_varify` WHERE ( mobile=15715848363 and code=9171 ) LIMIT 1   [ RunTime:0.0010s ]

[ 2017-06-12T18:03:14+08:00 ] 127.0.0.1 /index.php?g=user&m=index&a=is_login
INFO: [ app_begin ] --START--
INFO: Run Behavior\ReadHtmlCacheBehavior [ RunTime:0.002000s ]
INFO: Run Behavior\CheckLangBehavior [ RunTime:0.004001s ]
INFO: Run Common\Behavior\UrldecodeGetBehavior [ RunTime:0.001000s ]
INFO: [ app_begin ] --END-- [ RunTime:0.008001s ]
NOTIC: [8] Undefined index: url D:\yuesao\application\Common\Controller\AppframeController.class.php 第 22 行.

[ 2017-06-12T19:25:57+08:00 ] 127.0.0.1 /index.php?g=user&m=index&a=is_login
INFO: [ app_begin ] --START--
INFO: Run Behavior\ReadHtmlCacheBehavior [ RunTime:0.000000s ]
INFO: Run Behavior\CheckLangBehavior [ RunTime:0.002000s ]
INFO: Run Common\Behavior\UrldecodeGetBehavior [ RunTime:0.000000s ]
INFO: [ app_begin ] --END-- [ RunTime:0.003000s ]
NOTIC: [8] Undefined index: url D:\yuesao\application\Common\Controller\AppframeController.class.php 第 22 行.

[ 2017-06-12T19:26:12+08:00 ] 127.0.0.1 /index.php?g=user&m=login&a=dypassword&mobile=15715848363
INFO: [ app_begin ] --START--
INFO: Run Behavior\ReadHtmlCacheBehavior [ RunTime:0.000000s ]
INFO: Run Behavior\CheckLangBehavior [ RunTime:0.001000s ]
INFO: Run Common\Behavior\UrldecodeGetBehavior [ RunTime:0.000000s ]
INFO: [ app_begin ] --END-- [ RunTime:0.004000s ]
SQL: SHOW COLUMNS FROM `ys_users` [ RunTime:0.0000s ]
SQL: SELECT * FROM `ys_users` WHERE ( mobile=15715848363 ) LIMIT 1   [ RunTime:0.0010s ]
SQL: SHOW COLUMNS FROM `ys_sms_varify` [ RunTime:0.0030s ]
SQL: INSERT INTO `ys_sms_varify` (`user_id`,`mobile`,`code`,`deadline`) VALUES ('1','15715848363','9425','2017-06-12 19-31-12') [ RunTime:0.0020s ]
INFO: [ app_end ] --START--
INFO: Run Behavior\ShowPageTraceBehavior [ RunTime:0.002000s ]
INFO: [ app_end ] --END-- [ RunTime:0.003000s ]

[ 2017-06-12T19:26:33+08:00 ] 127.0.0.1 /index.php?g=user&m=login&a=dypassword
INFO: [ app_begin ] --START--
INFO: Run Behavior\ReadHtmlCacheBehavior [ RunTime:0.001000s ]
INFO: Run Behavior\CheckLangBehavior [ RunTime:0.002000s ]
INFO: Run Common\Behavior\UrldecodeGetBehavior [ RunTime:0.000000s ]
INFO: [ app_begin ] --END-- [ RunTime:0.004000s ]
SQL: SHOW COLUMNS FROM `ys_sms_varify` [ RunTime:0.0010s ]
SQL: SELECT * FROM `ys_sms_varify` WHERE ( mobile=15715848363 and code=9425 ) ORDER BY deadline desc LIMIT 1   [ RunTime:0.0000s ]

[ 2017-06-12T19:28:09+08:00 ] 127.0.0.1 /index.php?g=user&m=index&a=is_login
INFO: [ app_begin ] --START--
INFO: Run Behavior\ReadHtmlCacheBehavior [ RunTime:0.002000s ]
INFO: Run Behavior\CheckLangBehavior [ RunTime:0.002000s ]
INFO: Run Common\Behavior\UrldecodeGetBehavior [ RunTime:0.001000s ]
INFO: [ app_begin ] --END-- [ RunTime:0.006000s ]
NOTIC: [8] Undefined index: url D:\yuesao\application\Common\Controller\AppframeController.class.php 第 22 行.

[ 2017-06-12T19:28:17+08:00 ] 127.0.0.1 /index.php?g=user&m=login&a=dypassword
INFO: [ app_begin ] --START--
INFO: Run Behavior\ReadHtmlCacheBehavior [ RunTime:0.001000s ]
INFO: Run Behavior\CheckLangBehavior [ RunTime:0.003000s ]
INFO: Run Common\Behavior\UrldecodeGetBehavior [ RunTime:0.000000s ]
INFO: [ app_begin ] --END-- [ RunTime:0.005000s ]
SQL: SHOW COLUMNS FROM `ys_sms_varify` [ RunTime:0.0020s ]
SQL: SELECT * FROM `ys_sms_varify` WHERE ( mobile=15715848363 and code=9425 ) ORDER BY deadline desc LIMIT 1   [ RunTime:0.0020s ]

[ 2017-06-12T19:46:17+08:00 ] 127.0.0.1 /index.php?g=user&m=index&a=is_login
INFO: [ app_begin ] --START--
INFO: Run Behavior\ReadHtmlCacheBehavior [ RunTime:0.001000s ]
INFO: Run Behavior\CheckLangBehavior [ RunTime:0.002000s ]
INFO: Run Common\Behavior\UrldecodeGetBehavior [ RunTime:0.001000s ]
INFO: [ app_begin ] --END-- [ RunTime:0.007000s ]
NOTIC: [8] Undefined index: url D:\yuesao\application\Common\Controller\AppframeController.class.php 第 22 行.

[ 2017-06-12T19:46:20+08:00 ] 127.0.0.1 /index.php?g=user&m=login&a=dypassword&mobile=654
INFO: [ app_begin ] --START--
INFO: Run Behavior\ReadHtmlCacheBehavior [ RunTime:0.001000s ]
INFO: Run Behavior\CheckLangBehavior [ RunTime:0.002000s ]
INFO: Run Common\Behavior\UrldecodeGetBehavior [ RunTime:0.001000s ]
INFO: [ app_begin ] --END-- [ RunTime:0.005001s ]
SQL: SHOW COLUMNS FROM `ys_users` [ RunTime:0.0010s ]
SQL: SELECT * FROM `ys_users` WHERE ( mobile=654 ) LIMIT 1   [ RunTime:0.0000s ]

[ 2017-06-12T19:46:29+08:00 ] 127.0.0.1 /index.php?g=user&m=index&a=is_login
INFO: [ app_begin ] --START--
INFO: Run Behavior\ReadHtmlCacheBehavior [ RunTime:0.000000s ]
INFO: Run Behavior\CheckLangBehavior [ RunTime:0.001000s ]
INFO: Run Common\Behavior\UrldecodeGetBehavior [ RunTime:0.000000s ]
INFO: [ app_begin ] --END-- [ RunTime:0.003001s ]
NOTIC: [8] Undefined index: url D:\yuesao\application\Common\Controller\AppframeController.class.php 第 22 行.

[ 2017-06-12T19:46:33+08:00 ] 127.0.0.1 /index.php?g=user&m=login&a=dypassword&mobile=654
INFO: [ app_begin ] --START--
INFO: Run Behavior\ReadHtmlCacheBehavior [ RunTime:0.001000s ]
INFO: Run Behavior\CheckLangBehavior [ RunTime:0.002001s ]
INFO: Run Common\Behavior\UrldecodeGetBehavior [ RunTime:0.000000s ]
INFO: [ app_begin ] --END-- [ RunTime:0.003001s ]
SQL: SHOW COLUMNS FROM `ys_users` [ RunTime:0.0000s ]
SQL: SELECT * FROM `ys_users` WHERE ( mobile=654 ) LIMIT 1   [ RunTime:0.0010s ]

[ 2017-06-12T19:48:17+08:00 ] 127.0.0.1 /index.php?g=user&m=login&a=dypassword&mobile=654
INFO: [ app_begin ] --START--
INFO: Run Behavior\ReadHtmlCacheBehavior [ RunTime:0.001000s ]
INFO: Run Behavior\CheckLangBehavior [ RunTime:0.002000s ]
INFO: Run Common\Behavior\UrldecodeGetBehavior [ RunTime:0.000000s ]
INFO: [ app_begin ] --END-- [ RunTime:0.004000s ]
SQL: SHOW COLUMNS FROM `ys_users` [ RunTime:0.0010s ]
SQL: SELECT * FROM `ys_users` WHERE ( mobile=654 ) LIMIT 1   [ RunTime:0.0000s ]

[ 2017-06-12T20:09:46+08:00 ] 127.0.0.1 /index.php?g=user&m=index&a=is_login
INFO: [ app_begin ] --START--
INFO: Run Behavior\ReadHtmlCacheBehavior [ RunTime:0.001000s ]
INFO: Run Behavior\CheckLangBehavior [ RunTime:0.001000s ]
INFO: Run Common\Behavior\UrldecodeGetBehavior [ RunTime:0.000000s ]
INFO: [ app_begin ] --END-- [ RunTime:0.002000s ]
NOTIC: [8] Undefined index: url D:\yuesao\application\Common\Controller\AppframeController.class.php 第 22 行.

[ 2017-06-12T20:21:26+08:00 ] 127.0.0.1 /index.php?g=user&m=index&a=is_login
INFO: [ app_begin ] --START--
INFO: Run Behavior\ReadHtmlCacheBehavior [ RunTime:0.001000s ]
INFO: Run Behavior\CheckLangBehavior [ RunTime:0.002000s ]
INFO: Run Common\Behavior\UrldecodeGetBehavior [ RunTime:0.001000s ]
INFO: [ app_begin ] --END-- [ RunTime:0.005000s ]
NOTIC: [8] Undefined index: url D:\yuesao\application\Common\Controller\AppframeController.class.php 第 22 行.

[ 2017-06-12T20:21:41+08:00 ] 127.0.0.1 /index.php?g=user&m=register&a=getcode
INFO: [ app_begin ] --START--
INFO: Run Behavior\ReadHtmlCacheBehavior [ RunTime:0.001000s ]
INFO: Run Behavior\CheckLangBehavior [ RunTime:0.001000s ]
INFO: Run Common\Behavior\UrldecodeGetBehavior [ RunTime:0.000000s ]
INFO: [ app_begin ] --END-- [ RunTime:0.003000s ]
NOTIC: [8] Undefined index: mobile D:\yuesao\application\User\Controller\RegisterController.class.php 第 222 行.
SQL: SHOW COLUMNS FROM `ys_users` [ RunTime:0.0010s ]
ERR: 1064:You have an error in your SQL syntax; check the manual that corresponds to your MySQL server version for the right syntax to use near ') LIMIT 1' at line 1
 [ SQL语句 ] : SELECT * FROM `ys_users` WHERE ( mobile= ) LIMIT 1  
ERR: 1064:You have an error in your SQL syntax; check the manual that corresponds to your MySQL server version for the right syntax to use near ') LIMIT 1' at line 1
 [ SQL语句 ] : SELECT * FROM `ys_users` WHERE ( mobile= ) LIMIT 1  

[ 2017-06-12T20:21:43+08:00 ] 127.0.0.1 /index.php?g=user&m=register&a=getcode
INFO: [ app_begin ] --START--
INFO: Run Behavior\ReadHtmlCacheBehavior [ RunTime:0.001000s ]
INFO: Run Behavior\CheckLangBehavior [ RunTime:0.001000s ]
INFO: Run Common\Behavior\UrldecodeGetBehavior [ RunTime:0.000000s ]
INFO: [ app_begin ] --END-- [ RunTime:0.003000s ]
NOTIC: [8] Undefined index: mobile D:\yuesao\application\User\Controller\RegisterController.class.php 第 222 行.
SQL: SHOW COLUMNS FROM `ys_users` [ RunTime:0.0010s ]
ERR: 1064:You have an error in your SQL syntax; check the manual that corresponds to your MySQL server version for the right syntax to use near ') LIMIT 1' at line 1
 [ SQL语句 ] : SELECT * FROM `ys_users` WHERE ( mobile= ) LIMIT 1  
ERR: 1064:You have an error in your SQL syntax; check the manual that corresponds to your MySQL server version for the right syntax to use near ') LIMIT 1' at line 1
 [ SQL语句 ] : SELECT * FROM `ys_users` WHERE ( mobile= ) LIMIT 1  

[ 2017-06-12T20:21:46+08:00 ] 127.0.0.1 /index.php?g=user&m=register&a=getcode
INFO: [ app_begin ] --START--
INFO: Run Behavior\ReadHtmlCacheBehavior [ RunTime:0.001000s ]
INFO: Run Behavior\CheckLangBehavior [ RunTime:0.001000s ]
INFO: Run Common\Behavior\UrldecodeGetBehavior [ RunTime:0.000000s ]
INFO: [ app_begin ] --END-- [ RunTime:0.003000s ]
NOTIC: [8] Undefined index: mobile D:\yuesao\application\User\Controller\RegisterController.class.php 第 222 行.
SQL: SHOW COLUMNS FROM `ys_users` [ RunTime:0.0010s ]
ERR: 1064:You have an error in your SQL syntax; check the manual that corresponds to your MySQL server version for the right syntax to use near ') LIMIT 1' at line 1
 [ SQL语句 ] : SELECT * FROM `ys_users` WHERE ( mobile= ) LIMIT 1  
ERR: 1064:You have an error in your SQL syntax; check the manual that corresponds to your MySQL server version for the right syntax to use near ') LIMIT 1' at line 1
 [ SQL语句 ] : SELECT * FROM `ys_users` WHERE ( mobile= ) LIMIT 1  

[ 2017-06-12T20:21:46+08:00 ] 127.0.0.1 /index.php?g=user&m=register&a=getcode
INFO: [ app_begin ] --START--
INFO: Run Behavior\ReadHtmlCacheBehavior [ RunTime:0.000000s ]
INFO: Run Behavior\CheckLangBehavior [ RunTime:0.002001s ]
INFO: Run Common\Behavior\UrldecodeGetBehavior [ RunTime:0.000000s ]
INFO: [ app_begin ] --END-- [ RunTime:0.003001s ]
NOTIC: [8] Undefined index: mobile D:\yuesao\application\User\Controller\RegisterController.class.php 第 222 行.
SQL: SHOW COLUMNS FROM `ys_users` [ RunTime:0.0010s ]
ERR: 1064:You have an error in your SQL syntax; check the manual that corresponds to your MySQL server version for the right syntax to use near ') LIMIT 1' at line 1
 [ SQL语句 ] : SELECT * FROM `ys_users` WHERE ( mobile= ) LIMIT 1  
ERR: 1064:You have an error in your SQL syntax; check the manual that corresponds to your MySQL server version for the right syntax to use near ') LIMIT 1' at line 1
 [ SQL语句 ] : SELECT * FROM `ys_users` WHERE ( mobile= ) LIMIT 1  

[ 2017-06-12T20:21:53+08:00 ] 127.0.0.1 /index.php?g=user&m=register&a=getcode
INFO: [ app_begin ] --START--
INFO: Run Behavior\ReadHtmlCacheBehavior [ RunTime:0.001000s ]
INFO: Run Behavior\CheckLangBehavior [ RunTime:0.002000s ]
INFO: Run Common\Behavior\UrldecodeGetBehavior [ RunTime:0.000000s ]
INFO: [ app_begin ] --END-- [ RunTime:0.004000s ]
NOTIC: [8] Undefined index: mobile D:\yuesao\application\User\Controller\RegisterController.class.php 第 222 行.
SQL: SHOW COLUMNS FROM `ys_users` [ RunTime:0.0010s ]
ERR: 1064:You have an error in your SQL syntax; check the manual that corresponds to your MySQL server version for the right syntax to use near ') LIMIT 1' at line 1
 [ SQL语句 ] : SELECT * FROM `ys_users` WHERE ( mobile= ) LIMIT 1  
ERR: 1064:You have an error in your SQL syntax; check the manual that corresponds to your MySQL server version for the right syntax to use near ') LIMIT 1' at line 1
 [ SQL语句 ] : SELECT * FROM `ys_users` WHERE ( mobile= ) LIMIT 1  

[ 2017-06-12T20:22:09+08:00 ] 127.0.0.1 /index.php?g=user&m=register&a=getcode
INFO: [ app_begin ] --START--
INFO: Run Behavior\ReadHtmlCacheBehavior [ RunTime:0.001000s ]
INFO: Run Behavior\CheckLangBehavior [ RunTime:0.001000s ]
INFO: Run Common\Behavior\UrldecodeGetBehavior [ RunTime:0.000000s ]
INFO: [ app_begin ] --END-- [ RunTime:0.002000s ]
NOTIC: [8] Undefined index: mobile D:\yuesao\application\User\Controller\RegisterController.class.php 第 222 行.
SQL: SHOW COLUMNS FROM `ys_users` [ RunTime:0.0010s ]
ERR: 1064:You have an error in your SQL syntax; check the manual that corresponds to your MySQL server version for the right syntax to use near ') LIMIT 1' at line 1
 [ SQL语句 ] : SELECT * FROM `ys_users` WHERE ( mobile= ) LIMIT 1  
ERR: 1064:You have an error in your SQL syntax; check the manual that corresponds to your MySQL server version for the right syntax to use near ') LIMIT 1' at line 1
 [ SQL语句 ] : SELECT * FROM `ys_users` WHERE ( mobile= ) LIMIT 1  

[ 2017-06-12T20:22:23+08:00 ] 127.0.0.1 /index.php?g=user&m=register&a=getcode
INFO: [ app_begin ] --START--
INFO: Run Behavior\ReadHtmlCacheBehavior [ RunTime:0.001000s ]
INFO: Run Behavior\CheckLangBehavior [ RunTime:0.001000s ]
INFO: Run Common\Behavior\UrldecodeGetBehavior [ RunTime:0.000000s ]
INFO: [ app_begin ] --END-- [ RunTime:0.004001s ]
NOTIC: [8] Undefined index: mobile D:\yuesao\application\User\Controller\RegisterController.class.php 第 222 行.
SQL: SHOW COLUMNS FROM `ys_users` [ RunTime:0.0010s ]
ERR: 1064:You have an error in your SQL syntax; check the manual that corresponds to your MySQL server version for the right syntax to use near ') LIMIT 1' at line 1
 [ SQL语句 ] : SELECT * FROM `ys_users` WHERE ( mobile= ) LIMIT 1  
ERR: 1064:You have an error in your SQL syntax; check the manual that corresponds to your MySQL server version for the right syntax to use near ') LIMIT 1' at line 1
 [ SQL语句 ] : SELECT * FROM `ys_users` WHERE ( mobile= ) LIMIT 1  

[ 2017-06-12T20:23:57+08:00 ] 127.0.0.1 /index.php?g=user&m=register&a=getcode
INFO: [ app_begin ] --START--
INFO: Run Behavior\ReadHtmlCacheBehavior [ RunTime:0.001000s ]
INFO: Run Behavior\CheckLangBehavior [ RunTime:0.001000s ]
INFO: Run Common\Behavior\UrldecodeGetBehavior [ RunTime:0.001000s ]
INFO: [ app_begin ] --END-- [ RunTime:0.004000s ]
NOTIC: [8] Undefined index: mobile D:\yuesao\application\User\Controller\RegisterController.class.php 第 222 行.
SQL: SHOW COLUMNS FROM `ys_users` [ RunTime:0.0020s ]
ERR: 1064:You have an error in your SQL syntax; check the manual that corresponds to your MySQL server version for the right syntax to use near ') LIMIT 1' at line 1
 [ SQL语句 ] : SELECT * FROM `ys_users` WHERE ( mobile= ) LIMIT 1  
ERR: 1064:You have an error in your SQL syntax; check the manual that corresponds to your MySQL server version for the right syntax to use near ') LIMIT 1' at line 1
 [ SQL语句 ] : SELECT * FROM `ys_users` WHERE ( mobile= ) LIMIT 1  

[ 2017-06-12T20:24:34+08:00 ] 127.0.0.1 /index.php?g=user&m=register&a=getcode&mobile=456112354
INFO: [ app_begin ] --START--
INFO: Run Behavior\ReadHtmlCacheBehavior [ RunTime:0.001000s ]
INFO: Run Behavior\CheckLangBehavior [ RunTime:0.002000s ]
INFO: Run Common\Behavior\UrldecodeGetBehavior [ RunTime:0.000000s ]
INFO: [ app_begin ] --END-- [ RunTime:0.004000s ]
SQL: SHOW COLUMNS FROM `ys_users` [ RunTime:0.0010s ]
SQL: SELECT * FROM `ys_users` WHERE ( mobile=456112354 ) LIMIT 1   [ RunTime:0.0010s ]
SQL: SHOW COLUMNS FROM `ys_sms_varify` [ RunTime:0.0030s ]
SQL: INSERT INTO `ys_sms_varify` (`mobile`,`code`,`deadline`) VALUES ('456112354','357162','2017-06-12 20-29-34') [ RunTime:0.0020s ]
INFO: [ app_end ] --START--
INFO: Run Behavior\ShowPageTraceBehavior [ RunTime:0.002000s ]
INFO: [ app_end ] --END-- [ RunTime:0.002000s ]

[ 2017-06-12T20:24:54+08:00 ] 127.0.0.1 /index.php?g=user&m=register&a=getcode&mobile=15715848363
INFO: [ app_begin ] --START--
INFO: Run Behavior\ReadHtmlCacheBehavior [ RunTime:0.000000s ]
INFO: Run Behavior\CheckLangBehavior [ RunTime:0.001000s ]
INFO: Run Common\Behavior\UrldecodeGetBehavior [ RunTime:0.001000s ]
INFO: [ app_begin ] --END-- [ RunTime:0.004001s ]
SQL: SHOW COLUMNS FROM `ys_users` [ RunTime:0.0010s ]
SQL: SELECT * FROM `ys_users` WHERE ( mobile=15715848363 ) LIMIT 1   [ RunTime:0.0010s ]

[ 2017-06-12T20:25:47+08:00 ] 127.0.0.1 /index.php?g=user&m=register&a=getcode&mobile=15715848363
INFO: [ app_begin ] --START--
INFO: Run Behavior\ReadHtmlCacheBehavior [ RunTime:0.000000s ]
INFO: Run Behavior\CheckLangBehavior [ RunTime:0.001000s ]
INFO: Run Common\Behavior\UrldecodeGetBehavior [ RunTime:0.000000s ]
INFO: [ app_begin ] --END-- [ RunTime:0.003000s ]
SQL: SHOW COLUMNS FROM `ys_users` [ RunTime:0.0010s ]
SQL: SELECT * FROM `ys_users` WHERE ( mobile=15715848363 ) LIMIT 1   [ RunTime:0.0000s ]

[ 2017-06-12T20:26:31+08:00 ] 127.0.0.1 /index.php?g=user&m=register&a=getcode&mobile=15715848363
INFO: [ app_begin ] --START--
INFO: Run Behavior\ReadHtmlCacheBehavior [ RunTime:0.001000s ]
INFO: Run Behavior\CheckLangBehavior [ RunTime:0.003000s ]
INFO: Run Common\Behavior\UrldecodeGetBehavior [ RunTime:0.001000s ]
INFO: [ app_begin ] --END-- [ RunTime:0.006000s ]
SQL: SHOW COLUMNS FROM `ys_users` [ RunTime:0.0010s ]
SQL: SELECT * FROM `ys_users` WHERE ( mobile=15715848363 ) LIMIT 1   [ RunTime:0.0000s ]
SQL: SHOW COLUMNS FROM `ys_sms_varify` [ RunTime:0.0010s ]
SQL: INSERT INTO `ys_sms_varify` (`mobile`,`code`,`deadline`) VALUES ('15715848363','190087','2017-06-12 20-31-31') [ RunTime:0.0020s ]
INFO: [ app_end ] --START--
INFO: Run Behavior\ShowPageTraceBehavior [ RunTime:0.002000s ]
INFO: [ app_end ] --END-- [ RunTime:0.002000s ]

[ 2017-06-12T20:31:26+08:00 ] 127.0.0.1 /index.php?g=user&m=register&a=doregister
ERR: 1146:Table 'yuesao.ys_varify' doesn't exist
 [ SQL语句 ] : SHOW COLUMNS FROM `ys_varify`

[ 2017-06-12T20:31:59+08:00 ] 127.0.0.1 /index.php?g=user&m=register&a=doregister
ERR: 1146:Table 'yuesao.ys_varify' doesn't exist
 [ SQL语句 ] : SHOW COLUMNS FROM `ys_varify`

[ 2017-06-12T20:32:28+08:00 ] 127.0.0.1 /index.php?g=user&m=register&a=doregister
ERR: 1146:Table 'yuesao.ys_varify' doesn't exist
 [ SQL语句 ] : SHOW COLUMNS FROM `ys_varify`

