[ 2017-06-08T09:24:55+08:00 ] 127.0.0.1 /index.php?g=user&m=index&a=is_login
INFO: [ app_begin ] --START--
INFO: Run Behavior\ReadHtmlCacheBehavior [ RunTime:0.001000s ]
INFO: Run Behavior\CheckLangBehavior [ RunTime:0.002000s ]
INFO: Run Common\Behavior\UrldecodeGetBehavior [ RunTime:0.001000s ]
INFO: [ app_begin ] --END-- [ RunTime:0.005000s ]
NOTIC: [8] Undefined index: url D:\yuesao\application\Common\Controller\AppframeController.class.php 第 22 行.

[ 2017-06-08T09:25:01+08:00 ] 127.0.0.1 /index.php?g=user&m=index&a=is_login
INFO: [ app_begin ] --START--
INFO: Run Behavior\ReadHtmlCacheBehavior [ RunTime:0.001000s ]
INFO: Run Behavior\CheckLangBehavior [ RunTime:0.001000s ]
INFO: Run Common\Behavior\UrldecodeGetBehavior [ RunTime:0.001000s ]
INFO: [ app_begin ] --END-- [ RunTime:0.004000s ]
NOTIC: [8] Undefined index: url D:\yuesao\application\Common\Controller\AppframeController.class.php 第 22 行.

[ 2017-06-08T09:25:06+08:00 ] 127.0.0.1 /index.php?g=user&m=login&a=dologin
INFO: [ app_begin ] --START--
INFO: Run Behavior\ReadHtmlCacheBehavior [ RunTime:0.001001s ]
INFO: Run Behavior\CheckLangBehavior [ RunTime:0.001000s ]
INFO: Run Common\Behavior\UrldecodeGetBehavior [ RunTime:0.000000s ]
INFO: [ app_begin ] --END-- [ RunTime:0.002001s ]
SQL: SHOW COLUMNS FROM `ys_users` [ RunTime:0.0020s ]
NOTIC: [8] Undefined index: auto D:\yuesao\simplewind\Core\Library\Think\Model.class.php 第 1128 行.
SQL: SELECT * FROM `ys_users` WHERE `user_status` = 1 AND `user_login` = 'admin' LIMIT 1   [ RunTime:0.0000s ]
SQL: UPDATE `ys_users` SET `last_login_time`='2017-06-08 09:25:06',`last_login_ip`='127.0.0.1' WHERE ( id=1 ) [ RunTime:0.0020s ]

[ 2017-06-08T09:25:08+08:00 ] 127.0.0.1 /index.php?g=user&m=index&a=is_login
INFO: [ app_begin ] --START--
INFO: Run Behavior\ReadHtmlCacheBehavior [ RunTime:0.000000s ]
INFO: Run Behavior\CheckLangBehavior [ RunTime:0.001000s ]
INFO: Run Common\Behavior\UrldecodeGetBehavior [ RunTime:0.001000s ]
INFO: [ app_begin ] --END-- [ RunTime:0.004000s ]
NOTIC: [8] Undefined index: url D:\yuesao\application\Common\Controller\AppframeController.class.php 第 22 行.

[ 2017-06-08T09:25:10+08:00 ] 127.0.0.1 /index.php?g=user&m=index&a=is_login
INFO: [ app_begin ] --START--
INFO: Run Behavior\ReadHtmlCacheBehavior [ RunTime:0.001000s ]
INFO: Run Behavior\CheckLangBehavior [ RunTime:0.003000s ]
INFO: Run Common\Behavior\UrldecodeGetBehavior [ RunTime:0.001000s ]
INFO: [ app_begin ] --END-- [ RunTime:0.006000s ]
NOTIC: [8] Undefined index: url D:\yuesao\application\Common\Controller\AppframeController.class.php 第 22 行.

[ 2017-06-08T09:25:37+08:00 ] 127.0.0.1 /index.php?g=user&m=index&a=is_login
INFO: [ app_begin ] --START--
INFO: Run Behavior\ReadHtmlCacheBehavior [ RunTime:0.001000s ]
INFO: Run Behavior\CheckLangBehavior [ RunTime:0.001000s ]
INFO: Run Common\Behavior\UrldecodeGetBehavior [ RunTime:0.001000s ]
INFO: [ app_begin ] --END-- [ RunTime:0.003000s ]
NOTIC: [8] Undefined index: url D:\yuesao\application\Common\Controller\AppframeController.class.php 第 22 行.

[ 2017-06-08T09:25:44+08:00 ] 127.0.0.1 /index.php?g=user&m=index&a=is_login
INFO: [ app_begin ] --START--
INFO: Run Behavior\ReadHtmlCacheBehavior [ RunTime:0.000000s ]
INFO: Run Behavior\CheckLangBehavior [ RunTime:0.001000s ]
INFO: Run Common\Behavior\UrldecodeGetBehavior [ RunTime:0.000000s ]
INFO: [ app_begin ] --END-- [ RunTime:0.003000s ]
NOTIC: [8] Undefined index: url D:\yuesao\application\Common\Controller\AppframeController.class.php 第 22 行.

[ 2017-06-08T09:25:52+08:00 ] 127.0.0.1 /index.php?g=user&m=login&a=dologin
INFO: [ app_begin ] --START--
INFO: Run Behavior\ReadHtmlCacheBehavior [ RunTime:0.001000s ]
INFO: Run Behavior\CheckLangBehavior [ RunTime:0.002000s ]
INFO: Run Common\Behavior\UrldecodeGetBehavior [ RunTime:0.000000s ]
INFO: [ app_begin ] --END-- [ RunTime:0.003000s ]
SQL: SHOW COLUMNS FROM `ys_users` [ RunTime:0.0010s ]
NOTIC: [8] Undefined index: auto D:\yuesao\simplewind\Core\Library\Think\Model.class.php 第 1128 行.
SQL: SELECT * FROM `ys_users` WHERE `user_status` = 1 AND `user_login` = 'maomao' LIMIT 1   [ RunTime:0.0010s ]

[ 2017-06-08T09:26:03+08:00 ] 127.0.0.1 /index.php?g=user&m=login&a=dologin
INFO: [ app_begin ] --START--
INFO: Run Behavior\ReadHtmlCacheBehavior [ RunTime:0.000000s ]
INFO: Run Behavior\CheckLangBehavior [ RunTime:0.001000s ]
INFO: Run Common\Behavior\UrldecodeGetBehavior [ RunTime:0.000000s ]
INFO: [ app_begin ] --END-- [ RunTime:0.003000s ]
SQL: SHOW COLUMNS FROM `ys_users` [ RunTime:0.0020s ]
NOTIC: [8] Undefined index: auto D:\yuesao\simplewind\Core\Library\Think\Model.class.php 第 1128 行.
SQL: SELECT * FROM `ys_users` WHERE `user_status` = 1 AND `user_login` = 'abc' LIMIT 1   [ RunTime:0.0000s ]
SQL: UPDATE `ys_users` SET `last_login_time`='2017-06-08 09:26:03',`last_login_ip`='127.0.0.1' WHERE ( id=2 ) [ RunTime:0.0020s ]

[ 2017-06-08T09:26:05+08:00 ] 127.0.0.1 /index.php?g=user&m=index&a=is_login
INFO: [ app_begin ] --START--
INFO: Run Behavior\ReadHtmlCacheBehavior [ RunTime:0.001000s ]
INFO: Run Behavior\CheckLangBehavior [ RunTime:0.003000s ]
INFO: Run Common\Behavior\UrldecodeGetBehavior [ RunTime:0.002000s ]
INFO: [ app_begin ] --END-- [ RunTime:0.007000s ]
NOTIC: [8] Undefined index: url D:\yuesao\application\Common\Controller\AppframeController.class.php 第 22 行.

[ 2017-06-08T12:42:25+08:00 ] 127.0.0.1 /index.php?g=user&m=index&a=is_login
INFO: [ app_begin ] --START--
INFO: Run Behavior\ReadHtmlCacheBehavior [ RunTime:0.001000s ]
INFO: Run Behavior\CheckLangBehavior [ RunTime:0.002000s ]
INFO: Run Common\Behavior\UrldecodeGetBehavior [ RunTime:0.000000s ]
INFO: [ app_begin ] --END-- [ RunTime:0.004000s ]
NOTIC: [8] Undefined index: url D:\yuesao\application\Common\Controller\AppframeController.class.php 第 22 行.

[ 2017-06-08T12:47:57+08:00 ] 127.0.0.1 /index.php?g=user&m=index&a=is_login
INFO: [ app_begin ] --START--
INFO: Run Behavior\ReadHtmlCacheBehavior [ RunTime:0.002000s ]
INFO: Run Behavior\CheckLangBehavior [ RunTime:0.004001s ]
INFO: Run Common\Behavior\UrldecodeGetBehavior [ RunTime:0.001000s ]
INFO: [ app_begin ] --END-- [ RunTime:0.010001s ]
NOTIC: [8] Undefined index: url D:\yuesao\application\Common\Controller\AppframeController.class.php 第 22 行.

[ 2017-06-08T13:51:43+08:00 ] 127.0.0.1 /index.php?g=user&m=index&a=is_login
INFO: [ app_begin ] --START--
INFO: Run Behavior\ReadHtmlCacheBehavior [ RunTime:0.001001s ]
INFO: Run Behavior\CheckLangBehavior [ RunTime:0.001000s ]
INFO: Run Common\Behavior\UrldecodeGetBehavior [ RunTime:0.001000s ]
INFO: [ app_begin ] --END-- [ RunTime:0.004001s ]
NOTIC: [8] Undefined index: url D:\yuesao\application\Common\Controller\AppframeController.class.php 第 22 行.

[ 2017-06-08T13:55:43+08:00 ] 127.0.0.1 /index.php?g=user&m=index&a=is_login
INFO: [ app_begin ] --START--
INFO: Run Behavior\ReadHtmlCacheBehavior [ RunTime:0.001000s ]
INFO: Run Behavior\CheckLangBehavior [ RunTime:0.004000s ]
INFO: Run Common\Behavior\UrldecodeGetBehavior [ RunTime:0.001000s ]
INFO: [ app_begin ] --END-- [ RunTime:0.006000s ]
NOTIC: [8] Undefined index: url D:\yuesao\application\Common\Controller\AppframeController.class.php 第 22 行.

[ 2017-06-08T13:55:55+08:00 ] 127.0.0.1 /index.php?g=user&m=index&a=is_login
INFO: [ app_begin ] --START--
INFO: Run Behavior\ReadHtmlCacheBehavior [ RunTime:0.001000s ]
INFO: Run Behavior\CheckLangBehavior [ RunTime:0.006000s ]
INFO: Run Common\Behavior\UrldecodeGetBehavior [ RunTime:0.001001s ]
INFO: [ app_begin ] --END-- [ RunTime:0.010001s ]
NOTIC: [8] Undefined index: url D:\yuesao\application\Common\Controller\AppframeController.class.php 第 22 行.

[ 2017-06-08T14:05:15+08:00 ] 127.0.0.1 /index.php?g=user&m=index&a=is_login
INFO: [ app_begin ] --START--
INFO: Run Behavior\ReadHtmlCacheBehavior [ RunTime:0.001000s ]
INFO: Run Behavior\CheckLangBehavior [ RunTime:0.002000s ]
INFO: Run Common\Behavior\UrldecodeGetBehavior [ RunTime:0.000000s ]
INFO: [ app_begin ] --END-- [ RunTime:0.004000s ]
NOTIC: [8] Undefined index: url D:\yuesao\application\Common\Controller\AppframeController.class.php 第 22 行.

[ 2017-06-08T14:05:21+08:00 ] 127.0.0.1 /index.php?g=user&m=login&a=dologin
INFO: [ app_begin ] --START--
INFO: Run Behavior\ReadHtmlCacheBehavior [ RunTime:0.001000s ]
INFO: Run Behavior\CheckLangBehavior [ RunTime:0.001000s ]
INFO: Run Common\Behavior\UrldecodeGetBehavior [ RunTime:0.001000s ]
INFO: [ app_begin ] --END-- [ RunTime:0.003000s ]
SQL: SHOW COLUMNS FROM `ys_users` [ RunTime:0.0010s ]
NOTIC: [8] Undefined index: auto D:\yuesao\simplewind\Core\Library\Think\Model.class.php 第 1128 行.
SQL: SELECT * FROM `ys_users` WHERE `user_status` = 1 AND `user_login` = 'abc' LIMIT 1   [ RunTime:0.0000s ]
SQL: UPDATE `ys_users` SET `last_login_time`='2017-06-08 14:05:21',`last_login_ip`='127.0.0.1' WHERE ( id=2 ) [ RunTime:0.0020s ]

[ 2017-06-08T14:05:23+08:00 ] 127.0.0.1 /index.php?g=user&m=index&a=is_login
INFO: [ app_begin ] --START--
INFO: Run Behavior\ReadHtmlCacheBehavior [ RunTime:0.001000s ]
INFO: Run Behavior\CheckLangBehavior [ RunTime:0.002000s ]
INFO: Run Common\Behavior\UrldecodeGetBehavior [ RunTime:0.000000s ]
INFO: [ app_begin ] --END-- [ RunTime:0.003000s ]
NOTIC: [8] Undefined index: url D:\yuesao\application\Common\Controller\AppframeController.class.php 第 22 行.

[ 2017-06-08T14:11:53+08:00 ] 127.0.0.1 /index.php?g=user&m=index&a=is_login
INFO: [ app_begin ] --START--
INFO: Run Behavior\ReadHtmlCacheBehavior [ RunTime:0.001000s ]
INFO: Run Behavior\CheckLangBehavior [ RunTime:0.002000s ]
INFO: Run Common\Behavior\UrldecodeGetBehavior [ RunTime:0.000000s ]
INFO: [ app_begin ] --END-- [ RunTime:0.004000s ]
NOTIC: [8] Undefined index: url D:\yuesao\application\Common\Controller\AppframeController.class.php 第 22 行.

[ 2017-06-08T15:07:12+08:00 ] 127.0.0.1 /index.php?g=user&m=index&a=is_login
INFO: [ app_begin ] --START--
INFO: Run Behavior\ReadHtmlCacheBehavior [ RunTime:0.001000s ]
INFO: Run Behavior\CheckLangBehavior [ RunTime:0.001000s ]
INFO: Run Common\Behavior\UrldecodeGetBehavior [ RunTime:0.001000s ]
INFO: [ app_begin ] --END-- [ RunTime:0.003000s ]
NOTIC: [8] Undefined index: url D:\yuesao\application\Common\Controller\AppframeController.class.php 第 22 行.

[ 2017-06-08T15:33:21+08:00 ] 127.0.0.1 /index.php?g=user&m=index&a=is_login
INFO: [ app_begin ] --START--
INFO: Run Behavior\ReadHtmlCacheBehavior [ RunTime:0.002000s ]
INFO: Run Behavior\CheckLangBehavior [ RunTime:0.003000s ]
INFO: Run Common\Behavior\UrldecodeGetBehavior [ RunTime:0.001000s ]
INFO: [ app_begin ] --END-- [ RunTime:0.007000s ]
NOTIC: [8] Undefined index: url D:\yuesao\application\Common\Controller\AppframeController.class.php 第 22 行.

[ 2017-06-08T15:33:25+08:00 ] 127.0.0.1 /index.php?g=user&m=index&a=is_login
INFO: [ app_begin ] --START--
INFO: Run Behavior\ReadHtmlCacheBehavior [ RunTime:0.002001s ]
INFO: Run Behavior\CheckLangBehavior [ RunTime:0.007000s ]
INFO: Run Common\Behavior\UrldecodeGetBehavior [ RunTime:0.001000s ]
INFO: [ app_begin ] --END-- [ RunTime:0.012001s ]
NOTIC: [8] Undefined index: url D:\yuesao\application\Common\Controller\AppframeController.class.php 第 22 行.

[ 2017-06-08T15:38:29+08:00 ] 127.0.0.1 /index.php?g=user&m=index&a=is_login
INFO: [ app_begin ] --START--
INFO: Run Behavior\ReadHtmlCacheBehavior [ RunTime:0.001000s ]
INFO: Run Behavior\CheckLangBehavior [ RunTime:0.002000s ]
INFO: Run Common\Behavior\UrldecodeGetBehavior [ RunTime:0.001000s ]
INFO: [ app_begin ] --END-- [ RunTime:0.005000s ]
NOTIC: [8] Undefined index: url D:\yuesao\application\Common\Controller\AppframeController.class.php 第 22 行.

[ 2017-06-08T16:59:49+08:00 ] 127.0.0.1 /index.php?g=user&m=index&a=is_login
INFO: [ app_begin ] --START--
INFO: Run Behavior\ReadHtmlCacheBehavior [ RunTime:0.001000s ]
INFO: Run Behavior\CheckLangBehavior [ RunTime:0.002000s ]
INFO: Run Common\Behavior\UrldecodeGetBehavior [ RunTime:0.000000s ]
INFO: [ app_begin ] --END-- [ RunTime:0.003000s ]
NOTIC: [8] Undefined index: url D:\yuesao\application\Common\Controller\AppframeController.class.php 第 22 行.

[ 2017-06-08T16:59:51+08:00 ] 127.0.0.1 /index.php?g=user&m=index&a=is_login
INFO: [ app_begin ] --START--
INFO: Run Behavior\ReadHtmlCacheBehavior [ RunTime:0.001000s ]
INFO: Run Behavior\CheckLangBehavior [ RunTime:0.001000s ]
INFO: Run Common\Behavior\UrldecodeGetBehavior [ RunTime:0.001000s ]
INFO: [ app_begin ] --END-- [ RunTime:0.004000s ]
NOTIC: [8] Undefined index: url D:\yuesao\application\Common\Controller\AppframeController.class.php 第 22 行.

[ 2017-06-08T17:06:17+08:00 ] 127.0.0.1 /index.php?g=user&m=index&a=is_login
INFO: [ app_begin ] --START--
INFO: Run Behavior\ReadHtmlCacheBehavior [ RunTime:0.001000s ]
INFO: Run Behavior\CheckLangBehavior [ RunTime:0.002000s ]
INFO: Run Common\Behavior\UrldecodeGetBehavior [ RunTime:0.000000s ]
INFO: [ app_begin ] --END-- [ RunTime:0.003000s ]
NOTIC: [8] Undefined index: url D:\yuesao\application\Common\Controller\AppframeController.class.php 第 22 行.

[ 2017-06-08T17:07:28+08:00 ] 127.0.0.1 /index.php?g=user&m=index&a=is_login
INFO: [ app_begin ] --START--
INFO: Run Behavior\ReadHtmlCacheBehavior [ RunTime:0.001000s ]
INFO: Run Behavior\CheckLangBehavior [ RunTime:0.002000s ]
INFO: Run Common\Behavior\UrldecodeGetBehavior [ RunTime:0.000000s ]
INFO: [ app_begin ] --END-- [ RunTime:0.004000s ]
NOTIC: [8] Undefined index: url D:\yuesao\application\Common\Controller\AppframeController.class.php 第 22 行.

[ 2017-06-08T17:07:29+08:00 ] 127.0.0.1 /index.php?g=user&m=index&a=is_login
INFO: [ app_begin ] --START--
INFO: Run Behavior\ReadHtmlCacheBehavior [ RunTime:0.002001s ]
INFO: Run Behavior\CheckLangBehavior [ RunTime:0.002000s ]
INFO: Run Common\Behavior\UrldecodeGetBehavior [ RunTime:0.000000s ]
INFO: [ app_begin ] --END-- [ RunTime:0.005001s ]
NOTIC: [8] Undefined index: url D:\yuesao\application\Common\Controller\AppframeController.class.php 第 22 行.

[ 2017-06-08T17:07:54+08:00 ] 127.0.0.1 /index.php?g=user&m=index&a=is_login
INFO: [ app_begin ] --START--
INFO: Run Behavior\ReadHtmlCacheBehavior [ RunTime:0.001000s ]
INFO: Run Behavior\CheckLangBehavior [ RunTime:0.001000s ]
INFO: Run Common\Behavior\UrldecodeGetBehavior [ RunTime:0.001000s ]
INFO: [ app_begin ] --END-- [ RunTime:0.003000s ]
NOTIC: [8] Undefined index: url D:\yuesao\application\Common\Controller\AppframeController.class.php 第 22 行.

[ 2017-06-08T17:09:21+08:00 ] 127.0.0.1 /index.php?g=user&m=index&a=is_login
INFO: [ app_begin ] --START--
INFO: Run Behavior\ReadHtmlCacheBehavior [ RunTime:0.001000s ]
INFO: Run Behavior\CheckLangBehavior [ RunTime:0.002000s ]
INFO: Run Common\Behavior\UrldecodeGetBehavior [ RunTime:0.000000s ]
INFO: [ app_begin ] --END-- [ RunTime:0.005000s ]
NOTIC: [8] Undefined index: url D:\yuesao\application\Common\Controller\AppframeController.class.php 第 22 行.

[ 2017-06-08T17:09:22+08:00 ] 127.0.0.1 /index.php?g=user&m=index&a=is_login
INFO: [ app_begin ] --START--
INFO: Run Behavior\ReadHtmlCacheBehavior [ RunTime:0.001000s ]
INFO: Run Behavior\CheckLangBehavior [ RunTime:0.002000s ]
INFO: Run Common\Behavior\UrldecodeGetBehavior [ RunTime:0.000000s ]
INFO: [ app_begin ] --END-- [ RunTime:0.003000s ]
NOTIC: [8] Undefined index: url D:\yuesao\application\Common\Controller\AppframeController.class.php 第 22 行.

[ 2017-06-08T17:09:23+08:00 ] 127.0.0.1 /index.php?g=user&m=index&a=is_login
INFO: [ app_begin ] --START--
INFO: Run Behavior\ReadHtmlCacheBehavior [ RunTime:0.001000s ]
INFO: Run Behavior\CheckLangBehavior [ RunTime:0.002000s ]
INFO: Run Common\Behavior\UrldecodeGetBehavior [ RunTime:0.000000s ]
INFO: [ app_begin ] --END-- [ RunTime:0.003000s ]
NOTIC: [8] Undefined index: url D:\yuesao\application\Common\Controller\AppframeController.class.php 第 22 行.

[ 2017-06-08T17:09:34+08:00 ] 127.0.0.1 /index.php?g=user&m=index&a=is_login
INFO: [ app_begin ] --START--
INFO: Run Behavior\ReadHtmlCacheBehavior [ RunTime:0.001000s ]
INFO: Run Behavior\CheckLangBehavior [ RunTime:0.002000s ]
INFO: Run Common\Behavior\UrldecodeGetBehavior [ RunTime:0.001000s ]
INFO: [ app_begin ] --END-- [ RunTime:0.005000s ]
NOTIC: [8] Undefined index: url D:\yuesao\application\Common\Controller\AppframeController.class.php 第 22 行.

[ 2017-06-08T17:10:43+08:00 ] 127.0.0.1 /index.php?g=user&m=index&a=is_login
INFO: [ app_begin ] --START--
INFO: Run Behavior\ReadHtmlCacheBehavior [ RunTime:0.000000s ]
INFO: Run Behavior\CheckLangBehavior [ RunTime:0.001000s ]
INFO: Run Common\Behavior\UrldecodeGetBehavior [ RunTime:0.000000s ]
INFO: [ app_begin ] --END-- [ RunTime:0.003001s ]
NOTIC: [8] Undefined index: url D:\yuesao\application\Common\Controller\AppframeController.class.php 第 22 行.

[ 2017-06-08T17:11:13+08:00 ] 127.0.0.1 /index.php?g=user&m=index&a=is_login
INFO: [ app_begin ] --START--
INFO: Run Behavior\ReadHtmlCacheBehavior [ RunTime:0.001000s ]
INFO: Run Behavior\CheckLangBehavior [ RunTime:0.002000s ]
INFO: Run Common\Behavior\UrldecodeGetBehavior [ RunTime:0.001000s ]
INFO: [ app_begin ] --END-- [ RunTime:0.004000s ]
NOTIC: [8] Undefined index: url D:\yuesao\application\Common\Controller\AppframeController.class.php 第 22 行.

[ 2017-06-08T17:11:14+08:00 ] 127.0.0.1 /index.php?g=user&m=index&a=is_login
INFO: [ app_begin ] --START--
INFO: Run Behavior\ReadHtmlCacheBehavior [ RunTime:0.001000s ]
INFO: Run Behavior\CheckLangBehavior [ RunTime:0.001000s ]
INFO: Run Common\Behavior\UrldecodeGetBehavior [ RunTime:0.000000s ]
INFO: [ app_begin ] --END-- [ RunTime:0.004000s ]
NOTIC: [8] Undefined index: url D:\yuesao\application\Common\Controller\AppframeController.class.php 第 22 行.

[ 2017-06-08T17:12:38+08:00 ] 127.0.0.1 /index.php?g=user&m=index&a=is_login
INFO: [ app_begin ] --START--
INFO: Run Behavior\ReadHtmlCacheBehavior [ RunTime:0.000000s ]
INFO: Run Behavior\CheckLangBehavior [ RunTime:0.003000s ]
INFO: Run Common\Behavior\UrldecodeGetBehavior [ RunTime:0.001000s ]
INFO: [ app_begin ] --END-- [ RunTime:0.005000s ]
NOTIC: [8] Undefined index: url D:\yuesao\application\Common\Controller\AppframeController.class.php 第 22 行.

[ 2017-06-08T17:12:40+08:00 ] 127.0.0.1 /index.php?g=user&m=index&a=is_login
INFO: [ app_begin ] --START--
INFO: Run Behavior\ReadHtmlCacheBehavior [ RunTime:0.001000s ]
INFO: Run Behavior\CheckLangBehavior [ RunTime:0.002001s ]
INFO: Run Common\Behavior\UrldecodeGetBehavior [ RunTime:0.000000s ]
INFO: [ app_begin ] --END-- [ RunTime:0.003001s ]
NOTIC: [8] Undefined index: url D:\yuesao\application\Common\Controller\AppframeController.class.php 第 22 行.

[ 2017-06-08T17:13:22+08:00 ] 127.0.0.1 /index.php?g=user&m=index&a=is_login
INFO: [ app_begin ] --START--
INFO: Run Behavior\ReadHtmlCacheBehavior [ RunTime:0.000000s ]
INFO: Run Behavior\CheckLangBehavior [ RunTime:0.002000s ]
INFO: Run Common\Behavior\UrldecodeGetBehavior [ RunTime:0.000000s ]
INFO: [ app_begin ] --END-- [ RunTime:0.004000s ]
NOTIC: [8] Undefined index: url D:\yuesao\application\Common\Controller\AppframeController.class.php 第 22 行.

[ 2017-06-08T17:13:23+08:00 ] 127.0.0.1 /index.php?g=user&m=index&a=is_login
INFO: [ app_begin ] --START--
INFO: Run Behavior\ReadHtmlCacheBehavior [ RunTime:0.000000s ]
INFO: Run Behavior\CheckLangBehavior [ RunTime:0.002001s ]
INFO: Run Common\Behavior\UrldecodeGetBehavior [ RunTime:0.000000s ]
INFO: [ app_begin ] --END-- [ RunTime:0.003001s ]
NOTIC: [8] Undefined index: url D:\yuesao\application\Common\Controller\AppframeController.class.php 第 22 行.

[ 2017-06-08T17:13:26+08:00 ] 127.0.0.1 /index.php?g=user&m=index&a=is_login
INFO: [ app_begin ] --START--
INFO: Run Behavior\ReadHtmlCacheBehavior [ RunTime:0.000000s ]
INFO: Run Behavior\CheckLangBehavior [ RunTime:0.001000s ]
INFO: Run Common\Behavior\UrldecodeGetBehavior [ RunTime:0.000000s ]
INFO: [ app_begin ] --END-- [ RunTime:0.003001s ]
NOTIC: [8] Undefined index: url D:\yuesao\application\Common\Controller\AppframeController.class.php 第 22 行.

[ 2017-06-08T17:13:27+08:00 ] 127.0.0.1 /index.php?g=user&m=index&a=is_login
INFO: [ app_begin ] --START--
INFO: Run Behavior\ReadHtmlCacheBehavior [ RunTime:0.001000s ]
INFO: Run Behavior\CheckLangBehavior [ RunTime:0.006000s ]
INFO: Run Common\Behavior\UrldecodeGetBehavior [ RunTime:0.001000s ]
INFO: [ app_begin ] --END-- [ RunTime:0.009000s ]
NOTIC: [8] Undefined index: url D:\yuesao\application\Common\Controller\AppframeController.class.php 第 22 行.

[ 2017-06-08T17:13:36+08:00 ] 127.0.0.1 /index.php?g=user&m=index&a=is_login
INFO: [ app_begin ] --START--
INFO: Run Behavior\ReadHtmlCacheBehavior [ RunTime:0.001000s ]
INFO: Run Behavior\CheckLangBehavior [ RunTime:0.001000s ]
INFO: Run Common\Behavior\UrldecodeGetBehavior [ RunTime:0.001000s ]
INFO: [ app_begin ] --END-- [ RunTime:0.004000s ]
NOTIC: [8] Undefined index: url D:\yuesao\application\Common\Controller\AppframeController.class.php 第 22 行.

[ 2017-06-08T17:13:37+08:00 ] 127.0.0.1 /index.php?g=user&m=index&a=is_login
INFO: [ app_begin ] --START--
INFO: Run Behavior\ReadHtmlCacheBehavior [ RunTime:0.001000s ]
INFO: Run Behavior\CheckLangBehavior [ RunTime:0.001000s ]
INFO: Run Common\Behavior\UrldecodeGetBehavior [ RunTime:0.001000s ]
INFO: [ app_begin ] --END-- [ RunTime:0.003000s ]
NOTIC: [8] Undefined index: url D:\yuesao\application\Common\Controller\AppframeController.class.php 第 22 行.

[ 2017-06-08T17:13:39+08:00 ] 127.0.0.1 /index.php?g=user&m=index&a=is_login
INFO: [ app_begin ] --START--
INFO: Run Behavior\ReadHtmlCacheBehavior [ RunTime:0.001000s ]
INFO: Run Behavior\CheckLangBehavior [ RunTime:0.001000s ]
INFO: Run Common\Behavior\UrldecodeGetBehavior [ RunTime:0.001000s ]
INFO: [ app_begin ] --END-- [ RunTime:0.003000s ]
NOTIC: [8] Undefined index: url D:\yuesao\application\Common\Controller\AppframeController.class.php 第 22 行.

[ 2017-06-08T17:13:41+08:00 ] 127.0.0.1 /index.php?g=user&m=index&a=is_login
INFO: [ app_begin ] --START--
INFO: Run Behavior\ReadHtmlCacheBehavior [ RunTime:0.001000s ]
INFO: Run Behavior\CheckLangBehavior [ RunTime:0.002000s ]
INFO: Run Common\Behavior\UrldecodeGetBehavior [ RunTime:0.001000s ]
INFO: [ app_begin ] --END-- [ RunTime:0.005000s ]
NOTIC: [8] Undefined index: url D:\yuesao\application\Common\Controller\AppframeController.class.php 第 22 行.

[ 2017-06-08T17:13:54+08:00 ] 127.0.0.1 /index.php?g=user&m=index&a=is_login
INFO: [ app_begin ] --START--
INFO: Run Behavior\ReadHtmlCacheBehavior [ RunTime:0.001000s ]
INFO: Run Behavior\CheckLangBehavior [ RunTime:0.001000s ]
INFO: Run Common\Behavior\UrldecodeGetBehavior [ RunTime:0.001000s ]
INFO: [ app_begin ] --END-- [ RunTime:0.003000s ]
NOTIC: [8] Undefined index: url D:\yuesao\application\Common\Controller\AppframeController.class.php 第 22 行.

[ 2017-06-08T17:13:55+08:00 ] 127.0.0.1 /index.php?g=user&m=index&a=is_login
INFO: [ app_begin ] --START--
INFO: Run Behavior\ReadHtmlCacheBehavior [ RunTime:0.001000s ]
INFO: Run Behavior\CheckLangBehavior [ RunTime:0.002000s ]
INFO: Run Common\Behavior\UrldecodeGetBehavior [ RunTime:0.000000s ]
INFO: [ app_begin ] --END-- [ RunTime:0.003000s ]
NOTIC: [8] Undefined index: url D:\yuesao\application\Common\Controller\AppframeController.class.php 第 22 行.

[ 2017-06-08T17:13:56+08:00 ] 127.0.0.1 /index.php?g=user&m=index&a=is_login
INFO: [ app_begin ] --START--
INFO: Run Behavior\ReadHtmlCacheBehavior [ RunTime:0.001000s ]
INFO: Run Behavior\CheckLangBehavior [ RunTime:0.002000s ]
INFO: Run Common\Behavior\UrldecodeGetBehavior [ RunTime:0.000000s ]
INFO: [ app_begin ] --END-- [ RunTime:0.005000s ]
NOTIC: [8] Undefined index: url D:\yuesao\application\Common\Controller\AppframeController.class.php 第 22 行.

[ 2017-06-08T17:13:58+08:00 ] 127.0.0.1 /index.php?g=user&m=index&a=is_login
INFO: [ app_begin ] --START--
INFO: Run Behavior\ReadHtmlCacheBehavior [ RunTime:0.001000s ]
INFO: Run Behavior\CheckLangBehavior [ RunTime:0.003000s ]
INFO: Run Common\Behavior\UrldecodeGetBehavior [ RunTime:0.001000s ]
INFO: [ app_begin ] --END-- [ RunTime:0.005000s ]
NOTIC: [8] Undefined index: url D:\yuesao\application\Common\Controller\AppframeController.class.php 第 22 行.

[ 2017-06-08T17:14:26+08:00 ] 127.0.0.1 /index.php?g=user&m=index&a=is_login
INFO: [ app_begin ] --START--
INFO: Run Behavior\ReadHtmlCacheBehavior [ RunTime:0.003000s ]
INFO: Run Behavior\CheckLangBehavior [ RunTime:0.002000s ]
INFO: Run Common\Behavior\UrldecodeGetBehavior [ RunTime:0.001000s ]
INFO: [ app_begin ] --END-- [ RunTime:0.007000s ]
NOTIC: [8] Undefined index: url D:\yuesao\application\Common\Controller\AppframeController.class.php 第 22 行.

[ 2017-06-08T17:16:12+08:00 ] 127.0.0.1 /index.php?g=user&m=index&a=is_login
INFO: [ app_begin ] --START--
INFO: Run Behavior\ReadHtmlCacheBehavior [ RunTime:0.001000s ]
INFO: Run Behavior\CheckLangBehavior [ RunTime:0.001000s ]
INFO: Run Common\Behavior\UrldecodeGetBehavior [ RunTime:0.001000s ]
INFO: [ app_begin ] --END-- [ RunTime:0.003000s ]
NOTIC: [8] Undefined index: url D:\yuesao\application\Common\Controller\AppframeController.class.php 第 22 行.

[ 2017-06-08T17:16:14+08:00 ] 127.0.0.1 /index.php?g=user&m=index&a=is_login
INFO: [ app_begin ] --START--
INFO: Run Behavior\ReadHtmlCacheBehavior [ RunTime:0.001001s ]
INFO: Run Behavior\CheckLangBehavior [ RunTime:0.001000s ]
INFO: Run Common\Behavior\UrldecodeGetBehavior [ RunTime:0.001000s ]
INFO: [ app_begin ] --END-- [ RunTime:0.003001s ]
NOTIC: [8] Undefined index: url D:\yuesao\application\Common\Controller\AppframeController.class.php 第 22 行.

[ 2017-06-08T17:16:14+08:00 ] 127.0.0.1 /index.php?g=user&m=index&a=is_login
INFO: [ app_begin ] --START--
INFO: Run Behavior\ReadHtmlCacheBehavior [ RunTime:0.001000s ]
INFO: Run Behavior\CheckLangBehavior [ RunTime:0.002000s ]
INFO: Run Common\Behavior\UrldecodeGetBehavior [ RunTime:0.001000s ]
INFO: [ app_begin ] --END-- [ RunTime:0.004000s ]
NOTIC: [8] Undefined index: url D:\yuesao\application\Common\Controller\AppframeController.class.php 第 22 行.

[ 2017-06-08T19:17:57+08:00 ] 127.0.0.1 /index.php?g=user&m=index&a=is_login
INFO: [ app_begin ] --START--
INFO: Run Behavior\ReadHtmlCacheBehavior [ RunTime:0.001001s ]
INFO: Run Behavior\CheckLangBehavior [ RunTime:0.002000s ]
INFO: Run Common\Behavior\UrldecodeGetBehavior [ RunTime:0.000000s ]
INFO: [ app_begin ] --END-- [ RunTime:0.004001s ]
NOTIC: [8] Undefined index: url D:\yuesao\application\Common\Controller\AppframeController.class.php 第 22 行.

