[ 2017-06-01T09:56:18+08:00 ] 127.0.0.1 /index.php?g=Yuesao&m=Yuesao&a=delete
INFO: [ app_begin ] --START--
INFO: Run Behavior\ReadHtmlCacheBehavior [ RunTime:0.000000s ]
INFO: Run Behavior\CheckLangBehavior [ RunTime:0.001000s ]
INFO: Run Common\Behavior\UrldecodeGetBehavior [ RunTime:0.001000s ]
INFO: [ app_begin ] --END-- [ RunTime:0.004001s ]
INFO: [ admin_begin ] --START--
INFO: Run Common\Behavior\AdminDefaultLangBehavior [ RunTime:0.002000s ]
INFO: [ admin_begin ] --END-- [ RunTime:0.003000s ]
SQL: SHOW COLUMNS FROM `ys_users` [ RunTime:0.0010s ]
SQL: SELECT * FROM `ys_users` WHERE `id` = 1 LIMIT 1   [ RunTime:0.0000s ]
SQL: SHOW COLUMNS FROM `ys_yuesao` [ RunTime:0.0010s ]
SQL: UPDATE `ys_yuesao` SET `is_del`='0' WHERE `ys_id` IN ('1','2','4','5','13','14') [ RunTime:0.0020s ]

[ 2017-06-01T10:01:03+08:00 ] 127.0.0.1 /index.php?g=Yuesao&m=Yuesao&a=edit_post
ERR: 1064:You have an error in your SQL syntax; check the manual that corresponds to your MySQL server version for the right syntax to use near 'WHERE ( id=0 )' at line 1
 [ SQL语句 ] : UPDATE `ys_yuesao_images` SET  WHERE ( id=0 )

[ 2017-06-01T10:38:36+08:00 ] 127.0.0.1 /index.php?g=Yuesao&m=Yuesao&a=ys_list
ERR: 1054:Unknown column '张三' in 'where clause'
 [ SQL语句 ] : SELECT * FROM `ys_yuesao` WHERE ( is_del=1 AND ys_name=张三 ) 

[ 2017-06-01T15:24:41+08:00 ] 127.0.0.1 /index.php?g=Yuesao&m=Yuesao&a=ys_list
ERR: 1054:Unknown column 'Array' in 'where clause'
 [ SQL语句 ] : SELECT * FROM `ys_yuesao` WHERE ( is_del=1 AND Array ) LIMIT 0,20  

[ 2017-06-01T15:33:38+08:00 ] 127.0.0.1 /index.php?g=Yuesao&m=Yuesao&a=delete&ys_id=5
INFO: [ app_begin ] --START--
INFO: Run Behavior\ReadHtmlCacheBehavior [ RunTime:0.000000s ]
INFO: Run Behavior\CheckLangBehavior [ RunTime:0.002000s ]
INFO: Run Common\Behavior\UrldecodeGetBehavior [ RunTime:0.001000s ]
INFO: [ app_begin ] --END-- [ RunTime:0.004000s ]
INFO: [ admin_begin ] --START--
INFO: Run Common\Behavior\AdminDefaultLangBehavior [ RunTime:0.002000s ]
INFO: [ admin_begin ] --END-- [ RunTime:0.002000s ]
SQL: SHOW COLUMNS FROM `ys_users` [ RunTime:0.0010s ]
SQL: SELECT * FROM `ys_users` WHERE `id` = 1 LIMIT 1   [ RunTime:0.0000s ]
SQL: SHOW COLUMNS FROM `ys_yuesao` [ RunTime:0.0010s ]
SQL: UPDATE `ys_yuesao` SET `is_del`='0' WHERE `ys_id` = 5 [ RunTime:0.0020s ]

[ 2017-06-01T16:08:56+08:00 ] 127.0.0.1 /index.php?g=Yuesao&m=Yuesao&a=recommend&id=4&status=0
INFO: [ app_begin ] --START--
INFO: Run Behavior\ReadHtmlCacheBehavior [ RunTime:0.001000s ]
INFO: Run Behavior\CheckLangBehavior [ RunTime:0.002000s ]
INFO: Run Common\Behavior\UrldecodeGetBehavior [ RunTime:0.001000s ]
INFO: [ app_begin ] --END-- [ RunTime:0.004000s ]
INFO: [ admin_begin ] --START--
INFO: Run Common\Behavior\AdminDefaultLangBehavior [ RunTime:0.002001s ]
INFO: [ admin_begin ] --END-- [ RunTime:0.002001s ]
SQL: SHOW COLUMNS FROM `ys_users` [ RunTime:0.0010s ]
SQL: SELECT * FROM `ys_users` WHERE `id` = 1 LIMIT 1   [ RunTime:0.0000s ]

[ 2017-06-01T16:08:57+08:00 ] 127.0.0.1 /index.php?g=Yuesao&m=Yuesao&a=recommend&id=4&status=0
INFO: [ app_begin ] --START--
INFO: Run Behavior\ReadHtmlCacheBehavior [ RunTime:0.001000s ]
INFO: Run Behavior\CheckLangBehavior [ RunTime:0.002000s ]
INFO: Run Common\Behavior\UrldecodeGetBehavior [ RunTime:0.001000s ]
INFO: [ app_begin ] --END-- [ RunTime:0.005000s ]
INFO: [ admin_begin ] --START--
INFO: Run Common\Behavior\AdminDefaultLangBehavior [ RunTime:0.002000s ]
INFO: [ admin_begin ] --END-- [ RunTime:0.002000s ]
SQL: SHOW COLUMNS FROM `ys_users` [ RunTime:0.0010s ]
SQL: SELECT * FROM `ys_users` WHERE `id` = 1 LIMIT 1   [ RunTime:0.0000s ]

[ 2017-06-01T16:09:03+08:00 ] 127.0.0.1 /index.php?g=Yuesao&m=Yuesao&a=recommend&id=4&status=0
INFO: [ app_begin ] --START--
INFO: Run Behavior\ReadHtmlCacheBehavior [ RunTime:0.001000s ]
INFO: Run Behavior\CheckLangBehavior [ RunTime:0.003000s ]
INFO: Run Common\Behavior\UrldecodeGetBehavior [ RunTime:0.001000s ]
INFO: [ app_begin ] --END-- [ RunTime:0.006000s ]
INFO: [ admin_begin ] --START--
INFO: Run Common\Behavior\AdminDefaultLangBehavior [ RunTime:0.002000s ]
INFO: [ admin_begin ] --END-- [ RunTime:0.003000s ]
SQL: SHOW COLUMNS FROM `ys_users` [ RunTime:0.0010s ]
SQL: SELECT * FROM `ys_users` WHERE `id` = 1 LIMIT 1   [ RunTime:0.0000s ]

[ 2017-06-01T16:09:04+08:00 ] 127.0.0.1 /index.php?g=Yuesao&m=Yuesao&a=recommend&id=4&status=0
INFO: [ app_begin ] --START--
INFO: Run Behavior\ReadHtmlCacheBehavior [ RunTime:0.001000s ]
INFO: Run Behavior\CheckLangBehavior [ RunTime:0.002000s ]
INFO: Run Common\Behavior\UrldecodeGetBehavior [ RunTime:0.000000s ]
INFO: [ app_begin ] --END-- [ RunTime:0.004000s ]
INFO: [ admin_begin ] --START--
INFO: Run Common\Behavior\AdminDefaultLangBehavior [ RunTime:0.001001s ]
INFO: [ admin_begin ] --END-- [ RunTime:0.002001s ]
SQL: SHOW COLUMNS FROM `ys_users` [ RunTime:0.0010s ]
SQL: SELECT * FROM `ys_users` WHERE `id` = 1 LIMIT 1   [ RunTime:0.0000s ]

[ 2017-06-01T16:09:10+08:00 ] 127.0.0.1 /index.php?g=Yuesao&m=Yuesao&a=recommend&id=19&status=1
INFO: [ app_begin ] --START--
INFO: Run Behavior\ReadHtmlCacheBehavior [ RunTime:0.001000s ]
INFO: Run Behavior\CheckLangBehavior [ RunTime:0.002000s ]
INFO: Run Common\Behavior\UrldecodeGetBehavior [ RunTime:0.000000s ]
INFO: [ app_begin ] --END-- [ RunTime:0.004000s ]
INFO: [ admin_begin ] --START--
INFO: Run Common\Behavior\AdminDefaultLangBehavior [ RunTime:0.002000s ]
INFO: [ admin_begin ] --END-- [ RunTime:0.002000s ]
SQL: SHOW COLUMNS FROM `ys_users` [ RunTime:0.0010s ]
SQL: SELECT * FROM `ys_users` WHERE `id` = 1 LIMIT 1   [ RunTime:0.0000s ]

[ 2017-06-01T16:09:10+08:00 ] 127.0.0.1 /index.php?g=Yuesao&m=Yuesao&a=recommend&id=19&status=1
INFO: [ app_begin ] --START--
INFO: Run Behavior\ReadHtmlCacheBehavior [ RunTime:0.001000s ]
INFO: Run Behavior\CheckLangBehavior [ RunTime:0.002000s ]
INFO: Run Common\Behavior\UrldecodeGetBehavior [ RunTime:0.000000s ]
INFO: [ app_begin ] --END-- [ RunTime:0.004000s ]
INFO: [ admin_begin ] --START--
INFO: Run Common\Behavior\AdminDefaultLangBehavior [ RunTime:0.002000s ]
INFO: [ admin_begin ] --END-- [ RunTime:0.002000s ]
SQL: SHOW COLUMNS FROM `ys_users` [ RunTime:0.0000s ]
SQL: SELECT * FROM `ys_users` WHERE `id` = 1 LIMIT 1   [ RunTime:0.0010s ]

[ 2017-06-01T16:09:41+08:00 ] 127.0.0.1 /index.php?g=Yuesao&m=Yuesao&a=recommend&id=4&status=0
INFO: [ app_begin ] --START--
INFO: Run Behavior\ReadHtmlCacheBehavior [ RunTime:0.001000s ]
INFO: Run Behavior\CheckLangBehavior [ RunTime:0.002000s ]
INFO: Run Common\Behavior\UrldecodeGetBehavior [ RunTime:0.000000s ]
INFO: [ app_begin ] --END-- [ RunTime:0.004000s ]
INFO: [ admin_begin ] --START--
INFO: Run Common\Behavior\AdminDefaultLangBehavior [ RunTime:0.002000s ]
INFO: [ admin_begin ] --END-- [ RunTime:0.002000s ]
SQL: SHOW COLUMNS FROM `ys_users` [ RunTime:0.0010s ]
SQL: SELECT * FROM `ys_users` WHERE `id` = 1 LIMIT 1   [ RunTime:0.0010s ]

[ 2017-06-01T16:19:36+08:00 ] 127.0.0.1 /index.php?g=Yuesao&m=Yuesao&a=recommend&id=19&status=1
INFO: [ app_begin ] --START--
INFO: Run Behavior\ReadHtmlCacheBehavior [ RunTime:0.001000s ]
INFO: Run Behavior\CheckLangBehavior [ RunTime:0.001000s ]
INFO: Run Common\Behavior\UrldecodeGetBehavior [ RunTime:0.001000s ]
INFO: [ app_begin ] --END-- [ RunTime:0.004000s ]
INFO: [ admin_begin ] --START--
INFO: Run Common\Behavior\AdminDefaultLangBehavior [ RunTime:0.002001s ]
INFO: [ admin_begin ] --END-- [ RunTime:0.002001s ]
SQL: SHOW COLUMNS FROM `ys_users` [ RunTime:0.0010s ]
SQL: SELECT * FROM `ys_users` WHERE `id` = 1 LIMIT 1   [ RunTime:0.0000s ]
SQL: SHOW COLUMNS FROM `ys_yuesao` [ RunTime:0.0000s ]
NOTIC: [2] Invalid argument supplied for foreach() D:\yuesao\simplewind\Core\Library\Think\Model.class.php 第 267 行.
NOTIC: [2] Invalid argument supplied for foreach() D:\yuesao\simplewind\Core\Library\Think\Db\Driver.class.php 第 372 行.
NOTIC: [8] Undefined variable: set D:\yuesao\simplewind\Core\Library\Think\Db\Driver.class.php 第 387 行.
NOTIC: [2] implode(): Invalid arguments passed D:\yuesao\simplewind\Core\Library\Think\Db\Driver.class.php 第 387 行.
ERR: 1064:You have an error in your SQL syntax; check the manual that corresponds to your MySQL server version for the right syntax to use near 'WHERE ( ys_id=19 )' at line 1
 [ SQL语句 ] : UPDATE `ys_yuesao` SET  WHERE ( ys_id=19 )
ERR: 1064:You have an error in your SQL syntax; check the manual that corresponds to your MySQL server version for the right syntax to use near 'WHERE ( ys_id=19 )' at line 1
 [ SQL语句 ] : UPDATE `ys_yuesao` SET  WHERE ( ys_id=19 )

[ 2017-06-01T16:19:37+08:00 ] 127.0.0.1 /index.php?g=Yuesao&m=Yuesao&a=recommend&id=19&status=1
INFO: [ app_begin ] --START--
INFO: Run Behavior\ReadHtmlCacheBehavior [ RunTime:0.001000s ]
INFO: Run Behavior\CheckLangBehavior [ RunTime:0.002000s ]
INFO: Run Common\Behavior\UrldecodeGetBehavior [ RunTime:0.001000s ]
INFO: [ app_begin ] --END-- [ RunTime:0.004000s ]
INFO: [ admin_begin ] --START--
INFO: Run Common\Behavior\AdminDefaultLangBehavior [ RunTime:0.001000s ]
INFO: [ admin_begin ] --END-- [ RunTime:0.003000s ]
SQL: SHOW COLUMNS FROM `ys_users` [ RunTime:0.0010s ]
SQL: SELECT * FROM `ys_users` WHERE `id` = 1 LIMIT 1   [ RunTime:0.0000s ]
SQL: SHOW COLUMNS FROM `ys_yuesao` [ RunTime:0.0010s ]
NOTIC: [2] Invalid argument supplied for foreach() D:\yuesao\simplewind\Core\Library\Think\Model.class.php 第 267 行.
NOTIC: [2] Invalid argument supplied for foreach() D:\yuesao\simplewind\Core\Library\Think\Db\Driver.class.php 第 372 行.
NOTIC: [8] Undefined variable: set D:\yuesao\simplewind\Core\Library\Think\Db\Driver.class.php 第 387 行.
NOTIC: [2] implode(): Invalid arguments passed D:\yuesao\simplewind\Core\Library\Think\Db\Driver.class.php 第 387 行.
ERR: 1064:You have an error in your SQL syntax; check the manual that corresponds to your MySQL server version for the right syntax to use near 'WHERE ( ys_id=19 )' at line 1
 [ SQL语句 ] : UPDATE `ys_yuesao` SET  WHERE ( ys_id=19 )
ERR: 1064:You have an error in your SQL syntax; check the manual that corresponds to your MySQL server version for the right syntax to use near 'WHERE ( ys_id=19 )' at line 1
 [ SQL语句 ] : UPDATE `ys_yuesao` SET  WHERE ( ys_id=19 )

[ 2017-06-01T16:20:43+08:00 ] 127.0.0.1 /index.php?g=Yuesao&m=Yuesao&a=recommend&id=19&status=1
INFO: [ app_begin ] --START--
INFO: Run Behavior\ReadHtmlCacheBehavior [ RunTime:0.001000s ]
INFO: Run Behavior\CheckLangBehavior [ RunTime:0.004000s ]
INFO: Run Common\Behavior\UrldecodeGetBehavior [ RunTime:0.001000s ]
INFO: [ app_begin ] --END-- [ RunTime:0.008000s ]
INFO: [ admin_begin ] --START--
INFO: Run Common\Behavior\AdminDefaultLangBehavior [ RunTime:0.001000s ]
INFO: [ admin_begin ] --END-- [ RunTime:0.002000s ]
SQL: SHOW COLUMNS FROM `ys_users` [ RunTime:0.0020s ]
SQL: SELECT * FROM `ys_users` WHERE `id` = 1 LIMIT 1   [ RunTime:0.0000s ]
SQL: SHOW COLUMNS FROM `ys_yuesao` [ RunTime:0.0000s ]
NOTIC: [2] Invalid argument supplied for foreach() D:\yuesao\simplewind\Core\Library\Think\Model.class.php 第 267 行.
NOTIC: [2] Invalid argument supplied for foreach() D:\yuesao\simplewind\Core\Library\Think\Db\Driver.class.php 第 372 行.
NOTIC: [8] Undefined variable: set D:\yuesao\simplewind\Core\Library\Think\Db\Driver.class.php 第 387 行.
NOTIC: [2] implode(): Invalid arguments passed D:\yuesao\simplewind\Core\Library\Think\Db\Driver.class.php 第 387 行.
ERR: 1064:You have an error in your SQL syntax; check the manual that corresponds to your MySQL server version for the right syntax to use near 'WHERE ( ys_id=19 )' at line 1
 [ SQL语句 ] : UPDATE `ys_yuesao` SET  WHERE ( ys_id=19 )
ERR: 1064:You have an error in your SQL syntax; check the manual that corresponds to your MySQL server version for the right syntax to use near 'WHERE ( ys_id=19 )' at line 1
 [ SQL语句 ] : UPDATE `ys_yuesao` SET  WHERE ( ys_id=19 )

[ 2017-06-01T16:22:07+08:00 ] 127.0.0.1 /index.php?g=Yuesao&m=Yuesao&a=recommend&id=19&status=1
INFO: [ app_begin ] --START--
INFO: Run Behavior\ReadHtmlCacheBehavior [ RunTime:0.002000s ]
INFO: Run Behavior\CheckLangBehavior [ RunTime:0.003000s ]
INFO: Run Common\Behavior\UrldecodeGetBehavior [ RunTime:0.001000s ]
INFO: [ app_begin ] --END-- [ RunTime:0.008000s ]
INFO: [ admin_begin ] --START--
INFO: Run Common\Behavior\AdminDefaultLangBehavior [ RunTime:0.002000s ]
INFO: [ admin_begin ] --END-- [ RunTime:0.002000s ]
SQL: SHOW COLUMNS FROM `ys_users` [ RunTime:0.0010s ]
SQL: SELECT * FROM `ys_users` WHERE `id` = 1 LIMIT 1   [ RunTime:0.0020s ]
SQL: SHOW COLUMNS FROM `ys_yuesao` [ RunTime:0.0020s ]
SQL: UPDATE `ys_yuesao` SET `is_recommend`='0' WHERE ( ys_id=19 ) [ RunTime:0.0020s ]

[ 2017-06-01T16:22:12+08:00 ] 127.0.0.1 /index.php?g=Yuesao&m=Yuesao&a=recommend&id=4&status=0
INFO: [ app_begin ] --START--
INFO: Run Behavior\ReadHtmlCacheBehavior [ RunTime:0.001000s ]
INFO: Run Behavior\CheckLangBehavior [ RunTime:0.002001s ]
INFO: Run Common\Behavior\UrldecodeGetBehavior [ RunTime:0.001000s ]
INFO: [ app_begin ] --END-- [ RunTime:0.005001s ]
INFO: [ admin_begin ] --START--
INFO: Run Common\Behavior\AdminDefaultLangBehavior [ RunTime:0.005000s ]
INFO: [ admin_begin ] --END-- [ RunTime:0.005000s ]
SQL: SHOW COLUMNS FROM `ys_users` [ RunTime:0.0020s ]
SQL: SELECT * FROM `ys_users` WHERE `id` = 1 LIMIT 1   [ RunTime:0.0010s ]
SQL: SHOW COLUMNS FROM `ys_yuesao` [ RunTime:0.0010s ]
SQL: UPDATE `ys_yuesao` SET `is_recommend`='1' WHERE ( ys_id=4 ) [ RunTime:0.0030s ]

[ 2017-06-01T16:29:35+08:00 ] 127.0.0.1 /index.php?g=Yuesao&m=Yuesao&a=recommend&id=19&status=0
INFO: [ app_begin ] --START--
INFO: Run Behavior\ReadHtmlCacheBehavior [ RunTime:0.001000s ]
INFO: Run Behavior\CheckLangBehavior [ RunTime:0.003000s ]
INFO: Run Common\Behavior\UrldecodeGetBehavior [ RunTime:0.000000s ]
INFO: [ app_begin ] --END-- [ RunTime:0.005000s ]
INFO: [ admin_begin ] --START--
INFO: Run Common\Behavior\AdminDefaultLangBehavior [ RunTime:0.002000s ]
INFO: [ admin_begin ] --END-- [ RunTime:0.002000s ]
SQL: SHOW COLUMNS FROM `ys_users` [ RunTime:0.0010s ]
SQL: SELECT * FROM `ys_users` WHERE `id` = 1 LIMIT 1   [ RunTime:0.0010s ]
SQL: SHOW COLUMNS FROM `ys_yuesao` [ RunTime:0.0010s ]
SQL: UPDATE `ys_yuesao` SET `is_recommend`='1' WHERE ( ys_id=19 ) [ RunTime:0.0010s ]

[ 2017-06-01T16:29:39+08:00 ] 127.0.0.1 /index.php?g=Yuesao&m=Yuesao&a=recommend&id=2&status=0
INFO: [ app_begin ] --START--
INFO: Run Behavior\ReadHtmlCacheBehavior [ RunTime:0.000000s ]
INFO: Run Behavior\CheckLangBehavior [ RunTime:0.002000s ]
INFO: Run Common\Behavior\UrldecodeGetBehavior [ RunTime:0.001000s ]
INFO: [ app_begin ] --END-- [ RunTime:0.004000s ]
INFO: [ admin_begin ] --START--
INFO: Run Common\Behavior\AdminDefaultLangBehavior [ RunTime:0.002000s ]
INFO: [ admin_begin ] --END-- [ RunTime:0.002000s ]
SQL: SHOW COLUMNS FROM `ys_users` [ RunTime:0.0010s ]
SQL: SELECT * FROM `ys_users` WHERE `id` = 1 LIMIT 1   [ RunTime:0.0000s ]
SQL: SHOW COLUMNS FROM `ys_yuesao` [ RunTime:0.0000s ]
SQL: UPDATE `ys_yuesao` SET `is_recommend`='1' WHERE ( ys_id=2 ) [ RunTime:0.0020s ]

[ 2017-06-01T16:29:44+08:00 ] 127.0.0.1 /index.php?g=Yuesao&m=Yuesao&a=recommend&id=3&status=1
INFO: [ app_begin ] --START--
INFO: Run Behavior\ReadHtmlCacheBehavior [ RunTime:0.001000s ]
INFO: Run Behavior\CheckLangBehavior [ RunTime:0.002000s ]
INFO: Run Common\Behavior\UrldecodeGetBehavior [ RunTime:0.000000s ]
INFO: [ app_begin ] --END-- [ RunTime:0.004000s ]
INFO: [ admin_begin ] --START--
INFO: Run Common\Behavior\AdminDefaultLangBehavior [ RunTime:0.002000s ]
INFO: [ admin_begin ] --END-- [ RunTime:0.002000s ]
SQL: SHOW COLUMNS FROM `ys_users` [ RunTime:0.0010s ]
SQL: SELECT * FROM `ys_users` WHERE `id` = 1 LIMIT 1   [ RunTime:0.0000s ]
SQL: SHOW COLUMNS FROM `ys_yuesao` [ RunTime:0.0000s ]
SQL: UPDATE `ys_yuesao` SET `is_recommend`='0' WHERE ( ys_id=3 ) [ RunTime:0.0010s ]

[ 2017-06-01T17:05:07+08:00 ] 127.0.0.1 /index.php?g=Yuesao&m=Yuesao&a=ys_list
ERR: 1064:You have an error in your SQL syntax; check the manual that corresponds to your MySQL server version for the right syntax to use near '%李四% OR mobile like %李四% ) LIMIT 1' at line 1
 [ SQL语句 ] : SELECT COUNT(*) AS tp_count FROM `ys_yuesao` WHERE ( is_del=1 AND ys_name like %李四% OR mobile like %李四% ) LIMIT 1  

[ 2017-06-01T17:05:35+08:00 ] 127.0.0.1 /index.php?g=Yuesao&m=Yuesao&a=ys_list
ERR: 1064:You have an error in your SQL syntax; check the manual that corresponds to your MySQL server version for the right syntax to use near '%'李四'% OR mobile like %'李四'% ) LIMIT 1' at line 1
 [ SQL语句 ] : SELECT COUNT(*) AS tp_count FROM `ys_yuesao` WHERE ( is_del=1 AND ys_name like %'李四'% OR mobile like %'李四'% ) LIMIT 1  

[ 2017-06-01T17:11:44+08:00 ] 127.0.0.1 /index.php?g=Yuesao&m=Yuesao&a=ys_list
ERR: 1064:You have an error in your SQL syntax; check the manual that corresponds to your MySQL server version for the right syntax to use near ') LIMIT 1' at line 1
 [ SQL语句 ] : SELECT COUNT(*) AS tp_count FROM `ys_yuesao` WHERE ( is_del=1 AND age BETWEEN 40 AND 50 AND level BETWEEN 2 AND 5 AND baby_num BETWEEN 3 AND  ) LIMIT 1  

[ 2017-06-01T17:13:38+08:00 ] 127.0.0.1 /index.php?g=Yuesao&m=Yuesao&a=ys_list
ERR: 1064:You have an error in your SQL syntax; check the manual that corresponds to your MySQL server version for the right syntax to use near 'AND level BETWEEN 2 AND 5 AND baby_num BETWEEN 3 AND 5 ) LIMIT 1' at line 1
 [ SQL语句 ] : SELECT COUNT(*) AS tp_count FROM `ys_yuesao` WHERE ( is_del=1 AND ys_name like '%李四%' OR mobile like '%李四%' AND age BETWEEN 40 AND  AND level BETWEEN 2 AND 5 AND baby_num BETWEEN 3 AND 5 ) LIMIT 1  

[ 2017-06-01T17:14:14+08:00 ] 127.0.0.1 /index.php?g=Yuesao&m=Yuesao&a=ys_list
ERR: 1064:You have an error in your SQL syntax; check the manual that corresponds to your MySQL server version for the right syntax to use near 'AND level BETWEEN 5 AND 2 AND baby_num BETWEEN 3 AND 5 ) LIMIT 1' at line 1
 [ SQL语句 ] : SELECT COUNT(*) AS tp_count FROM `ys_yuesao` WHERE ( is_del=1 AND ys_name like '%李四%' OR mobile like '%李四%' AND age BETWEEN 40 AND  AND level BETWEEN 5 AND 2 AND baby_num BETWEEN 3 AND 5 ) LIMIT 1  

[ 2017-06-01T19:50:38+08:00 ] 127.0.0.1 /index.php?g=Yuesao&m=Yuesao&a=ys_list&type=level&sort=desc
ERR: 1054:Unknown column 'leveldesc' in 'order clause'
 [ SQL语句 ] : SELECT * FROM `ys_yuesao` WHERE ( is_del=1 ) ORDER BY leveldesc LIMIT 0,5  

