[ 2017-05-31T08:33:25+08:00 ] 127.0.0.1 /index.php?g=Yuesao&m=Index&a=index
ERR: 无法加载控制器:Index

[ 2017-05-31T11:44:29+08:00 ] 127.0.0.1 /index.php?g=Yuesao&m=Index&a=index
ERR: 无法加载控制器:Index

[ 2017-05-31T13:24:05+08:00 ] 127.0.0.1 /index.php?g=Yuesao&m=Index&a=index
ERR: 无法加载控制器:Index

[ 2017-05-31T14:35:24+08:00 ] 127.0.0.1 /index.php?g=Yuesao&m=Index&a=index
ERR: 无法加载控制器:Index

[ 2017-05-31T14:39:43+08:00 ] 127.0.0.1 /index.php?g=Yuesao&m=Index&a=index
ERR: 无法加载控制器:Index

[ 2017-05-31T14:40:09+08:00 ] 127.0.0.1 /index.php?g=Yuesao&m=Index&a=index
ERR: 无法加载控制器:Index

[ 2017-05-31T14:40:33+08:00 ] 127.0.0.1 /index.php?g=Yuesao&m=Index&a=index
ERR: 无法加载控制器:Index

[ 2017-05-31T15:19:14+08:00 ] 127.0.0.1 /index.php?g=Yuesao&m=AdminPost&a=add_post
INFO: [ app_begin ] --START--
INFO: Run Behavior\ReadHtmlCacheBehavior [ RunTime:0.001000s ]
INFO: Run Behavior\CheckLangBehavior [ RunTime:0.003001s ]
INFO: Run Common\Behavior\UrldecodeGetBehavior [ RunTime:0.001000s ]
INFO: [ app_begin ] --END-- [ RunTime:0.006001s ]
ERR: 无法加载控制器:AdminPost

[ 2017-05-31T15:21:40+08:00 ] 127.0.0.1 /index.php?g=Yuesao&m=AdminPost&a=add_post
INFO: [ app_begin ] --START--
INFO: Run Behavior\ReadHtmlCacheBehavior [ RunTime:0.000000s ]
INFO: Run Behavior\CheckLangBehavior [ RunTime:0.001000s ]
INFO: Run Common\Behavior\UrldecodeGetBehavior [ RunTime:0.001000s ]
INFO: [ app_begin ] --END-- [ RunTime:0.004000s ]
ERR: 无法加载控制器:AdminPost

[ 2017-05-31T15:29:00+08:00 ] 127.0.0.1 /index.php?g=Yuesao&m=Yuesao&a=add_post
INFO: [ app_begin ] --START--
INFO: Run Behavior\ReadHtmlCacheBehavior [ RunTime:0.000000s ]
INFO: Run Behavior\CheckLangBehavior [ RunTime:0.002000s ]
INFO: Run Common\Behavior\UrldecodeGetBehavior [ RunTime:0.000000s ]
INFO: [ app_begin ] --END-- [ RunTime:0.003000s ]
INFO: [ admin_begin ] --START--
INFO: Run Common\Behavior\AdminDefaultLangBehavior [ RunTime:0.001000s ]
INFO: [ admin_begin ] --END-- [ RunTime:0.001000s ]
SQL: SHOW COLUMNS FROM `ys_users` [ RunTime:0.0010s ]
SQL: SELECT * FROM `ys_users` WHERE `id` = 1 LIMIT 1   [ RunTime:0.0010s ]
SQL: SHOW COLUMNS FROM `ys_options` [ RunTime:0.0010s ]
SQL: SELECT `option_value` FROM `ys_options` WHERE `option_name` = 'cdn_settings' LIMIT 1   [ RunTime:0.0000s ]
ERR: 模板不存在:admin/themes/simplebootx/Yuesao/Yuesao/add_post.html

[ 2017-05-31T15:32:26+08:00 ] 127.0.0.1 /index.php?g=Yuesao&m=Yuesao&a=add_post
INFO: [ app_begin ] --START--
INFO: Run Behavior\ReadHtmlCacheBehavior [ RunTime:0.000000s ]
INFO: Run Behavior\CheckLangBehavior [ RunTime:0.001000s ]
INFO: Run Common\Behavior\UrldecodeGetBehavior [ RunTime:0.001000s ]
INFO: [ app_begin ] --END-- [ RunTime:0.004000s ]
INFO: [ admin_begin ] --START--
INFO: Run Common\Behavior\AdminDefaultLangBehavior [ RunTime:0.002001s ]
INFO: [ admin_begin ] --END-- [ RunTime:0.002001s ]
SQL: SHOW COLUMNS FROM `ys_users` [ RunTime:0.0010s ]
SQL: SELECT * FROM `ys_users` WHERE `id` = 1 LIMIT 1   [ RunTime:0.0010s ]
SQL: SHOW COLUMNS FROM `ys_options` [ RunTime:0.0010s ]
SQL: SELECT `option_value` FROM `ys_options` WHERE `option_name` = 'cdn_settings' LIMIT 1   [ RunTime:0.0000s ]
ERR: 模板不存在:admin/themes/simplebootx/Yuesao/Yuesao/add_post.html

[ 2017-05-31T15:32:43+08:00 ] 127.0.0.1 /index.php?g=Yuesao&m=Yuesao&a=add_post
ERR: 模板不存在:admin/themes/simplebootx/Yuesao/Yuesao/add_post.html

[ 2017-05-31T15:33:23+08:00 ] 127.0.0.1 /index.php?g=Yuesao&m=Yuesao&a=add_post
INFO: [ app_begin ] --START--
INFO: Run Behavior\ReadHtmlCacheBehavior [ RunTime:0.000000s ]
INFO: Run Behavior\CheckLangBehavior [ RunTime:0.002000s ]
INFO: Run Common\Behavior\UrldecodeGetBehavior [ RunTime:0.001000s ]
INFO: [ app_begin ] --END-- [ RunTime:0.004000s ]
INFO: [ admin_begin ] --START--
INFO: Run Common\Behavior\AdminDefaultLangBehavior [ RunTime:0.001000s ]
INFO: [ admin_begin ] --END-- [ RunTime:0.001000s ]
SQL: SHOW COLUMNS FROM `ys_users` [ RunTime:0.0010s ]
SQL: SELECT * FROM `ys_users` WHERE `id` = 1 LIMIT 1   [ RunTime:0.0010s ]
INFO: [ app_end ] --START--
INFO: Run Behavior\ShowPageTraceBehavior [ RunTime:0.001000s ]
INFO: [ app_end ] --END-- [ RunTime:0.001000s ]

[ 2017-05-31T15:33:32+08:00 ] 127.0.0.1 /index.php?g=Yuesao&m=Yuesao&a=add_post
INFO: [ app_begin ] --START--
INFO: Run Behavior\ReadHtmlCacheBehavior [ RunTime:0.001000s ]
INFO: Run Behavior\CheckLangBehavior [ RunTime:0.002000s ]
INFO: Run Common\Behavior\UrldecodeGetBehavior [ RunTime:0.000000s ]
INFO: [ app_begin ] --END-- [ RunTime:0.003000s ]
INFO: [ admin_begin ] --START--
INFO: Run Common\Behavior\AdminDefaultLangBehavior [ RunTime:0.002000s ]
INFO: [ admin_begin ] --END-- [ RunTime:0.002000s ]
SQL: SHOW COLUMNS FROM `ys_users` [ RunTime:0.0010s ]
SQL: SELECT * FROM `ys_users` WHERE `id` = 1 LIMIT 1   [ RunTime:0.0000s ]
INFO: [ app_end ] --START--
INFO: Run Behavior\ShowPageTraceBehavior [ RunTime:0.001000s ]
INFO: [ app_end ] --END-- [ RunTime:0.001000s ]

[ 2017-05-31T15:33:38+08:00 ] 127.0.0.1 /index.php?g=Yuesao&m=Yuesao&a=add_post
INFO: [ app_begin ] --START--
INFO: Run Behavior\ReadHtmlCacheBehavior [ RunTime:0.001000s ]
INFO: Run Behavior\CheckLangBehavior [ RunTime:0.004001s ]
INFO: Run Common\Behavior\UrldecodeGetBehavior [ RunTime:0.001000s ]
INFO: [ app_begin ] --END-- [ RunTime:0.006001s ]
INFO: [ admin_begin ] --START--
INFO: Run Common\Behavior\AdminDefaultLangBehavior [ RunTime:0.002000s ]
INFO: [ admin_begin ] --END-- [ RunTime:0.002000s ]
SQL: SHOW COLUMNS FROM `ys_users` [ RunTime:0.0010s ]
SQL: SELECT * FROM `ys_users` WHERE `id` = 1 LIMIT 1   [ RunTime:0.0010s ]
INFO: [ app_end ] --START--
INFO: Run Behavior\ShowPageTraceBehavior [ RunTime:0.002000s ]
INFO: [ app_end ] --END-- [ RunTime:0.002000s ]

[ 2017-05-31T15:34:04+08:00 ] 127.0.0.1 /index.php?g=Yuesao&m=Yuesao&a=add_post
INFO: [ app_begin ] --START--
INFO: Run Behavior\ReadHtmlCacheBehavior [ RunTime:0.001000s ]
INFO: Run Behavior\CheckLangBehavior [ RunTime:0.002000s ]
INFO: Run Common\Behavior\UrldecodeGetBehavior [ RunTime:0.000000s ]
INFO: [ app_begin ] --END-- [ RunTime:0.003000s ]
INFO: [ admin_begin ] --START--
INFO: Run Common\Behavior\AdminDefaultLangBehavior [ RunTime:0.002000s ]
INFO: [ admin_begin ] --END-- [ RunTime:0.003000s ]
SQL: SHOW COLUMNS FROM `ys_users` [ RunTime:0.0010s ]
SQL: SELECT * FROM `ys_users` WHERE `id` = 1 LIMIT 1   [ RunTime:0.0010s ]
INFO: [ app_end ] --START--
INFO: Run Behavior\ShowPageTraceBehavior [ RunTime:0.001000s ]
INFO: [ app_end ] --END-- [ RunTime:0.001000s ]

[ 2017-05-31T15:36:31+08:00 ] 127.0.0.1 /index.php?g=Yuesao&m=Yuesao&a=add_post
INFO: [ app_begin ] --START--
INFO: Run Behavior\ReadHtmlCacheBehavior [ RunTime:0.000000s ]
INFO: Run Behavior\CheckLangBehavior [ RunTime:0.001000s ]
INFO: Run Common\Behavior\UrldecodeGetBehavior [ RunTime:0.001000s ]
INFO: [ app_begin ] --END-- [ RunTime:0.004000s ]
INFO: [ admin_begin ] --START--
INFO: Run Common\Behavior\AdminDefaultLangBehavior [ RunTime:0.002000s ]
INFO: [ admin_begin ] --END-- [ RunTime:0.002000s ]
SQL: SHOW COLUMNS FROM `ys_users` [ RunTime:0.0020s ]
SQL: SELECT * FROM `ys_users` WHERE `id` = 1 LIMIT 1   [ RunTime:0.0010s ]
INFO: [ app_end ] --START--
INFO: Run Behavior\ShowPageTraceBehavior [ RunTime:0.001000s ]
INFO: [ app_end ] --END-- [ RunTime:0.001000s ]

[ 2017-05-31T15:36:42+08:00 ] 127.0.0.1 /index.php?g=Yuesao&m=Yuesao&a=add_post
INFO: [ app_begin ] --START--
INFO: Run Behavior\ReadHtmlCacheBehavior [ RunTime:0.001000s ]
INFO: Run Behavior\CheckLangBehavior [ RunTime:0.001001s ]
INFO: Run Common\Behavior\UrldecodeGetBehavior [ RunTime:0.001000s ]
INFO: [ app_begin ] --END-- [ RunTime:0.005001s ]
INFO: [ admin_begin ] --START--
INFO: Run Common\Behavior\AdminDefaultLangBehavior [ RunTime:0.010000s ]
INFO: [ admin_begin ] --END-- [ RunTime:0.011000s ]
SQL: SHOW COLUMNS FROM `ys_users` [ RunTime:0.0010s ]
SQL: SELECT * FROM `ys_users` WHERE `id` = 1 LIMIT 1   [ RunTime:0.0010s ]
INFO: [ app_end ] --START--
INFO: Run Behavior\ShowPageTraceBehavior [ RunTime:0.001000s ]
INFO: [ app_end ] --END-- [ RunTime:0.001000s ]

[ 2017-05-31T15:36:47+08:00 ] 127.0.0.1 /index.php?g=Yuesao&m=Yuesao&a=add_post
INFO: [ app_begin ] --START--
INFO: Run Behavior\ReadHtmlCacheBehavior [ RunTime:0.000000s ]
INFO: Run Behavior\CheckLangBehavior [ RunTime:0.003001s ]
INFO: Run Common\Behavior\UrldecodeGetBehavior [ RunTime:0.001000s ]
INFO: [ app_begin ] --END-- [ RunTime:0.005001s ]
INFO: [ admin_begin ] --START--
INFO: Run Common\Behavior\AdminDefaultLangBehavior [ RunTime:0.002000s ]
INFO: [ admin_begin ] --END-- [ RunTime:0.002000s ]
SQL: SHOW COLUMNS FROM `ys_users` [ RunTime:0.0010s ]
SQL: SELECT * FROM `ys_users` WHERE `id` = 1 LIMIT 1   [ RunTime:0.0000s ]
INFO: [ app_end ] --START--
INFO: Run Behavior\ShowPageTraceBehavior [ RunTime:0.002000s ]
INFO: [ app_end ] --END-- [ RunTime:0.002000s ]

[ 2017-05-31T15:56:51+08:00 ] 127.0.0.1 /index.php?g=Yuesao&m=Yuesao&a=add_post
ERR: 1292:Incorrect date value: '' for column 'birth' at row 1
 [ SQL语句 ] : INSERT INTO `ys_yuesao` (`ys_name`,`birth`,`mobile`,`QQ`,`wechat`,`price`,`experience`,`certificate`,`introduce`,`features`) VALUES ('','','','','','','','','','')

[ 2017-05-31T15:57:21+08:00 ] 127.0.0.1 /index.php?g=Yuesao&m=Yuesao&a=add_post
ERR: 1292:Incorrect date value: '' for column 'birth' at row 1
 [ SQL语句 ] : INSERT INTO `ys_yuesao` (`ys_name`,`birth`,`mobile`,`QQ`,`wechat`,`price`,`experience`,`certificate`,`introduce`,`features`) VALUES ('qwda','','','','','','','','','')

[ 2017-05-31T15:57:49+08:00 ] 127.0.0.1 /index.php?g=Yuesao&m=Yuesao&a=add_post
ERR: 1366:Incorrect decimal value: '' for column 'price' at row 1
 [ SQL语句 ] : INSERT INTO `ys_yuesao` (`ys_name`,`birth`,`mobile`,`QQ`,`wechat`,`price`,`experience`,`certificate`,`introduce`,`features`) VALUES ('123','2017-05-26 15:57','121','121','','','','','','')

[ 2017-05-31T15:58:57+08:00 ] 127.0.0.1 /index.php?g=Yuesao&m=AdminPost&a=index
ERR: 无法加载控制器:AdminPost

[ 2017-05-31T15:59:55+08:00 ] 127.0.0.1 /index.php?g=Yuesao&m=AdminPost&a=index
ERR: 无法加载控制器:AdminPost

[ 2017-05-31T16:00:00+08:00 ] 127.0.0.1 /index.php?g=Yuesao&m=Yuesao&a=add_post
ERR: 1292:Incorrect date value: '' for column 'birth' at row 1
 [ SQL语句 ] : INSERT INTO `ys_yuesao` (`ys_name`,`birth`,`mobile`,`QQ`,`wechat`,`price`,`experience`,`certificate`,`introduce`,`features`) VALUES ('','','','','','','','','','')

[ 2017-05-31T16:31:38+08:00 ] 127.0.0.1 /index.php?g=Yuesao&m=Yuesao&a=add_post
ERR: 1366:Incorrect decimal value: '' for column 'price' at row 1
 [ SQL语句 ] : INSERT INTO `ys_yuesao` (`ys_name`,`birth`,`mobile`,`QQ`,`wechat`,`price`,`experience`,`certificate`,`ys_address`,`skill`,`introduce`,`features`) VALUES ('asd','2017-05-04','asdad','asda','sdasd','','','','','','','')

[ 2017-05-31T16:44:16+08:00 ] 127.0.0.1 /index.php?g=Yuesao&m=Yuesao&a=add_post
ERR: 1366:Incorrect decimal value: '' for column 'price' at row 1
 [ SQL语句 ] : INSERT INTO `ys_yuesao` (`ys_name`,`birth`,`mobile`,`qq`,`wechat`,`price`,`experience`,`certificate`,`ys_address`,`skill`,`introduce`,`features`) VALUES ('','2017-05-17','','','','','','','','','','')

[ 2017-05-31T16:47:56+08:00 ] 127.0.0.1 /index.php?g=Yuesao&m=Yuesao&a=add_post
ERR: 1366:Incorrect decimal value: '' for column 'price' at row 1
 [ SQL语句 ] : INSERT INTO `ys_yuesao` (`ys_name`,`birth`,`mobile`,`qq`,`wechat`,`price`,`experience`,`certificate`,`ys_address`,`skill`,`introduce`,`features`,`age`) VALUES ('rf','1972-09-25','','','','','','','','','','','45')

[ 2017-05-31T16:48:08+08:00 ] 127.0.0.1 /index.php?g=Yuesao&m=Yuesao&a=add_post
ERR: 1366:Incorrect decimal value: '' for column 'price' at row 1
 [ SQL语句 ] : INSERT INTO `ys_yuesao` (`ys_name`,`birth`,`mobile`,`qq`,`wechat`,`price`,`experience`,`certificate`,`ys_address`,`skill`,`introduce`,`features`,`age`) VALUES ('rf','1972-09-25','','asd','','','','','','','','','45')

[ 2017-05-31T16:58:59+08:00 ] 127.0.0.1 /index.php?g=Yuesao&m=Yuesao&a=add_post
ERR: 1292:Incorrect date value: '' for column 'birth' at row 1
 [ SQL语句 ] : INSERT INTO `ys_yuesao` (`ys_name`,`birth`,`mobile`,`qq`,`wechat`,`price`,`experience`,`certificate`,`ys_address`,`skill`,`introduce`,`features`,`avatar`,`age`) VALUES ('','','','','','','','','','','','','default/20170531/592e85cf40e97.jpg','48')

[ 2017-05-31T17:16:33+08:00 ] 127.0.0.1 /index.php?g=Yuesao&m=Yuesao&a=delete&ys_id=12
INFO: [ app_begin ] --START--
INFO: Run Behavior\ReadHtmlCacheBehavior [ RunTime:0.001000s ]
INFO: Run Behavior\CheckLangBehavior [ RunTime:0.002000s ]
INFO: Run Common\Behavior\UrldecodeGetBehavior [ RunTime:0.001000s ]
INFO: [ app_begin ] --END-- [ RunTime:0.004000s ]
INFO: [ admin_begin ] --START--
INFO: Run Common\Behavior\AdminDefaultLangBehavior [ RunTime:0.002000s ]
INFO: [ admin_begin ] --END-- [ RunTime:0.002000s ]
SQL: SHOW COLUMNS FROM `ys_users` [ RunTime:0.0010s ]
SQL: SELECT * FROM `ys_users` WHERE `id` = 1 LIMIT 1   [ RunTime:0.0000s ]

[ 2017-05-31T17:22:05+08:00 ] 127.0.0.1 /index.php?g=Yuesao&m=Yuesao&a=delete&ys_id=11
INFO: [ app_begin ] --START--
INFO: Run Behavior\ReadHtmlCacheBehavior [ RunTime:0.001000s ]
INFO: Run Behavior\CheckLangBehavior [ RunTime:0.002000s ]
INFO: Run Common\Behavior\UrldecodeGetBehavior [ RunTime:0.001001s ]
INFO: [ app_begin ] --END-- [ RunTime:0.005001s ]
INFO: [ admin_begin ] --START--
INFO: Run Common\Behavior\AdminDefaultLangBehavior [ RunTime:0.002000s ]
INFO: [ admin_begin ] --END-- [ RunTime:0.002000s ]
SQL: SHOW COLUMNS FROM `ys_users` [ RunTime:0.0010s ]
SQL: SELECT * FROM `ys_users` WHERE `id` = 1 LIMIT 1   [ RunTime:0.0000s ]
SQL: SHOW COLUMNS FROM `ys_yuesao` [ RunTime:0.0020s ]
SQL: UPDATE `ys_yuesao` SET `is_del`='0' WHERE `ys_id` = 11 [ RunTime:0.0010s ]

[ 2017-05-31T17:22:08+08:00 ] 127.0.0.1 /index.php?g=Yuesao&m=Yuesao&a=delete&ys_id=12
INFO: [ app_begin ] --START--
INFO: Run Behavior\ReadHtmlCacheBehavior [ RunTime:0.001000s ]
INFO: Run Behavior\CheckLangBehavior [ RunTime:0.005000s ]
INFO: Run Common\Behavior\UrldecodeGetBehavior [ RunTime:0.000000s ]
INFO: [ app_begin ] --END-- [ RunTime:0.007000s ]
INFO: [ admin_begin ] --START--
INFO: Run Common\Behavior\AdminDefaultLangBehavior [ RunTime:0.002000s ]
INFO: [ admin_begin ] --END-- [ RunTime:0.002000s ]
SQL: SHOW COLUMNS FROM `ys_users` [ RunTime:0.0010s ]
SQL: SELECT * FROM `ys_users` WHERE `id` = 1 LIMIT 1   [ RunTime:0.0000s ]
SQL: SHOW COLUMNS FROM `ys_yuesao` [ RunTime:0.0010s ]
SQL: UPDATE `ys_yuesao` SET `is_del`='0' WHERE `ys_id` = 12 [ RunTime:0.0010s ]

[ 2017-05-31T17:25:11+08:00 ] 127.0.0.1 /index.php?g=Yuesao&m=Yuesao&a=delete
INFO: [ app_begin ] --START--
INFO: Run Behavior\ReadHtmlCacheBehavior [ RunTime:0.002000s ]
INFO: Run Behavior\CheckLangBehavior [ RunTime:0.004000s ]
INFO: Run Common\Behavior\UrldecodeGetBehavior [ RunTime:0.001000s ]
INFO: [ app_begin ] --END-- [ RunTime:0.008000s ]
INFO: [ admin_begin ] --START--
INFO: Run Common\Behavior\AdminDefaultLangBehavior [ RunTime:0.003000s ]
INFO: [ admin_begin ] --END-- [ RunTime:0.003000s ]
SQL: SHOW COLUMNS FROM `ys_users` [ RunTime:0.0010s ]
SQL: SELECT * FROM `ys_users` WHERE `id` = 1 LIMIT 1   [ RunTime:0.0000s ]
SQL: SHOW COLUMNS FROM `ys_yuesao` [ RunTime:0.0010s ]
SQL: UPDATE `ys_yuesao` SET `is_del`='0' WHERE `ys_id` IN ('9','10') [ RunTime:0.0020s ]

[ 2017-05-31T17:28:05+08:00 ] 127.0.0.1 /index.php?g=Yuesao&m=AdminPost&a=index
ERR: 无法加载控制器:AdminPost

[ 2017-05-31T17:40:01+08:00 ] 127.0.0.1 /index.php?g=Yuesao&m=AdminPost&a=index
ERR: 无法加载控制器:AdminPost

[ 2017-05-31T17:57:36+08:00 ] 127.0.0.1 /index.php?g=Yuesao&m=Yuesao&a=edit_post
ERR: 1064:You have an error in your SQL syntax; check the manual that corresponds to your MySQL server version for the right syntax to use near ')' at line 1
 [ SQL语句 ] : UPDATE `ys_yuesao` SET `ys_id`='8',`ys_name`='sada',`birth`='2017-05-15',`mobile`='31313',`qq`='12312',`wechat`='123',`price`='12312.00',`experience`='',`certificate`='1231',`ys_address`='1321',`skill`='',`introduce`='',`features`='',`avatar`='',`is_del`='1',`age`='1' WHERE ( ys_id= )

[ 2017-05-31T18:03:08+08:00 ] 127.0.0.1 /index.php?g=Yuesao&m=Yuesao&a=add_post
ERR: 1292:Incorrect date value: '' for column 'birth' at row 1
 [ SQL语句 ] : INSERT INTO `ys_yuesao` (`ys_name`,`birth`,`mobile`,`qq`,`wechat`,`price`,`experience`,`certificate`,`ys_address`,`skill`,`introduce`,`features`,`avatar`,`is_del`,`age`) VALUES ('','','','','','','','','','','','','','1','48')

[ 2017-05-31T19:30:45+08:00 ] 127.0.0.1 /index.php?g=Yuesao&m=Yuesao&a=add_post
ERR: 1054:Unknown column 'ys_birth' in 'where clause'
 [ SQL语句 ] : SELECT * FROM `ys_yuesao` WHERE ( ys_name=1231231 AND ys_birth=2017-05-04 ) LIMIT 1  

[ 2017-05-31T19:31:30+08:00 ] 127.0.0.1 /index.php?g=Yuesao&m=Yuesao&a=add_post
ERR: 1054:Unknown column 'rtdr' in 'where clause'
 [ SQL语句 ] : SELECT * FROM `ys_yuesao` WHERE ( ys_name=rtdr AND ys_birth='2017-05-25' ) LIMIT 1  

[ 2017-05-31T19:32:27+08:00 ] 127.0.0.1 /index.php?g=Yuesao&m=Yuesao&a=add_post
ERR: 1054:Unknown column 'ys_birth' in 'where clause'
 [ SQL语句 ] : SELECT * FROM `ys_yuesao` WHERE ( ys_name='hj' AND ys_birth='2017-05-26' ) LIMIT 1  

